ansible-playbook [core 2.15.3]
  config file = /home/kgluza/Manufacturo/ansible-for-semaphore/ansible.cfg
  configured module search path = ['/home/kgluza/.ansible/plugins/modules', '/usr/share/ansible/plugins/modules']
  ansible python module location = /home/kgluza/.local/pipx/venvs/ansible/lib/python3.10/site-packages/ansible
  ansible collection location = /home/kgluza/.ansible/collections:/usr/share/ansible/collections
  executable location = /home/kgluza/.local/bin/ansible-playbook
  python version = 3.10.12 (main, Jul 29 2024, 16:56:48) [GCC 11.4.0] (/home/kgluza/.local/pipx/venvs/ansible/bin/python)
  jinja version = 3.1.2
  libyaml = True
Using /home/kgluza/Manufacturo/ansible-for-semaphore/ansible.cfg as config file
host_list declined parsing /home/kgluza/Manufacturo/ansible-for-semaphore/inventory/hosts.ini as it did not pass its verify_file() method
script declined parsing /home/kgluza/Manufacturo/ansible-for-semaphore/inventory/hosts.ini as it did not pass its verify_file() method
auto declined parsing /home/kgluza/Manufacturo/ansible-for-semaphore/inventory/hosts.ini as it did not pass its verify_file() method
yaml declined parsing /home/kgluza/Manufacturo/ansible-for-semaphore/inventory/hosts.ini as it did not pass its verify_file() method
Parsed /home/kgluza/Manufacturo/ansible-for-semaphore/inventory/hosts.ini inventory source with ini plugin
Skipping callback 'default', as we already have a stdout callback.
Skipping callback 'minimal', as we already have a stdout callback.
Skipping callback 'oneline', as we already have a stdout callback.
1 plays in /home/kgluza/Manufacturo/ansible-for-semaphore/playbooks/self_service_refresh.yaml
<localhost> ESTABLISH LOCAL CONNECTION FOR USER: kgluza
<localhost> EXEC /bin/sh -c 'echo ~kgluza && sleep 0'
<localhost> EXEC /bin/sh -c '( umask 77 && mkdir -p "` echo /home/kgluza/.ansible/tmp `"&& mkdir "` echo /home/kgluza/.ansible/tmp/ansible-tmp-1758204284.5517488-23903-162705274739771 `" && echo ansible-tmp-1758204284.5517488-23903-162705274739771="` echo /home/kgluza/.ansible/tmp/ansible-tmp-1758204284.5517488-23903-162705274739771 `" ) && sleep 0'
Using module file /home/kgluza/.local/pipx/venvs/ansible/lib/python3.10/site-packages/ansible/modules/setup.py
<localhost> PUT /home/kgluza/.ansible/tmp/ansible-local-23898ksyslya7/tmprxfbbps_ TO /home/kgluza/.ansible/tmp/ansible-tmp-1758204284.5517488-23903-162705274739771/AnsiballZ_setup.py
<localhost> EXEC /bin/sh -c 'chmod u+x /home/kgluza/.ansible/tmp/ansible-tmp-1758204284.5517488-23903-162705274739771/ /home/kgluza/.ansible/tmp/ansible-tmp-1758204284.5517488-23903-162705274739771/AnsiballZ_setup.py && sleep 0'
<localhost> EXEC /bin/sh -c 'AZURE_CONFIG_DIR=/home/semaphore/.azure python3 /home/kgluza/.ansible/tmp/ansible-tmp-1758204284.5517488-23903-162705274739771/AnsiballZ_setup.py && sleep 0'
<localhost> EXEC /bin/sh -c 'rm -f -r /home/kgluza/.ansible/tmp/ansible-tmp-1758204284.5517488-23903-162705274739771/ > /dev/null 2>&1 && sleep 0'
[1m# Gathering Facts *********************************************************************************************************[0m
  * [1m[34mlocalhost[0m                  - [0;32mchanged=False[0m -- [0;32m[0m --------------------------------------------
[1m# Validate required parameters ********************************************************************************************[0m
  * [1m[34mlocalhost[0m                  - [0;32mchanged=False[0m -- [0;32mAll assertions passed[0m -----------------------
[1m# Display playbook information ********************************************************************************************[0m
  * [1m[34mlocalhost[0m                  - [0;32mchanged=False[0m --------------------------------------------------
    [0;32m🚀 Self-Service Data Refresh Playbook
    ====================================
    
    📊 Environment Configuration:
    • Source: qa2 (services)
    • Destination: dev (client1)
    • Cloud: AzureUSGovernment
    • Customer: qa2-services
    
    ⚙️ Operation Settings:
    • Operation: full
    • Dry Run: True
    • Max Wait: 30 minutes
    
    🎯 Step Control:
    • Skip Restore: False
    • Skip Stop Environment: False
    • Skip Copy Attachments: False
    • Skip Copy Database: False
    • Skip Adjust Resources: False
    • Skip Start Environment: False
    • Skip Cleanup: False
    • Skip Permissions: False
    [0m
[1m# Confirm operation in production *****************************************************************************************[0m
  * [1m[34mlocalhost[0m                  - [0;36mskipped[0m -- Conditional result was False ---------------------------------
[1m# Abort if not confirmed **************************************************************************************************[0m
  * [1m[34mlocalhost[0m                  - [0;36mskipped[0m -- Conditional result was False ---------------------------------
[1m# Execute self-service refresh ********************************************************************************************[0m
  * [1m[34mlocalhost[0m                  - [0;32mchanged=False[0m -- [0;32m[0m --------------------------------------------
[1m# self_service_refresh : Validate required parameters *********************************************************************[0m
  * [1m[34mlocalhost[0m                  - [0;32mchanged=False[0m -- [0;32mAll assertions passed[0m -----------------------
[1m# self_service_refresh : Set working variables from parameters ************************************************************[0m
  * [1m[34mlocalhost[0m                  - [0;32mchanged=False[0m -- [0;32m[0m --------------------------------------------
[1m# self_service_refresh : Display operation summary ************************************************************************[0m
  * [1m[34mlocalhost[0m                  - [0;32mchanged=False[0m --------------------------------------------------
    [0;32m🔄 Self-Service Data Refresh Operation
    =====================================
    Source: qa2 (services)
    Destination: dev (client1)
    Customer Alias: qa2-services
    Cloud: AzureUSGovernment
    Dry Run: true
    Max Wait: 30 minutes
    [0m
[1m# self_service_refresh : Execute specific operation ***********************************************************************[0m
  * [1m[34mlocalhost[0m                  - [0;36mskipped[0m -- Conditional result was False ---------------------------------
[1m# self_service_refresh : Execute orchestrated PowerShell workflow *********************************************************[0m
  * [1m[34mlocalhost[0m                  - [0;36mskipped[0m -- Conditional result was False ---------------------------------
[1m# self_service_refresh : Execute full Ansible workflow ********************************************************************[0m
  * [1m[34mlocalhost[0m                  - [0;32mchanged=False[0m -- [0;32m[0m --------------------------------------------
[1m# self_service_refresh : Step 1 - Create restore point in time ************************************************************[0m
  * [1m[34mlocalhost[0m                  - [0;32mchanged=False[0m -- [0;32m[0m --------------------------------------------
[1m# self_service_refresh : Set start time ***********************************************************************************[0m
  * [1m[34mlocalhost[0m                  - [0;32mchanged=False[0m -- [0;32m[0m --------------------------------------------
[1m# self_service_refresh : Set default restore datetime and timezone ********************************************************[0m
  * [1m[34mlocalhost[0m                  - [0;32mchanged=False[0m -- [0;32m[0m --------------------------------------------
[1m# self_service_refresh : Display restore point information ****************************************************************[0m
  * [1m[34mlocalhost[0m                  - [0;32mchanged=False[0m --------------------------------------------------
    [0;32m🕒 Creating Restore Point
    ========================
    Source Environment: qa2 (services)
    Restore DateTime: 
    Timezone: CEST
    Dry Run: true
    [0m
<localhost> ESTABLISH LOCAL CONNECTION FOR USER: kgluza
<localhost> EXEC /bin/sh -c 'echo ~kgluza && sleep 0'
<localhost> EXEC /bin/sh -c '( umask 77 && mkdir -p "` echo /home/kgluza/.ansible/tmp `"&& mkdir "` echo /home/kgluza/.ansible/tmp/ansible-tmp-1758204288.0386894-24036-49582303719493 `" && echo ansible-tmp-1758204288.0386894-24036-49582303719493="` echo /home/kgluza/.ansible/tmp/ansible-tmp-1758204288.0386894-24036-49582303719493 `" ) && sleep 0'
Using module file /home/kgluza/.local/pipx/venvs/ansible/lib/python3.10/site-packages/ansible/modules/command.py
<localhost> PUT /home/kgluza/.ansible/tmp/ansible-local-23898ksyslya7/tmprzv8718q TO /home/kgluza/.ansible/tmp/ansible-tmp-1758204288.0386894-24036-49582303719493/AnsiballZ_command.py
<localhost> EXEC /bin/sh -c 'chmod u+x /home/kgluza/.ansible/tmp/ansible-tmp-1758204288.0386894-24036-49582303719493/ /home/kgluza/.ansible/tmp/ansible-tmp-1758204288.0386894-24036-49582303719493/AnsiballZ_command.py && sleep 0'
<localhost> EXEC /bin/sh -c 'AZURE_CONFIG_DIR=/home/semaphore/.azure python3 /home/kgluza/.ansible/tmp/ansible-tmp-1758204288.0386894-24036-49582303719493/AnsiballZ_command.py && sleep 0'
<localhost> EXEC /bin/sh -c 'rm -f -r /home/kgluza/.ansible/tmp/ansible-tmp-1758204288.0386894-24036-49582303719493/ > /dev/null 2>&1 && sleep 0'
[1m# self_service_refresh : Check if PowerShell is available *****************************************************************[0m
  * [1m[34mlocalhost[0m                  - [0;32mchanged=False[0m -- [0;32m[0m --------------------------------------------
[1m# self_service_refresh : Check if PowerShell Core is available ************************************************************[0m
  * [1m[34mlocalhost[0m                  - [0;36mskipped[0m -- Conditional result was False ---------------------------------
<localhost> ESTABLISH LOCAL CONNECTION FOR USER: kgluza
<localhost> EXEC /bin/sh -c 'echo ~kgluza && sleep 0'
<localhost> EXEC /bin/sh -c '( umask 77 && mkdir -p "` echo /home/kgluza/.ansible/tmp `"&& mkdir "` echo /home/kgluza/.ansible/tmp/ansible-tmp-1758204288.2327766-24065-160962838751461 `" && echo ansible-tmp-1758204288.2327766-24065-160962838751461="` echo /home/kgluza/.ansible/tmp/ansible-tmp-1758204288.2327766-24065-160962838751461 `" ) && sleep 0'
Using module file /home/kgluza/.local/pipx/venvs/ansible/lib/python3.10/site-packages/ansible/modules/command.py
<localhost> PUT /home/kgluza/.ansible/tmp/ansible-local-23898ksyslya7/tmpp5waqyqh TO /home/kgluza/.ansible/tmp/ansible-tmp-1758204288.2327766-24065-160962838751461/AnsiballZ_command.py
<localhost> EXEC /bin/sh -c 'chmod u+x /home/kgluza/.ansible/tmp/ansible-tmp-1758204288.2327766-24065-160962838751461/ /home/kgluza/.ansible/tmp/ansible-tmp-1758204288.2327766-24065-160962838751461/AnsiballZ_command.py && sleep 0'
<localhost> EXEC /bin/sh -c 'AZURE_CONFIG_DIR=/home/semaphore/.azure python3 /home/kgluza/.ansible/tmp/ansible-tmp-1758204288.2327766-24065-160962838751461/AnsiballZ_command.py && sleep 0'
<localhost> EXEC /bin/sh -c 'rm -f -r /home/kgluza/.ansible/tmp/ansible-tmp-1758204288.2327766-24065-160962838751461/ > /dev/null 2>&1 && sleep 0'
[1m# self_service_refresh : Execute restore point script (if PowerShell available) *******************************************[0m
  * [1m[34mlocalhost[0m                  - [0;32mchanged=False[0m -- [0;32mnon-zero return code[0m ------------------------
[1m# self_service_refresh : Display PowerShell not available warning *********************************************************[0m
  * [1m[34mlocalhost[0m                  - [0;36mskipped[0m -- Conditional result was False ---------------------------------
[1m# self_service_refresh : Display restore point result *********************************************************************[0m
  * [1m[34mlocalhost[0m                  - [0;32mchanged=False[0m -- [0;32m[0m --------------------------------------------
[1m# self_service_refresh : Step 2 - Stop destination environment ************************************************************[0m
  * [1m[34mlocalhost[0m                  - [0;32mchanged=False[0m -- [0;32m[0m --------------------------------------------
[1m# self_service_refresh : Display environment stop information *************************************************************[0m
  * [1m[34mlocalhost[0m                  - [0;32mchanged=False[0m --------------------------------------------------
    [0;32m🛑 Stopping Environment
    =======================
    Environment: dev (client1)
    Dry Run: true
    [0m
<localhost> ESTABLISH LOCAL CONNECTION FOR USER: kgluza
<localhost> EXEC /bin/sh -c 'echo ~kgluza && sleep 0'
<localhost> EXEC /bin/sh -c '( umask 77 && mkdir -p "` echo /home/kgluza/.ansible/tmp `"&& mkdir "` echo /home/kgluza/.ansible/tmp/ansible-tmp-1758204289.6295984-24122-12816646912059 `" && echo ansible-tmp-1758204289.6295984-24122-12816646912059="` echo /home/kgluza/.ansible/tmp/ansible-tmp-1758204289.6295984-24122-12816646912059 `" ) && sleep 0'
Using module file /home/kgluza/.local/pipx/venvs/ansible/lib/python3.10/site-packages/ansible/modules/stat.py
<localhost> PUT /home/kgluza/.ansible/tmp/ansible-local-23898ksyslya7/tmp7fs99h9t TO /home/kgluza/.ansible/tmp/ansible-tmp-1758204289.6295984-24122-12816646912059/AnsiballZ_stat.py
<localhost> EXEC /bin/sh -c 'chmod u+x /home/kgluza/.ansible/tmp/ansible-tmp-1758204289.6295984-24122-12816646912059/ /home/kgluza/.ansible/tmp/ansible-tmp-1758204289.6295984-24122-12816646912059/AnsiballZ_stat.py && sleep 0'
<localhost> EXEC /bin/sh -c 'AZURE_CONFIG_DIR=/home/semaphore/.azure python3 /home/kgluza/.ansible/tmp/ansible-tmp-1758204289.6295984-24122-12816646912059/AnsiballZ_stat.py && sleep 0'
<localhost> EXEC /bin/sh -c 'rm -f -r /home/kgluza/.ansible/tmp/ansible-tmp-1758204289.6295984-24122-12816646912059/ > /dev/null 2>&1 && sleep 0'
[1m# self_service_refresh : Check if stop environment script exists **********************************************************[0m
  * [1m[34mlocalhost[0m                  - [0;32mchanged=False[0m -- [0;32m[0m --------------------------------------------
<localhost> ESTABLISH LOCAL CONNECTION FOR USER: kgluza
<localhost> EXEC /bin/sh -c 'echo ~kgluza && sleep 0'
<localhost> EXEC /bin/sh -c '( umask 77 && mkdir -p "` echo /home/kgluza/.ansible/tmp `"&& mkdir "` echo /home/kgluza/.ansible/tmp/ansible-tmp-1758204289.7919242-24150-259259382290622 `" && echo ansible-tmp-1758204289.7919242-24150-259259382290622="` echo /home/kgluza/.ansible/tmp/ansible-tmp-1758204289.7919242-24150-259259382290622 `" ) && sleep 0'
Using module file /home/kgluza/.local/pipx/venvs/ansible/lib/python3.10/site-packages/ansible/modules/command.py
<localhost> PUT /home/kgluza/.ansible/tmp/ansible-local-23898ksyslya7/tmpkwd9dzap TO /home/kgluza/.ansible/tmp/ansible-tmp-1758204289.7919242-24150-259259382290622/AnsiballZ_command.py
<localhost> EXEC /bin/sh -c 'chmod u+x /home/kgluza/.ansible/tmp/ansible-tmp-1758204289.7919242-24150-259259382290622/ /home/kgluza/.ansible/tmp/ansible-tmp-1758204289.7919242-24150-259259382290622/AnsiballZ_command.py && sleep 0'
<localhost> EXEC /bin/sh -c 'AZURE_CONFIG_DIR=/home/semaphore/.azure python3 /home/kgluza/.ansible/tmp/ansible-tmp-1758204289.7919242-24150-259259382290622/AnsiballZ_command.py && sleep 0'
<localhost> EXEC /bin/sh -c 'rm -f -r /home/kgluza/.ansible/tmp/ansible-tmp-1758204289.7919242-24150-259259382290622/ > /dev/null 2>&1 && sleep 0'
[1m# self_service_refresh : Check if PowerShell is available *****************************************************************[0m
  * [1m[34mlocalhost[0m                  - [0;32mchanged=False[0m -- [0;32m[0m --------------------------------------------
<localhost> ESTABLISH LOCAL CONNECTION FOR USER: kgluza
<localhost> EXEC /bin/sh -c 'echo ~kgluza && sleep 0'
<localhost> EXEC /bin/sh -c '( umask 77 && mkdir -p "` echo /home/kgluza/.ansible/tmp `"&& mkdir "` echo /home/kgluza/.ansible/tmp/ansible-tmp-1758204289.9125166-24177-147219212290169 `" && echo ansible-tmp-1758204289.9125166-24177-147219212290169="` echo /home/kgluza/.ansible/tmp/ansible-tmp-1758204289.9125166-24177-147219212290169 `" ) && sleep 0'
Using module file /home/kgluza/.local/pipx/venvs/ansible/lib/python3.10/site-packages/ansible/modules/command.py
<localhost> PUT /home/kgluza/.ansible/tmp/ansible-local-23898ksyslya7/tmpbja0bwt1 TO /home/kgluza/.ansible/tmp/ansible-tmp-1758204289.9125166-24177-147219212290169/AnsiballZ_command.py
<localhost> EXEC /bin/sh -c 'chmod u+x /home/kgluza/.ansible/tmp/ansible-tmp-1758204289.9125166-24177-147219212290169/ /home/kgluza/.ansible/tmp/ansible-tmp-1758204289.9125166-24177-147219212290169/AnsiballZ_command.py && sleep 0'
<localhost> EXEC /bin/sh -c 'AZURE_CONFIG_DIR=/home/semaphore/.azure python3 /home/kgluza/.ansible/tmp/ansible-tmp-1758204289.9125166-24177-147219212290169/AnsiballZ_command.py && sleep 0'
<localhost> EXEC /bin/sh -c 'rm -f -r /home/kgluza/.ansible/tmp/ansible-tmp-1758204289.9125166-24177-147219212290169/ > /dev/null 2>&1 && sleep 0'
[1m# self_service_refresh : Execute stop environment script (if PowerShell available) ****************************************[0m
  * [1m[34mlocalhost[0m                  - [0;32mchanged=False[0m -- [0;32m[0m --------------------------------------------
[1m# Use Azure Kubernetes role as fallback ***********************************************************************************[0m
  * [1m[34mlocalhost[0m                  - [0;36mskipped[0m -- Conditional result was False ---------------------------------
[1m# self_service_refresh : Display stop environment result ******************************************************************[0m
  * [1m[34mlocalhost[0m                  - [0;32mchanged=False[0m -- [0;32m[0m --------------------------------------------
[1m# self_service_refresh : Step 3 - Copy attachments ************************************************************************[0m
  * [1m[34mlocalhost[0m                  - [0;32mchanged=False[0m -- [0;32m[0m --------------------------------------------
[1m# self_service_refresh : Display attachments copy information *************************************************************[0m
  * [1m[34mlocalhost[0m                  - [0;32mchanged=False[0m --------------------------------------------------
    [0;32m📎 Copying Attachments
    =====================
    Source: qa2 (services)
    Destination: dev (client1)
    Dry Run: true
    [0m
<localhost> ESTABLISH LOCAL CONNECTION FOR USER: kgluza
<localhost> EXEC /bin/sh -c 'echo ~kgluza && sleep 0'
<localhost> EXEC /bin/sh -c '( umask 77 && mkdir -p "` echo /home/kgluza/.ansible/tmp `"&& mkdir "` echo /home/kgluza/.ansible/tmp/ansible-tmp-1758204290.8862243-24241-268541256576009 `" && echo ansible-tmp-1758204290.8862243-24241-268541256576009="` echo /home/kgluza/.ansible/tmp/ansible-tmp-1758204290.8862243-24241-268541256576009 `" ) && sleep 0'
Using module file /home/kgluza/.local/pipx/venvs/ansible/lib/python3.10/site-packages/ansible/modules/stat.py
<localhost> PUT /home/kgluza/.ansible/tmp/ansible-local-23898ksyslya7/tmpqb9_jn3n TO /home/kgluza/.ansible/tmp/ansible-tmp-1758204290.8862243-24241-268541256576009/AnsiballZ_stat.py
<localhost> EXEC /bin/sh -c 'chmod u+x /home/kgluza/.ansible/tmp/ansible-tmp-1758204290.8862243-24241-268541256576009/ /home/kgluza/.ansible/tmp/ansible-tmp-1758204290.8862243-24241-268541256576009/AnsiballZ_stat.py && sleep 0'
<localhost> EXEC /bin/sh -c 'AZURE_CONFIG_DIR=/home/semaphore/.azure python3 /home/kgluza/.ansible/tmp/ansible-tmp-1758204290.8862243-24241-268541256576009/AnsiballZ_stat.py && sleep 0'
<localhost> EXEC /bin/sh -c 'rm -f -r /home/kgluza/.ansible/tmp/ansible-tmp-1758204290.8862243-24241-268541256576009/ > /dev/null 2>&1 && sleep 0'
[1m# self_service_refresh : Check if copy attachments script exists **********************************************************[0m
  * [1m[34mlocalhost[0m                  - [0;32mchanged=False[0m -- [0;32m[0m --------------------------------------------
<localhost> ESTABLISH LOCAL CONNECTION FOR USER: kgluza
<localhost> EXEC /bin/sh -c 'echo ~kgluza && sleep 0'
<localhost> EXEC /bin/sh -c '( umask 77 && mkdir -p "` echo /home/kgluza/.ansible/tmp `"&& mkdir "` echo /home/kgluza/.ansible/tmp/ansible-tmp-1758204291.003329-24269-221660515304993 `" && echo ansible-tmp-1758204291.003329-24269-221660515304993="` echo /home/kgluza/.ansible/tmp/ansible-tmp-1758204291.003329-24269-221660515304993 `" ) && sleep 0'
Using module file /home/kgluza/.local/pipx/venvs/ansible/lib/python3.10/site-packages/ansible/modules/command.py
<localhost> PUT /home/kgluza/.ansible/tmp/ansible-local-23898ksyslya7/tmpx_em8rs9 TO /home/kgluza/.ansible/tmp/ansible-tmp-1758204291.003329-24269-221660515304993/AnsiballZ_command.py
<localhost> EXEC /bin/sh -c 'chmod u+x /home/kgluza/.ansible/tmp/ansible-tmp-1758204291.003329-24269-221660515304993/ /home/kgluza/.ansible/tmp/ansible-tmp-1758204291.003329-24269-221660515304993/AnsiballZ_command.py && sleep 0'
<localhost> EXEC /bin/sh -c 'AZURE_CONFIG_DIR=/home/semaphore/.azure python3 /home/kgluza/.ansible/tmp/ansible-tmp-1758204291.003329-24269-221660515304993/AnsiballZ_command.py && sleep 0'
<localhost> EXEC /bin/sh -c 'rm -f -r /home/kgluza/.ansible/tmp/ansible-tmp-1758204291.003329-24269-221660515304993/ > /dev/null 2>&1 && sleep 0'
[1m# self_service_refresh : Execute copy attachments script ******************************************************************[0m
  * [1m[34mlocalhost[0m                  - [0;32mchanged=False[0m -- [0;32mnon-zero return code[0m ------------------------
[1m# self_service_refresh : Display copy attachments result ******************************************************************[0m
  * [1m[34mlocalhost[0m                  - [0;32mchanged=False[0m --------------------------------------------------
    [0;32m
    ╔════════════════════════════════════════════════════════════════════════════════════════════════════════════════════╗
    ║                                            🔄 STEP 3: COPY ATTACHMENTS RESULTS                                     ║
    ╚════════════════════════════════════════════════════════════════════════════════════════════════════════════════════╝
    
    📊 EXECUTION STATUS: FAILED (Exit Code: 1)
    
    ╭─────────────────────────────────────────────────────────────────────────────────────────────────────────────────────╮
    │ 📤 SCRIPT OUTPUT:                                                                                                      │
    ╰─────────────────────────────────────────────────────────────────────────────────────────────────────────────────────╯
      
    🔍 DRY RUN MODE - Copy Attachments
    ===================================
    No actual copy operations will be performed
    ❌ Error: No storage accounts found for source environment 'qa2' with multitenant 'services'
    Graph query: 
            resources
            | where type == 'microsoft.storage/storageaccounts'
            | where tags.Environment == 'qa2' and tags.Type == 'Primary' and name contains 'saservices'
            | project name, resourceGroup, subscriptionId
        
    
    ╭─────────────────────────────────────────────────────────────────────────────────────────────────────────────────────╮
    │ ⚠️  WARNINGS/ERRORS:                                                                                                   │
    ╰─────────────────────────────────────────────────────────────────────────────────────────────────────────────────────╯
      Traceback (most recent call last):
      File "<frozen runpy>", line 198, in _run_module_as_main
      File "<frozen runpy>", line 88, in _run_code
      File "/opt/az/lib/python3.12/site-packages/azure/cli/__main__.py", line 30, in <module>
        az_cli = get_default_cli()
                 ^^^^^^^^^^^^^^^^^
      File "/opt/az/lib/python3.12/site-packages/azure/cli/core/__init__.py", line 948, in get_default_cli
        from azure.cli.core.azlogging import AzCliLogging
      File "/opt/az/lib/python3.12/site-packages/azure/cli/core/azlogging.py", line 30, in <module>
        from azure.cli.core.commands.events import EVENT_INVOKER_PRE_CMD_TBL_TRUNCATE
      File "/opt/az/lib/python3.12/site-packages/azure/cli/core/commands/__init__.py", line 27, in <module>
        from azure.cli.core.extension import get_extension
      File "/opt/az/lib/python3.12/site-packages/azure/cli/core/extension/__init__.py", line 18, in <module>
        az_config = CLIConfig(config_dir=GLOBAL_CONFIG_DIR, config_env_var_prefix=ENV_VAR_PREFIX)
                    ^^^^^^^^^^^^^^^^^^^^^^^^^^^^^^^^^^^^^^^^^^^^^^^^^^^^^^^^^^^^^^^^^^^^^^^^^^^^^
      File "/opt/az/lib/python3.12/site-packages/knack/config.py", line 40, in __init__
        ensure_dir(config_dir)
      File "/opt/az/lib/python3.12/site-packages/knack/util.py", line 114, in ensure_dir
        raise e
      File "/opt/az/lib/python3.12/site-packages/knack/util.py", line 111, in ensure_dir
        os.makedirs(d)
      File "<frozen os>", line 215, in makedirs
      File "<frozen os>", line 225, in makedirs
    PermissionError: [Errno 13] Permission denied: '/home/semaphore'
    
    🔧 Command: pwsh -File /home/kgluza/Manufacturo/ansible-for-semaphore/roles/self_service_refresh/files/2_copy_attachments/CopyAttachments.ps1 -source "qa2" -destination "dev" -SourceNamespace "services" -DestinationNamespace "client1" -DryRun
    [0m
[1m# self_service_refresh : Fail if copy attachments had critical error ******************************************************[0m
  * [1m[34mlocalhost[0m                  - [0;36mskipped[0m -- Conditional result was False ---------------------------------
[1m# Use Azure Storage role as fallback **************************************************************************************[0m
  * [1m[34mlocalhost[0m                  - [0;36mskipped[0m -- Conditional result was False ---------------------------------
[1m# self_service_refresh : Display copy attachments result ******************************************************************[0m
  * [1m[34mlocalhost[0m                  - [0;32mchanged=False[0m -- [0;32m[0m --------------------------------------------
[1m# self_service_refresh : Step 4 - Copy database ***************************************************************************[0m
  * [1m[34mlocalhost[0m                  - [0;32mchanged=False[0m -- [0;32m[0m --------------------------------------------
[1m# self_service_refresh : Display database copy information ****************************************************************[0m
  * [1m[34mlocalhost[0m                  - [0;32mchanged=False[0m --------------------------------------------------
    [0;32m📋 Copying Database
    ==================
    Source: qa2 (services)
    Destination: dev (client1)
    Dry Run: true
    [0m
<localhost> ESTABLISH LOCAL CONNECTION FOR USER: kgluza
<localhost> EXEC /bin/sh -c 'echo ~kgluza && sleep 0'
<localhost> EXEC /bin/sh -c '( umask 77 && mkdir -p "` echo /home/kgluza/.ansible/tmp `"&& mkdir "` echo /home/kgluza/.ansible/tmp/ansible-tmp-1758204291.907073-24336-64522551177335 `" && echo ansible-tmp-1758204291.907073-24336-64522551177335="` echo /home/kgluza/.ansible/tmp/ansible-tmp-1758204291.907073-24336-64522551177335 `" ) && sleep 0'
Using module file /home/kgluza/.local/pipx/venvs/ansible/lib/python3.10/site-packages/ansible/modules/command.py
<localhost> PUT /home/kgluza/.ansible/tmp/ansible-local-23898ksyslya7/tmpg29p_efk TO /home/kgluza/.ansible/tmp/ansible-tmp-1758204291.907073-24336-64522551177335/AnsiballZ_command.py
<localhost> EXEC /bin/sh -c 'chmod u+x /home/kgluza/.ansible/tmp/ansible-tmp-1758204291.907073-24336-64522551177335/ /home/kgluza/.ansible/tmp/ansible-tmp-1758204291.907073-24336-64522551177335/AnsiballZ_command.py && sleep 0'
<localhost> EXEC /bin/sh -c 'AZURE_CONFIG_DIR=/home/semaphore/.azure python3 /home/kgluza/.ansible/tmp/ansible-tmp-1758204291.907073-24336-64522551177335/AnsiballZ_command.py && sleep 0'
<localhost> EXEC /bin/sh -c 'rm -f -r /home/kgluza/.ansible/tmp/ansible-tmp-1758204291.907073-24336-64522551177335/ > /dev/null 2>&1 && sleep 0'
[1m# self_service_refresh : Check if PowerShell is available *****************************************************************[0m
  * [1m[34mlocalhost[0m                  - [0;32mchanged=False[0m -- [0;32m[0m --------------------------------------------
<localhost> ESTABLISH LOCAL CONNECTION FOR USER: kgluza
<localhost> EXEC /bin/sh -c 'echo ~kgluza && sleep 0'
<localhost> EXEC /bin/sh -c '( umask 77 && mkdir -p "` echo /home/kgluza/.ansible/tmp `"&& mkdir "` echo /home/kgluza/.ansible/tmp/ansible-tmp-1758204292.02678-24363-184173471635485 `" && echo ansible-tmp-1758204292.02678-24363-184173471635485="` echo /home/kgluza/.ansible/tmp/ansible-tmp-1758204292.02678-24363-184173471635485 `" ) && sleep 0'
Using module file /home/kgluza/.local/pipx/venvs/ansible/lib/python3.10/site-packages/ansible/modules/command.py
<localhost> PUT /home/kgluza/.ansible/tmp/ansible-local-23898ksyslya7/tmpkidpv8n0 TO /home/kgluza/.ansible/tmp/ansible-tmp-1758204292.02678-24363-184173471635485/AnsiballZ_command.py
<localhost> EXEC /bin/sh -c 'chmod u+x /home/kgluza/.ansible/tmp/ansible-tmp-1758204292.02678-24363-184173471635485/ /home/kgluza/.ansible/tmp/ansible-tmp-1758204292.02678-24363-184173471635485/AnsiballZ_command.py && sleep 0'
<localhost> EXEC /bin/sh -c 'AZURE_CONFIG_DIR=/home/semaphore/.azure python3 /home/kgluza/.ansible/tmp/ansible-tmp-1758204292.02678-24363-184173471635485/AnsiballZ_command.py && sleep 0'
<localhost> EXEC /bin/sh -c 'rm -f -r /home/kgluza/.ansible/tmp/ansible-tmp-1758204292.02678-24363-184173471635485/ > /dev/null 2>&1 && sleep 0'
[1m# self_service_refresh : Execute database copy script (if PowerShell available) *******************************************[0m
  * [1m[34mlocalhost[0m                  - [0;32mchanged=False[0m -- [0;32mnon-zero return code[0m ------------------------
[1m# self_service_refresh : Display PowerShell not available warning *********************************************************[0m
  * [1m[34mlocalhost[0m                  - [0;36mskipped[0m -- Conditional result was False ---------------------------------
[1m# self_service_refresh : Display database copy result *********************************************************************[0m
  * [1m[34mlocalhost[0m                  - [0;32mchanged=False[0m -- [0;32m[0m --------------------------------------------
[1m# self_service_refresh : Step 5 - Cleanup environment configuration *******************************************************[0m
  * [1m[34mlocalhost[0m                  - [0;32mchanged=False[0m -- [0;32m[0m --------------------------------------------
[1m# self_service_refresh : Display cleanup environment configuration information ********************************************[0m
  * [1m[34mlocalhost[0m                  - [0;32mchanged=False[0m --------------------------------------------------
    [0;32m🧹 Cleanup Environment Configuration
    ===================================
    Source Environment: qa2 (services)
    Destination Environment: dev (client1)
    Customer Alias to Remove: N/A
    Domain: dev.azure
    Dry Run: true
    [0m
<localhost> ESTABLISH LOCAL CONNECTION FOR USER: kgluza
<localhost> EXEC /bin/sh -c 'echo ~kgluza && sleep 0'
<localhost> EXEC /bin/sh -c '( umask 77 && mkdir -p "` echo /home/kgluza/.ansible/tmp `"&& mkdir "` echo /home/kgluza/.ansible/tmp/ansible-tmp-1758204292.8384397-24424-117127619887325 `" && echo ansible-tmp-1758204292.8384397-24424-117127619887325="` echo /home/kgluza/.ansible/tmp/ansible-tmp-1758204292.8384397-24424-117127619887325 `" ) && sleep 0'
Using module file /home/kgluza/.local/pipx/venvs/ansible/lib/python3.10/site-packages/ansible/modules/stat.py
<localhost> PUT /home/kgluza/.ansible/tmp/ansible-local-23898ksyslya7/tmpjnxovf88 TO /home/kgluza/.ansible/tmp/ansible-tmp-1758204292.8384397-24424-117127619887325/AnsiballZ_stat.py
<localhost> EXEC /bin/sh -c 'chmod u+x /home/kgluza/.ansible/tmp/ansible-tmp-1758204292.8384397-24424-117127619887325/ /home/kgluza/.ansible/tmp/ansible-tmp-1758204292.8384397-24424-117127619887325/AnsiballZ_stat.py && sleep 0'
<localhost> EXEC /bin/sh -c 'AZURE_CONFIG_DIR=/home/semaphore/.azure python3 /home/kgluza/.ansible/tmp/ansible-tmp-1758204292.8384397-24424-117127619887325/AnsiballZ_stat.py && sleep 0'
<localhost> EXEC /bin/sh -c 'rm -f -r /home/kgluza/.ansible/tmp/ansible-tmp-1758204292.8384397-24424-117127619887325/ > /dev/null 2>&1 && sleep 0'
[1m# self_service_refresh : Check if cleanup environment config script exists ************************************************[0m
  * [1m[34mlocalhost[0m                  - [0;32mchanged=False[0m -- [0;32m[0m --------------------------------------------
<localhost> ESTABLISH LOCAL CONNECTION FOR USER: kgluza
<localhost> EXEC /bin/sh -c 'echo ~kgluza && sleep 0'
<localhost> EXEC /bin/sh -c '( umask 77 && mkdir -p "` echo /home/kgluza/.ansible/tmp `"&& mkdir "` echo /home/kgluza/.ansible/tmp/ansible-tmp-1758204293.0059452-24452-33798823241061 `" && echo ansible-tmp-1758204293.0059452-24452-33798823241061="` echo /home/kgluza/.ansible/tmp/ansible-tmp-1758204293.0059452-24452-33798823241061 `" ) && sleep 0'
Using module file /home/kgluza/.local/pipx/venvs/ansible/lib/python3.10/site-packages/ansible/modules/command.py
<localhost> PUT /home/kgluza/.ansible/tmp/ansible-local-23898ksyslya7/tmp6ddi4338 TO /home/kgluza/.ansible/tmp/ansible-tmp-1758204293.0059452-24452-33798823241061/AnsiballZ_command.py
<localhost> EXEC /bin/sh -c 'chmod u+x /home/kgluza/.ansible/tmp/ansible-tmp-1758204293.0059452-24452-33798823241061/ /home/kgluza/.ansible/tmp/ansible-tmp-1758204293.0059452-24452-33798823241061/AnsiballZ_command.py && sleep 0'
<localhost> EXEC /bin/sh -c 'AZURE_CONFIG_DIR=/home/semaphore/.azure python3 /home/kgluza/.ansible/tmp/ansible-tmp-1758204293.0059452-24452-33798823241061/AnsiballZ_command.py && sleep 0'
<localhost> EXEC /bin/sh -c 'rm -f -r /home/kgluza/.ansible/tmp/ansible-tmp-1758204293.0059452-24452-33798823241061/ > /dev/null 2>&1 && sleep 0'
[1m# self_service_refresh : Execute cleanup environment configuration script *************************************************[0m
  * [1m[34mlocalhost[0m                  - [0;32mchanged=False[0m -- [0;32mnon-zero return code[0m ------------------------
[1m# self_service_refresh : Display cleanup configuration result *************************************************************[0m
  * [1m[34mlocalhost[0m                  - [0;32mchanged=False[0m --------------------------------------------------
    [0;32m⚡ Cleanup Environment Configuration Results:
    Exit Code: 1
    Command: pwsh -File /home/kgluza/Manufacturo/ansible-for-semaphore/roles/self_service_refresh/files/3_adjust_resources/cleanup_environment_config.ps1 -destination "dev" -EnvironmentToClean "qa2" -MultitenantToRemove "services" -CustomerAliasToRemove "" -domain "dev.azure" -DestinationNamespace "client1" -DryRun
    
    📤 STDOUT:
    
    🔍 DRY RUN MODE - Cleanup Environment Configuration
    ===============================================
    No actual cleanup will be performed
    Destination: , , , 
    Cleaning up configuration for environment: qa2-services
    
    Retrieving databases from: 
    No databases found on server ''
    
    📤 STDERR:
    Traceback (most recent call last):
      File "<frozen runpy>", line 198, in _run_module_as_main
      File "<frozen runpy>", line 88, in _run_code
      File "/opt/az/lib/python3.12/site-packages/azure/cli/__main__.py", line 30, in <module>
        az_cli = get_default_cli()
                 ^^^^^^^^^^^^^^^^^
      File "/opt/az/lib/python3.12/site-packages/azure/cli/core/__init__.py", line 948, in get_default_cli
        from azure.cli.core.azlogging import AzCliLogging
      File "/opt/az/lib/python3.12/site-packages/azure/cli/core/azlogging.py", line 30, in <module>
        from azure.cli.core.commands.events import EVENT_INVOKER_PRE_CMD_TBL_TRUNCATE
      File "/opt/az/lib/python3.12/site-packages/azure/cli/core/commands/__init__.py", line 27, in <module>
        from azure.cli.core.extension import get_extension
      File "/opt/az/lib/python3.12/site-packages/azure/cli/core/extension/__init__.py", line 18, in <module>
        az_config = CLIConfig(config_dir=GLOBAL_CONFIG_DIR, config_env_var_prefix=ENV_VAR_PREFIX)
                    ^^^^^^^^^^^^^^^^^^^^^^^^^^^^^^^^^^^^^^^^^^^^^^^^^^^^^^^^^^^^^^^^^^^^^^^^^^^^^
      File "/opt/az/lib/python3.12/site-packages/knack/config.py", line 40, in __init__
        ensure_dir(config_dir)
      File "/opt/az/lib/python3.12/site-packages/knack/util.py", line 114, in ensure_dir
        raise e
      File "/opt/az/lib/python3.12/site-packages/knack/util.py", line 111, in ensure_dir
        os.makedirs(d)
      File "<frozen os>", line 215, in makedirs
      File "<frozen os>", line 225, in makedirs
    PermissionError: [Errno 13] Permission denied: '/home/semaphore'
    [31;1mInvalidOperation: [0m/home/kgluza/Manufacturo/ansible-for-semaphore/roles/self_service_refresh/files/3_adjust_resources/cleanup_environment_config.ps1:32[0m
    [31;1m[0m[36;1mLine |[0m
    [31;1m[0m[36;1m[36;1m  32 | [0m [36;1m$dest_subscription = $server[0].subscriptionId[0m
    [31;1m[0m[36;1m[36;1m[0m[36;1m[0m[36;1m     | [31;1m ~~~~~~~~~~~~~~~~~~~~~~~~~~~~~~~~~~~~~~~~~~~~~~[0m
    [31;1m[0m[36;1m[36;1m[0m[36;1m[0m[36;1m[31;1m[31;1m[36;1m     | [31;1mCannot index into a null array.[0m
    [31;1mInvalidOperation: [0m/home/kgluza/Manufacturo/ansible-for-semaphore/roles/self_service_refresh/files/3_adjust_resources/cleanup_environment_config.ps1:33[0m
    [31;1m[0m[36;1mLine |[0m
    [31;1m[0m[36;1m[36;1m  33 | [0m [36;1m$dest_server = $server[0].name[0m
    [31;1m[0m[36;1m[36;1m[0m[36;1m[0m[36;1m     | [31;1m ~~~~~~~~~~~~~~~~~~~~~~~~~~~~~~[0m
    [31;1m[0m[36;1m[36;1m[0m[36;1m[0m[36;1m[31;1m[31;1m[36;1m     | [31;1mCannot index into a null array.[0m
    [31;1mInvalidOperation: [0m/home/kgluza/Manufacturo/ansible-for-semaphore/roles/self_service_refresh/files/3_adjust_resources/cleanup_environment_config.ps1:34[0m
    [31;1m[0m[36;1mLine |[0m
    [31;1m[0m[36;1m[36;1m  34 | [0m [36;1m$dest_rg = $server[0].resourceGroup[0m
    [31;1m[0m[36;1m[36;1m[0m[36;1m[0m[36;1m     | [31;1m ~~~~~~~~~~~~~~~~~~~~~~~~~~~~~~~~~~~[0m
    [31;1m[0m[36;1m[36;1m[0m[36;1m[0m[36;1m[31;1m[31;1m[36;1m     | [31;1mCannot index into a null array.[0m
    [31;1mInvalidOperation: [0m/home/kgluza/Manufacturo/ansible-for-semaphore/roles/self_service_refresh/files/3_adjust_resources/cleanup_environment_config.ps1:35[0m
    [31;1m[0m[36;1mLine |[0m
    [31;1m[0m[36;1m[36;1m  35 | [0m [36;1m$dest_fqdn = $server[0].fqdn[0m
    [31;1m[0m[36;1m[36;1m[0m[36;1m[0m[36;1m     | [31;1m ~~~~~~~~~~~~~~~~~~~~~~~~~~~~[0m
    [31;1m[0m[36;1m[36;1m[0m[36;1m[0m[36;1m[31;1m[31;1m[36;1m     | [31;1mCannot index into a null array.[0m
    Traceback (most recent call last):
      File "<frozen runpy>", line 198, in _run_module_as_main
      File "<frozen runpy>", line 88, in _run_code
      File "/opt/az/lib/python3.12/site-packages/azure/cli/__main__.py", line 30, in <module>
        az_cli = get_default_cli()
                 ^^^^^^^^^^^^^^^^^
      File "/opt/az/lib/python3.12/site-packages/azure/cli/core/__init__.py", line 948, in get_default_cli
        from azure.cli.core.azlogging import AzCliLogging
      File "/opt/az/lib/python3.12/site-packages/azure/cli/core/azlogging.py", line 30, in <module>
        from azure.cli.core.commands.events import EVENT_INVOKER_PRE_CMD_TBL_TRUNCATE
      File "/opt/az/lib/python3.12/site-packages/azure/cli/core/commands/__init__.py", line 27, in <module>
        from azure.cli.core.extension import get_extension
      File "/opt/az/lib/python3.12/site-packages/azure/cli/core/extension/__init__.py", line 18, in <module>
        az_config = CLIConfig(config_dir=GLOBAL_CONFIG_DIR, config_env_var_prefix=ENV_VAR_PREFIX)
                    ^^^^^^^^^^^^^^^^^^^^^^^^^^^^^^^^^^^^^^^^^^^^^^^^^^^^^^^^^^^^^^^^^^^^^^^^^^^^^
      File "/opt/az/lib/python3.12/site-packages/knack/config.py", line 40, in __init__
        ensure_dir(config_dir)
      File "/opt/az/lib/python3.12/site-packages/knack/util.py", line 114, in ensure_dir
        raise e
      File "/opt/az/lib/python3.12/site-packages/knack/util.py", line 111, in ensure_dir
        os.makedirs(d)
      File "<frozen os>", line 215, in makedirs
      File "<frozen os>", line 225, in makedirs
    PermissionError: [Errno 13] Permission denied: '/home/semaphore'
    Traceback (most recent call last):
      File "<frozen runpy>", line 198, in _run_module_as_main
      File "<frozen runpy>", line 88, in _run_code
      File "/opt/az/lib/python3.12/site-packages/azure/cli/__main__.py", line 30, in <module>
        az_cli = get_default_cli()
                 ^^^^^^^^^^^^^^^^^
      File "/opt/az/lib/python3.12/site-packages/azure/cli/core/__init__.py", line 948, in get_default_cli
        from azure.cli.core.azlogging import AzCliLogging
      File "/opt/az/lib/python3.12/site-packages/azure/cli/core/azlogging.py", line 30, in <module>
        from azure.cli.core.commands.events import EVENT_INVOKER_PRE_CMD_TBL_TRUNCATE
      File "/opt/az/lib/python3.12/site-packages/azure/cli/core/commands/__init__.py", line 27, in <module>
        from azure.cli.core.extension import get_extension
      File "/opt/az/lib/python3.12/site-packages/azure/cli/core/extension/__init__.py", line 18, in <module>
        az_config = CLIConfig(config_dir=GLOBAL_CONFIG_DIR, config_env_var_prefix=ENV_VAR_PREFIX)
                    ^^^^^^^^^^^^^^^^^^^^^^^^^^^^^^^^^^^^^^^^^^^^^^^^^^^^^^^^^^^^^^^^^^^^^^^^^^^^^
      File "/opt/az/lib/python3.12/site-packages/knack/config.py", line 40, in __init__
        ensure_dir(config_dir)
      File "/opt/az/lib/python3.12/site-packages/knack/util.py", line 114, in ensure_dir
        raise e
      File "/opt/az/lib/python3.12/site-packages/knack/util.py", line 111, in ensure_dir
        os.makedirs(d)
      File "<frozen os>", line 215, in makedirs
      File "<frozen os>", line 225, in makedirs
    PermissionError: [Errno 13] Permission denied: '/home/semaphore'
    [0m
[1m# self_service_refresh : Display missing script information ***************************************************************[0m
  * [1m[34mlocalhost[0m                  - [0;36mskipped[0m -- Conditional result was False ---------------------------------
[1m# self_service_refresh : Fail if cleanup configuration had critical error *************************************************[0m
  * [1m[34mlocalhost[0m                  - [0;36mskipped[0m -- Conditional result was False ---------------------------------
[1m# self_service_refresh : Step 6 - Revert SQL users ************************************************************************[0m
  * [1m[34mlocalhost[0m                  - [0;32mchanged=False[0m -- [0;32m[0m --------------------------------------------
[1m# self_service_refresh : Display revert SQL users information *************************************************************[0m
  * [1m[34mlocalhost[0m                  - [0;32mchanged=False[0m --------------------------------------------------
    [0;32m🔄 Revert SQL Users
    ==================
    Source Environment: qa2 (services)
    Destination Environment: dev (client1)
    Dry Run: true
    [0m
<localhost> ESTABLISH LOCAL CONNECTION FOR USER: kgluza
<localhost> EXEC /bin/sh -c 'echo ~kgluza && sleep 0'
<localhost> EXEC /bin/sh -c '( umask 77 && mkdir -p "` echo /home/kgluza/.ansible/tmp `"&& mkdir "` echo /home/kgluza/.ansible/tmp/ansible-tmp-1758204294.161154-24528-104532109527921 `" && echo ansible-tmp-1758204294.161154-24528-104532109527921="` echo /home/kgluza/.ansible/tmp/ansible-tmp-1758204294.161154-24528-104532109527921 `" ) && sleep 0'
Using module file /home/kgluza/.local/pipx/venvs/ansible/lib/python3.10/site-packages/ansible/modules/stat.py
<localhost> PUT /home/kgluza/.ansible/tmp/ansible-local-23898ksyslya7/tmp89jzv8rc TO /home/kgluza/.ansible/tmp/ansible-tmp-1758204294.161154-24528-104532109527921/AnsiballZ_stat.py
<localhost> EXEC /bin/sh -c 'chmod u+x /home/kgluza/.ansible/tmp/ansible-tmp-1758204294.161154-24528-104532109527921/ /home/kgluza/.ansible/tmp/ansible-tmp-1758204294.161154-24528-104532109527921/AnsiballZ_stat.py && sleep 0'
<localhost> EXEC /bin/sh -c 'AZURE_CONFIG_DIR=/home/semaphore/.azure python3 /home/kgluza/.ansible/tmp/ansible-tmp-1758204294.161154-24528-104532109527921/AnsiballZ_stat.py && sleep 0'
<localhost> EXEC /bin/sh -c 'rm -f -r /home/kgluza/.ansible/tmp/ansible-tmp-1758204294.161154-24528-104532109527921/ > /dev/null 2>&1 && sleep 0'
[1m# self_service_refresh : Check if SQL configure users script exists *******************************************************[0m
  * [1m[34mlocalhost[0m                  - [0;32mchanged=False[0m -- [0;32m[0m --------------------------------------------
<localhost> ESTABLISH LOCAL CONNECTION FOR USER: kgluza
<localhost> EXEC /bin/sh -c 'echo ~kgluza && sleep 0'
<localhost> EXEC /bin/sh -c '( umask 77 && mkdir -p "` echo /home/kgluza/.ansible/tmp `"&& mkdir "` echo /home/kgluza/.ansible/tmp/ansible-tmp-1758204294.2857316-24556-49888364285898 `" && echo ansible-tmp-1758204294.2857316-24556-49888364285898="` echo /home/kgluza/.ansible/tmp/ansible-tmp-1758204294.2857316-24556-49888364285898 `" ) && sleep 0'
Using module file /home/kgluza/.local/pipx/venvs/ansible/lib/python3.10/site-packages/ansible/modules/command.py
<localhost> PUT /home/kgluza/.ansible/tmp/ansible-local-23898ksyslya7/tmp7rr6z8pm TO /home/kgluza/.ansible/tmp/ansible-tmp-1758204294.2857316-24556-49888364285898/AnsiballZ_command.py
<localhost> EXEC /bin/sh -c 'chmod u+x /home/kgluza/.ansible/tmp/ansible-tmp-1758204294.2857316-24556-49888364285898/ /home/kgluza/.ansible/tmp/ansible-tmp-1758204294.2857316-24556-49888364285898/AnsiballZ_command.py && sleep 0'
<localhost> EXEC /bin/sh -c 'AZURE_CONFIG_DIR=/home/semaphore/.azure python3 /home/kgluza/.ansible/tmp/ansible-tmp-1758204294.2857316-24556-49888364285898/AnsiballZ_command.py && sleep 0'
<localhost> EXEC /bin/sh -c 'rm -f -r /home/kgluza/.ansible/tmp/ansible-tmp-1758204294.2857316-24556-49888364285898/ > /dev/null 2>&1 && sleep 0'
[1m# self_service_refresh : Execute revert SQL users script ******************************************************************[0m
  * [1m[34mlocalhost[0m                  - [0;32mchanged=False[0m -- [0;32m[0m --------------------------------------------
[1m# self_service_refresh : Display revert SQL users result ******************************************************************[0m
  * [1m[34mlocalhost[0m                  - [0;32mchanged=False[0m --------------------------------------------------
    [0;32m⚡ Revert SQL Users Results:
    Exit Code: 0
    Command: pwsh -File /home/kgluza/Manufacturo/ansible-for-semaphore/roles/self_service_refresh/files/3_adjust_resources/sql_configure_users.ps1 -Environments "dev" -Clients "client1" -Revert -EnvironmentToRevert "qa2" -MultitenantToRevert "services" -AutoApprove -StopOnFailure -DryRun
    
    📤 STDOUT:
    
    🔍 DRY RUN - REVERT MODE - SQL Configure Users
    ===============================================
    Would remove SQL user configurations for environment: qa2
    Multitenant: services
    No actual SQL user removal will be performed
    No databases found
    
    📤 STDERR:
    Traceback (most recent call last):
      File "<frozen runpy>", line 198, in _run_module_as_main
      File "<frozen runpy>", line 88, in _run_code
      File "/opt/az/lib/python3.12/site-packages/azure/cli/__main__.py", line 30, in <module>
        az_cli = get_default_cli()
                 ^^^^^^^^^^^^^^^^^
      File "/opt/az/lib/python3.12/site-packages/azure/cli/core/__init__.py", line 948, in get_default_cli
        from azure.cli.core.azlogging import AzCliLogging
      File "/opt/az/lib/python3.12/site-packages/azure/cli/core/azlogging.py", line 30, in <module>
        from azure.cli.core.commands.events import EVENT_INVOKER_PRE_CMD_TBL_TRUNCATE
      File "/opt/az/lib/python3.12/site-packages/azure/cli/core/commands/__init__.py", line 27, in <module>
        from azure.cli.core.extension import get_extension
      File "/opt/az/lib/python3.12/site-packages/azure/cli/core/extension/__init__.py", line 18, in <module>
        az_config = CLIConfig(config_dir=GLOBAL_CONFIG_DIR, config_env_var_prefix=ENV_VAR_PREFIX)
                    ^^^^^^^^^^^^^^^^^^^^^^^^^^^^^^^^^^^^^^^^^^^^^^^^^^^^^^^^^^^^^^^^^^^^^^^^^^^^^
      File "/opt/az/lib/python3.12/site-packages/knack/config.py", line 40, in __init__
        ensure_dir(config_dir)
      File "/opt/az/lib/python3.12/site-packages/knack/util.py", line 114, in ensure_dir
        raise e
      File "/opt/az/lib/python3.12/site-packages/knack/util.py", line 111, in ensure_dir
        os.makedirs(d)
      File "<frozen os>", line 215, in makedirs
      File "<frozen os>", line 225, in makedirs
    PermissionError: [Errno 13] Permission denied: '/home/semaphore'
    [0m
[1m# self_service_refresh : Display missing script information ***************************************************************[0m
  * [1m[34mlocalhost[0m                  - [0;36mskipped[0m -- Conditional result was False ---------------------------------
[1m# self_service_refresh : Fail if revert users had critical error **********************************************************[0m
  * [1m[34mlocalhost[0m                  - [0;36mskipped[0m -- Conditional result was False ---------------------------------
[1m# self_service_refresh : Step 7 - Adjust resources ************************************************************************[0m
  * [1m[34mlocalhost[0m                  - [0;32mchanged=False[0m -- [0;32m[0m --------------------------------------------
[1m# self_service_refresh : Display resource adjustment information **********************************************************[0m
  * [1m[34mlocalhost[0m                  - [0;32mchanged=False[0m --------------------------------------------------
    [0;32m⚙️ Adjusting Resources
    =====================
    Environment: dev
    Customer Alias: qa2-services
    Dry Run: true
    [0m
<localhost> ESTABLISH LOCAL CONNECTION FOR USER: kgluza
<localhost> EXEC /bin/sh -c 'echo ~kgluza && sleep 0'
<localhost> EXEC /bin/sh -c '( umask 77 && mkdir -p "` echo /home/kgluza/.ansible/tmp `"&& mkdir "` echo /home/kgluza/.ansible/tmp/ansible-tmp-1758204295.1462224-24620-5528691695678 `" && echo ansible-tmp-1758204295.1462224-24620-5528691695678="` echo /home/kgluza/.ansible/tmp/ansible-tmp-1758204295.1462224-24620-5528691695678 `" ) && sleep 0'
Using module file /home/kgluza/.local/pipx/venvs/ansible/lib/python3.10/site-packages/ansible/modules/stat.py
<localhost> PUT /home/kgluza/.ansible/tmp/ansible-local-23898ksyslya7/tmpt99dgqot TO /home/kgluza/.ansible/tmp/ansible-tmp-1758204295.1462224-24620-5528691695678/AnsiballZ_stat.py
<localhost> EXEC /bin/sh -c 'chmod u+x /home/kgluza/.ansible/tmp/ansible-tmp-1758204295.1462224-24620-5528691695678/ /home/kgluza/.ansible/tmp/ansible-tmp-1758204295.1462224-24620-5528691695678/AnsiballZ_stat.py && sleep 0'
<localhost> EXEC /bin/sh -c 'AZURE_CONFIG_DIR=/home/semaphore/.azure python3 /home/kgluza/.ansible/tmp/ansible-tmp-1758204295.1462224-24620-5528691695678/AnsiballZ_stat.py && sleep 0'
<localhost> EXEC /bin/sh -c 'rm -f -r /home/kgluza/.ansible/tmp/ansible-tmp-1758204295.1462224-24620-5528691695678/ > /dev/null 2>&1 && sleep 0'
[1m# self_service_refresh : Check if adjust resources script exists (adjust_db.ps1) ******************************************[0m
  * [1m[34mlocalhost[0m                  - [0;32mchanged=False[0m -- [0;32m[0m --------------------------------------------
<localhost> ESTABLISH LOCAL CONNECTION FOR USER: kgluza
<localhost> EXEC /bin/sh -c 'echo ~kgluza && sleep 0'
<localhost> EXEC /bin/sh -c '( umask 77 && mkdir -p "` echo /home/kgluza/.ansible/tmp `"&& mkdir "` echo /home/kgluza/.ansible/tmp/ansible-tmp-1758204295.2607956-24648-132092582126884 `" && echo ansible-tmp-1758204295.2607956-24648-132092582126884="` echo /home/kgluza/.ansible/tmp/ansible-tmp-1758204295.2607956-24648-132092582126884 `" ) && sleep 0'
Using module file /home/kgluza/.local/pipx/venvs/ansible/lib/python3.10/site-packages/ansible/modules/stat.py
<localhost> PUT /home/kgluza/.ansible/tmp/ansible-local-23898ksyslya7/tmp42hqccdc TO /home/kgluza/.ansible/tmp/ansible-tmp-1758204295.2607956-24648-132092582126884/AnsiballZ_stat.py
<localhost> EXEC /bin/sh -c 'chmod u+x /home/kgluza/.ansible/tmp/ansible-tmp-1758204295.2607956-24648-132092582126884/ /home/kgluza/.ansible/tmp/ansible-tmp-1758204295.2607956-24648-132092582126884/AnsiballZ_stat.py && sleep 0'
<localhost> EXEC /bin/sh -c 'AZURE_CONFIG_DIR=/home/semaphore/.azure python3 /home/kgluza/.ansible/tmp/ansible-tmp-1758204295.2607956-24648-132092582126884/AnsiballZ_stat.py && sleep 0'
<localhost> EXEC /bin/sh -c 'rm -f -r /home/kgluza/.ansible/tmp/ansible-tmp-1758204295.2607956-24648-132092582126884/ > /dev/null 2>&1 && sleep 0'
[1m# self_service_refresh : Check if adjust resources directory exists *******************************************************[0m
  * [1m[34mlocalhost[0m                  - [0;32mchanged=False[0m -- [0;32m[0m --------------------------------------------
<localhost> ESTABLISH LOCAL CONNECTION FOR USER: kgluza
<localhost> EXEC /bin/sh -c 'echo ~kgluza && sleep 0'
<localhost> EXEC /bin/sh -c '( umask 77 && mkdir -p "` echo /home/kgluza/.ansible/tmp `"&& mkdir "` echo /home/kgluza/.ansible/tmp/ansible-tmp-1758204295.377628-24676-167000417483165 `" && echo ansible-tmp-1758204295.377628-24676-167000417483165="` echo /home/kgluza/.ansible/tmp/ansible-tmp-1758204295.377628-24676-167000417483165 `" ) && sleep 0'
Using module file /home/kgluza/.local/pipx/venvs/ansible/lib/python3.10/site-packages/ansible/modules/command.py
<localhost> PUT /home/kgluza/.ansible/tmp/ansible-local-23898ksyslya7/tmpqig4itft TO /home/kgluza/.ansible/tmp/ansible-tmp-1758204295.377628-24676-167000417483165/AnsiballZ_command.py
<localhost> EXEC /bin/sh -c 'chmod u+x /home/kgluza/.ansible/tmp/ansible-tmp-1758204295.377628-24676-167000417483165/ /home/kgluza/.ansible/tmp/ansible-tmp-1758204295.377628-24676-167000417483165/AnsiballZ_command.py && sleep 0'
<localhost> EXEC /bin/sh -c 'AZURE_CONFIG_DIR=/home/semaphore/.azure python3 /home/kgluza/.ansible/tmp/ansible-tmp-1758204295.377628-24676-167000417483165/AnsiballZ_command.py && sleep 0'
<localhost> EXEC /bin/sh -c 'rm -f -r /home/kgluza/.ansible/tmp/ansible-tmp-1758204295.377628-24676-167000417483165/ > /dev/null 2>&1 && sleep 0'
[1m# self_service_refresh : Execute adjust resources script (adjust_db.ps1) **************************************************[0m
  * [1m[34mlocalhost[0m                  - [0;32mchanged=False[0m -- [0;32mnon-zero return code[0m ------------------------
[1m# self_service_refresh : Display adjust resources result ******************************************************************[0m
  * [1m[34mlocalhost[0m                  - [0;32mchanged=False[0m --------------------------------------------------
    [0;32m⚡ Adjust Resources Script Results:
    Exit Code: 1
    Command: pwsh -File /home/kgluza/Manufacturo/ansible-for-semaphore/roles/self_service_refresh/files/3_adjust_resources/AdjustResources.ps1 -environment "dev" -namespace "client1" -customerAlias "qa2-services" -DryRun
    
    📤 STDOUT:
    
    🔍 DRY RUN MODE - Adjust Database
    =================================
    No actual database adjustments will be performed
    Destination: , , , 
    
    Retrieving databases from: 
    No databases found on server ''
    
    📤 STDERR:
    Traceback (most recent call last):
      File "<frozen runpy>", line 198, in _run_module_as_main
      File "<frozen runpy>", line 88, in _run_code
      File "/opt/az/lib/python3.12/site-packages/azure/cli/__main__.py", line 30, in <module>
        az_cli = get_default_cli()
                 ^^^^^^^^^^^^^^^^^
      File "/opt/az/lib/python3.12/site-packages/azure/cli/core/__init__.py", line 948, in get_default_cli
        from azure.cli.core.azlogging import AzCliLogging
      File "/opt/az/lib/python3.12/site-packages/azure/cli/core/azlogging.py", line 30, in <module>
        from azure.cli.core.commands.events import EVENT_INVOKER_PRE_CMD_TBL_TRUNCATE
      File "/opt/az/lib/python3.12/site-packages/azure/cli/core/commands/__init__.py", line 27, in <module>
        from azure.cli.core.extension import get_extension
      File "/opt/az/lib/python3.12/site-packages/azure/cli/core/extension/__init__.py", line 18, in <module>
        az_config = CLIConfig(config_dir=GLOBAL_CONFIG_DIR, config_env_var_prefix=ENV_VAR_PREFIX)
                    ^^^^^^^^^^^^^^^^^^^^^^^^^^^^^^^^^^^^^^^^^^^^^^^^^^^^^^^^^^^^^^^^^^^^^^^^^^^^^
      File "/opt/az/lib/python3.12/site-packages/knack/config.py", line 40, in __init__
        ensure_dir(config_dir)
      File "/opt/az/lib/python3.12/site-packages/knack/util.py", line 114, in ensure_dir
        raise e
      File "/opt/az/lib/python3.12/site-packages/knack/util.py", line 111, in ensure_dir
        os.makedirs(d)
      File "<frozen os>", line 215, in makedirs
      File "<frozen os>", line 225, in makedirs
    PermissionError: [Errno 13] Permission denied: '/home/semaphore'
    [31;1mInvalidOperation: [0m/home/kgluza/Manufacturo/ansible-for-semaphore/roles/self_service_refresh/files/3_adjust_resources/adjust_db.ps1:29[0m
    [31;1m[0m[36;1mLine |[0m
    [31;1m[0m[36;1m[36;1m  29 | [0m [36;1m$dest_subscription = $server[0].subscriptionId[0m
    [31;1m[0m[36;1m[36;1m[0m[36;1m[0m[36;1m     | [31;1m ~~~~~~~~~~~~~~~~~~~~~~~~~~~~~~~~~~~~~~~~~~~~~~[0m
    [31;1m[0m[36;1m[36;1m[0m[36;1m[0m[36;1m[31;1m[31;1m[36;1m     | [31;1mCannot index into a null array.[0m
    [31;1mInvalidOperation: [0m/home/kgluza/Manufacturo/ansible-for-semaphore/roles/self_service_refresh/files/3_adjust_resources/adjust_db.ps1:30[0m
    [31;1m[0m[36;1mLine |[0m
    [31;1m[0m[36;1m[36;1m  30 | [0m [36;1m$dest_server = $server[0].name[0m
    [31;1m[0m[36;1m[36;1m[0m[36;1m[0m[36;1m     | [31;1m ~~~~~~~~~~~~~~~~~~~~~~~~~~~~~~[0m
    [31;1m[0m[36;1m[36;1m[0m[36;1m[0m[36;1m[31;1m[31;1m[36;1m     | [31;1mCannot index into a null array.[0m
    [31;1mInvalidOperation: [0m/home/kgluza/Manufacturo/ansible-for-semaphore/roles/self_service_refresh/files/3_adjust_resources/adjust_db.ps1:31[0m
    [31;1m[0m[36;1mLine |[0m
    [31;1m[0m[36;1m[36;1m  31 | [0m [36;1m$dest_rg = $server[0].resourceGroup[0m
    [31;1m[0m[36;1m[36;1m[0m[36;1m[0m[36;1m     | [31;1m ~~~~~~~~~~~~~~~~~~~~~~~~~~~~~~~~~~~[0m
    [31;1m[0m[36;1m[36;1m[0m[36;1m[0m[36;1m[31;1m[31;1m[36;1m     | [31;1mCannot index into a null array.[0m
    [31;1mInvalidOperation: [0m/home/kgluza/Manufacturo/ansible-for-semaphore/roles/self_service_refresh/files/3_adjust_resources/adjust_db.ps1:32[0m
    [31;1m[0m[36;1mLine |[0m
    [31;1m[0m[36;1m[36;1m  32 | [0m [36;1m$dest_fqdn = $server[0].fqdn[0m
    [31;1m[0m[36;1m[36;1m[0m[36;1m[0m[36;1m     | [31;1m ~~~~~~~~~~~~~~~~~~~~~~~~~~~~[0m
    [31;1m[0m[36;1m[36;1m[0m[36;1m[0m[36;1m[31;1m[31;1m[36;1m     | [31;1mCannot index into a null array.[0m
    Traceback (most recent call last):
      File "<frozen runpy>", line 198, in _run_module_as_main
      File "<frozen runpy>", line 88, in _run_code
      File "/opt/az/lib/python3.12/site-packages/azure/cli/__main__.py", line 30, in <module>
        az_cli = get_default_cli()
                 ^^^^^^^^^^^^^^^^^
      File "/opt/az/lib/python3.12/site-packages/azure/cli/core/__init__.py", line 948, in get_default_cli
        from azure.cli.core.azlogging import AzCliLogging
      File "/opt/az/lib/python3.12/site-packages/azure/cli/core/azlogging.py", line 30, in <module>
        from azure.cli.core.commands.events import EVENT_INVOKER_PRE_CMD_TBL_TRUNCATE
      File "/opt/az/lib/python3.12/site-packages/azure/cli/core/commands/__init__.py", line 27, in <module>
        from azure.cli.core.extension import get_extension
      File "/opt/az/lib/python3.12/site-packages/azure/cli/core/extension/__init__.py", line 18, in <module>
        az_config = CLIConfig(config_dir=GLOBAL_CONFIG_DIR, config_env_var_prefix=ENV_VAR_PREFIX)
                    ^^^^^^^^^^^^^^^^^^^^^^^^^^^^^^^^^^^^^^^^^^^^^^^^^^^^^^^^^^^^^^^^^^^^^^^^^^^^^
      File "/opt/az/lib/python3.12/site-packages/knack/config.py", line 40, in __init__
        ensure_dir(config_dir)
      File "/opt/az/lib/python3.12/site-packages/knack/util.py", line 114, in ensure_dir
        raise e
      File "/opt/az/lib/python3.12/site-packages/knack/util.py", line 111, in ensure_dir
        os.makedirs(d)
      File "<frozen os>", line 215, in makedirs
      File "<frozen os>", line 225, in makedirs
    PermissionError: [Errno 13] Permission denied: '/home/semaphore'
    Traceback (most recent call last):
      File "<frozen runpy>", line 198, in _run_module_as_main
      File "<frozen runpy>", line 88, in _run_code
      File "/opt/az/lib/python3.12/site-packages/azure/cli/__main__.py", line 30, in <module>
        az_cli = get_default_cli()
                 ^^^^^^^^^^^^^^^^^
      File "/opt/az/lib/python3.12/site-packages/azure/cli/core/__init__.py", line 948, in get_default_cli
        from azure.cli.core.azlogging import AzCliLogging
      File "/opt/az/lib/python3.12/site-packages/azure/cli/core/azlogging.py", line 30, in <module>
        from azure.cli.core.commands.events import EVENT_INVOKER_PRE_CMD_TBL_TRUNCATE
      File "/opt/az/lib/python3.12/site-packages/azure/cli/core/commands/__init__.py", line 27, in <module>
        from azure.cli.core.extension import get_extension
      File "/opt/az/lib/python3.12/site-packages/azure/cli/core/extension/__init__.py", line 18, in <module>
        az_config = CLIConfig(config_dir=GLOBAL_CONFIG_DIR, config_env_var_prefix=ENV_VAR_PREFIX)
                    ^^^^^^^^^^^^^^^^^^^^^^^^^^^^^^^^^^^^^^^^^^^^^^^^^^^^^^^^^^^^^^^^^^^^^^^^^^^^^
      File "/opt/az/lib/python3.12/site-packages/knack/config.py", line 40, in __init__
        ensure_dir(config_dir)
      File "/opt/az/lib/python3.12/site-packages/knack/util.py", line 114, in ensure_dir
        raise e
      File "/opt/az/lib/python3.12/site-packages/knack/util.py", line 111, in ensure_dir
        os.makedirs(d)
      File "<frozen os>", line 215, in makedirs
      File "<frozen os>", line 225, in makedirs
    PermissionError: [Errno 13] Permission denied: '/home/semaphore'
    [0m
[1m# self_service_refresh : Fail if adjust resources had critical error ******************************************************[0m
  * [1m[34mlocalhost[0m                  - [0;36mskipped[0m -- Conditional result was False ---------------------------------
[1m# Adjust terraform configuration ******************************************************************************************[0m
  * [1m[34mlocalhost[0m                  - [0;36mskipped[0m -- Conditional result was False ---------------------------------
[1m# Adjust runtime configuration ********************************************************************************************[0m
  * [1m[34mlocalhost[0m                  - [0;36mskipped[0m -- Conditional result was False ---------------------------------
[1m# self_service_refresh : Display missing script information ***************************************************************[0m
  * [1m[34mlocalhost[0m                  - [0;36mskipped[0m -- Conditional result was False ---------------------------------
[1m# self_service_refresh : Display adjust resources result ******************************************************************[0m
  * [1m[34mlocalhost[0m                  - [0;32mchanged=False[0m -- [0;32m[0m --------------------------------------------
[1m# self_service_refresh : Step 8 - Delete replicas *************************************************************************[0m
  * [1m[34mlocalhost[0m                  - [0;32mchanged=False[0m -- [0;32m[0m --------------------------------------------
[1m# self_service_refresh : Display delete replicas information **************************************************************[0m
  * [1m[34mlocalhost[0m                  - [0;32mchanged=False[0m --------------------------------------------------
    [0;32m🗑️ Delete Replicas
    ==================
    Source Environment: qa2 (services)
    Destination Environment: dev (client1)
    Dry Run: true
    [0m
<localhost> ESTABLISH LOCAL CONNECTION FOR USER: kgluza
<localhost> EXEC /bin/sh -c 'echo ~kgluza && sleep 0'
<localhost> EXEC /bin/sh -c '( umask 77 && mkdir -p "` echo /home/kgluza/.ansible/tmp `"&& mkdir "` echo /home/kgluza/.ansible/tmp/ansible-tmp-1758204296.5238013-24755-53214696246495 `" && echo ansible-tmp-1758204296.5238013-24755-53214696246495="` echo /home/kgluza/.ansible/tmp/ansible-tmp-1758204296.5238013-24755-53214696246495 `" ) && sleep 0'
Using module file /home/kgluza/.local/pipx/venvs/ansible/lib/python3.10/site-packages/ansible/modules/stat.py
<localhost> PUT /home/kgluza/.ansible/tmp/ansible-local-23898ksyslya7/tmpwn1r9xc3 TO /home/kgluza/.ansible/tmp/ansible-tmp-1758204296.5238013-24755-53214696246495/AnsiballZ_stat.py
<localhost> EXEC /bin/sh -c 'chmod u+x /home/kgluza/.ansible/tmp/ansible-tmp-1758204296.5238013-24755-53214696246495/ /home/kgluza/.ansible/tmp/ansible-tmp-1758204296.5238013-24755-53214696246495/AnsiballZ_stat.py && sleep 0'
<localhost> EXEC /bin/sh -c 'AZURE_CONFIG_DIR=/home/semaphore/.azure python3 /home/kgluza/.ansible/tmp/ansible-tmp-1758204296.5238013-24755-53214696246495/AnsiballZ_stat.py && sleep 0'
<localhost> EXEC /bin/sh -c 'rm -f -r /home/kgluza/.ansible/tmp/ansible-tmp-1758204296.5238013-24755-53214696246495/ > /dev/null 2>&1 && sleep 0'
[1m# self_service_refresh : Check if delete replicas script exists ***********************************************************[0m
  * [1m[34mlocalhost[0m                  - [0;32mchanged=False[0m -- [0;32m[0m --------------------------------------------
<localhost> ESTABLISH LOCAL CONNECTION FOR USER: kgluza
<localhost> EXEC /bin/sh -c 'echo ~kgluza && sleep 0'
<localhost> EXEC /bin/sh -c '( umask 77 && mkdir -p "` echo /home/kgluza/.ansible/tmp `"&& mkdir "` echo /home/kgluza/.ansible/tmp/ansible-tmp-1758204296.653351-24783-133400810741543 `" && echo ansible-tmp-1758204296.653351-24783-133400810741543="` echo /home/kgluza/.ansible/tmp/ansible-tmp-1758204296.653351-24783-133400810741543 `" ) && sleep 0'
Using module file /home/kgluza/.local/pipx/venvs/ansible/lib/python3.10/site-packages/ansible/modules/command.py
<localhost> PUT /home/kgluza/.ansible/tmp/ansible-local-23898ksyslya7/tmpnvsvfl4y TO /home/kgluza/.ansible/tmp/ansible-tmp-1758204296.653351-24783-133400810741543/AnsiballZ_command.py
<localhost> EXEC /bin/sh -c 'chmod u+x /home/kgluza/.ansible/tmp/ansible-tmp-1758204296.653351-24783-133400810741543/ /home/kgluza/.ansible/tmp/ansible-tmp-1758204296.653351-24783-133400810741543/AnsiballZ_command.py && sleep 0'
<localhost> EXEC /bin/sh -c 'AZURE_CONFIG_DIR=/home/semaphore/.azure python3 /home/kgluza/.ansible/tmp/ansible-tmp-1758204296.653351-24783-133400810741543/AnsiballZ_command.py && sleep 0'
<localhost> EXEC /bin/sh -c 'rm -f -r /home/kgluza/.ansible/tmp/ansible-tmp-1758204296.653351-24783-133400810741543/ > /dev/null 2>&1 && sleep 0'
[1m# self_service_refresh : Execute delete replicas script *******************************************************************[0m
  * [1m[34mlocalhost[0m                  - [0;32mchanged=False[0m -- [0;32mnon-zero return code[0m ------------------------
[1m# self_service_refresh : Display delete replicas result *******************************************************************[0m
  * [1m[34mlocalhost[0m                  - [0;32mchanged=False[0m --------------------------------------------------
    [0;32m⚡ Delete Replicas Results:
    Exit Code: 1
    Command: pwsh -File /home/kgluza/Manufacturo/ansible-for-semaphore/roles/self_service_refresh/files/7_delete_resources/delete_replicas.ps1 -destination "dev" -source "qa2" -SourceNamespace "services" -DestinationNamespace "client1" -DryRun
    
    📤 STDOUT:
    
    🔍 DRY RUN MODE - Enhanced Replica Management Script
    ===================================================
    No actual replica operations will be performed
    
    📋 Checking Azure CLI...
      ❌ Azure CLI not found. Please install it first.
    
    📤 STDERR:
    [0m
[1m# self_service_refresh : Display missing script information ***************************************************************[0m
  * [1m[34mlocalhost[0m                  - [0;36mskipped[0m -- Conditional result was False ---------------------------------
[1m# self_service_refresh : Fail if delete replicas had critical error *******************************************************[0m
  * [1m[34mlocalhost[0m                  - [0;36mskipped[0m -- Conditional result was False ---------------------------------
[1m# self_service_refresh : Step 9 - Configure users *************************************************************************[0m
  * [1m[34mlocalhost[0m                  - [0;32mchanged=False[0m -- [0;32m[0m --------------------------------------------
[1m# self_service_refresh : Display configure users information **************************************************************[0m
  * [1m[34mlocalhost[0m                  - [0;32mchanged=False[0m --------------------------------------------------
    [0;32m👥 Configure Users
    =================
    Destination Environment: dev (client1)
    Dry Run: true
    [0m
<localhost> ESTABLISH LOCAL CONNECTION FOR USER: kgluza
<localhost> EXEC /bin/sh -c 'echo ~kgluza && sleep 0'
<localhost> EXEC /bin/sh -c '( umask 77 && mkdir -p "` echo /home/kgluza/.ansible/tmp `"&& mkdir "` echo /home/kgluza/.ansible/tmp/ansible-tmp-1758204297.5348942-24847-116307884955864 `" && echo ansible-tmp-1758204297.5348942-24847-116307884955864="` echo /home/kgluza/.ansible/tmp/ansible-tmp-1758204297.5348942-24847-116307884955864 `" ) && sleep 0'
Using module file /home/kgluza/.local/pipx/venvs/ansible/lib/python3.10/site-packages/ansible/modules/stat.py
<localhost> PUT /home/kgluza/.ansible/tmp/ansible-local-23898ksyslya7/tmpu5v6xlai TO /home/kgluza/.ansible/tmp/ansible-tmp-1758204297.5348942-24847-116307884955864/AnsiballZ_stat.py
<localhost> EXEC /bin/sh -c 'chmod u+x /home/kgluza/.ansible/tmp/ansible-tmp-1758204297.5348942-24847-116307884955864/ /home/kgluza/.ansible/tmp/ansible-tmp-1758204297.5348942-24847-116307884955864/AnsiballZ_stat.py && sleep 0'
<localhost> EXEC /bin/sh -c 'AZURE_CONFIG_DIR=/home/semaphore/.azure python3 /home/kgluza/.ansible/tmp/ansible-tmp-1758204297.5348942-24847-116307884955864/AnsiballZ_stat.py && sleep 0'
<localhost> EXEC /bin/sh -c 'rm -f -r /home/kgluza/.ansible/tmp/ansible-tmp-1758204297.5348942-24847-116307884955864/ > /dev/null 2>&1 && sleep 0'
[1m# self_service_refresh : Check if SQL configure users script exists *******************************************************[0m
  * [1m[34mlocalhost[0m                  - [0;32mchanged=False[0m -- [0;32m[0m --------------------------------------------
<localhost> ESTABLISH LOCAL CONNECTION FOR USER: kgluza
<localhost> EXEC /bin/sh -c 'echo ~kgluza && sleep 0'
<localhost> EXEC /bin/sh -c '( umask 77 && mkdir -p "` echo /home/kgluza/.ansible/tmp `"&& mkdir "` echo /home/kgluza/.ansible/tmp/ansible-tmp-1758204297.6658163-24875-4637761868874 `" && echo ansible-tmp-1758204297.6658163-24875-4637761868874="` echo /home/kgluza/.ansible/tmp/ansible-tmp-1758204297.6658163-24875-4637761868874 `" ) && sleep 0'
Using module file /home/kgluza/.local/pipx/venvs/ansible/lib/python3.10/site-packages/ansible/modules/command.py
<localhost> PUT /home/kgluza/.ansible/tmp/ansible-local-23898ksyslya7/tmpskyo2uad TO /home/kgluza/.ansible/tmp/ansible-tmp-1758204297.6658163-24875-4637761868874/AnsiballZ_command.py
<localhost> EXEC /bin/sh -c 'chmod u+x /home/kgluza/.ansible/tmp/ansible-tmp-1758204297.6658163-24875-4637761868874/ /home/kgluza/.ansible/tmp/ansible-tmp-1758204297.6658163-24875-4637761868874/AnsiballZ_command.py && sleep 0'
<localhost> EXEC /bin/sh -c 'AZURE_CONFIG_DIR=/home/semaphore/.azure python3 /home/kgluza/.ansible/tmp/ansible-tmp-1758204297.6658163-24875-4637761868874/AnsiballZ_command.py && sleep 0'
<localhost> EXEC /bin/sh -c 'rm -f -r /home/kgluza/.ansible/tmp/ansible-tmp-1758204297.6658163-24875-4637761868874/ > /dev/null 2>&1 && sleep 0'
[1m# self_service_refresh : Execute configure users script *******************************************************************[0m
  * [1m[34mlocalhost[0m                  - [0;32mchanged=False[0m -- [0;32m[0m --------------------------------------------
[1m# self_service_refresh : Display configure users result *******************************************************************[0m
  * [1m[34mlocalhost[0m                  - [0;32mchanged=False[0m --------------------------------------------------
    [0;32m⚡ Configure Users Results:
    Exit Code: 0
    Command: pwsh -File /home/kgluza/Manufacturo/ansible-for-semaphore/roles/self_service_refresh/files/3_adjust_resources/sql_configure_users.ps1 -Environments "dev" -Clients "client1" -AutoApprove -StopOnFailure  -DryRun
    
    📤 STDOUT:
    
    🔍 DRY RUN MODE - SQL Configure Users
    =====================================
    No actual SQL user configuration will be performed
    No databases found
    
    📤 STDERR:
    Traceback (most recent call last):
      File "<frozen runpy>", line 198, in _run_module_as_main
      File "<frozen runpy>", line 88, in _run_code
      File "/opt/az/lib/python3.12/site-packages/azure/cli/__main__.py", line 30, in <module>
        az_cli = get_default_cli()
                 ^^^^^^^^^^^^^^^^^
      File "/opt/az/lib/python3.12/site-packages/azure/cli/core/__init__.py", line 948, in get_default_cli
        from azure.cli.core.azlogging import AzCliLogging
      File "/opt/az/lib/python3.12/site-packages/azure/cli/core/azlogging.py", line 30, in <module>
        from azure.cli.core.commands.events import EVENT_INVOKER_PRE_CMD_TBL_TRUNCATE
      File "/opt/az/lib/python3.12/site-packages/azure/cli/core/commands/__init__.py", line 27, in <module>
        from azure.cli.core.extension import get_extension
      File "/opt/az/lib/python3.12/site-packages/azure/cli/core/extension/__init__.py", line 18, in <module>
        az_config = CLIConfig(config_dir=GLOBAL_CONFIG_DIR, config_env_var_prefix=ENV_VAR_PREFIX)
                    ^^^^^^^^^^^^^^^^^^^^^^^^^^^^^^^^^^^^^^^^^^^^^^^^^^^^^^^^^^^^^^^^^^^^^^^^^^^^^
      File "/opt/az/lib/python3.12/site-packages/knack/config.py", line 40, in __init__
        ensure_dir(config_dir)
      File "/opt/az/lib/python3.12/site-packages/knack/util.py", line 114, in ensure_dir
        raise e
      File "/opt/az/lib/python3.12/site-packages/knack/util.py", line 111, in ensure_dir
        os.makedirs(d)
      File "<frozen os>", line 215, in makedirs
      File "<frozen os>", line 225, in makedirs
    PermissionError: [Errno 13] Permission denied: '/home/semaphore'
    [0m
[1m# self_service_refresh : Display missing script information ***************************************************************[0m
  * [1m[34mlocalhost[0m                  - [0;36mskipped[0m -- Conditional result was False ---------------------------------
[1m# self_service_refresh : Fail if configure users had critical error *******************************************************[0m
  * [1m[34mlocalhost[0m                  - [0;36mskipped[0m -- Conditional result was False ---------------------------------
[1m# self_service_refresh : Step 10 - Start environment **********************************************************************[0m
  * [1m[34mlocalhost[0m                  - [0;32mchanged=False[0m -- [0;32m[0m --------------------------------------------
[1m# self_service_refresh : Display environment start information ************************************************************[0m
  * [1m[34mlocalhost[0m                  - [0;32mchanged=False[0m --------------------------------------------------
    [0;32m🚀 Starting Environment
    =======================
    Environment: dev (client1)
    Dry Run: true
    [0m
<localhost> ESTABLISH LOCAL CONNECTION FOR USER: kgluza
<localhost> EXEC /bin/sh -c 'echo ~kgluza && sleep 0'
<localhost> EXEC /bin/sh -c '( umask 77 && mkdir -p "` echo /home/kgluza/.ansible/tmp `"&& mkdir "` echo /home/kgluza/.ansible/tmp/ansible-tmp-1758204298.6204984-24938-199629598001994 `" && echo ansible-tmp-1758204298.6204984-24938-199629598001994="` echo /home/kgluza/.ansible/tmp/ansible-tmp-1758204298.6204984-24938-199629598001994 `" ) && sleep 0'
Using module file /home/kgluza/.local/pipx/venvs/ansible/lib/python3.10/site-packages/ansible/modules/stat.py
<localhost> PUT /home/kgluza/.ansible/tmp/ansible-local-23898ksyslya7/tmpeh137nrk TO /home/kgluza/.ansible/tmp/ansible-tmp-1758204298.6204984-24938-199629598001994/AnsiballZ_stat.py
<localhost> EXEC /bin/sh -c 'chmod u+x /home/kgluza/.ansible/tmp/ansible-tmp-1758204298.6204984-24938-199629598001994/ /home/kgluza/.ansible/tmp/ansible-tmp-1758204298.6204984-24938-199629598001994/AnsiballZ_stat.py && sleep 0'
<localhost> EXEC /bin/sh -c 'AZURE_CONFIG_DIR=/home/semaphore/.azure python3 /home/kgluza/.ansible/tmp/ansible-tmp-1758204298.6204984-24938-199629598001994/AnsiballZ_stat.py && sleep 0'
<localhost> EXEC /bin/sh -c 'rm -f -r /home/kgluza/.ansible/tmp/ansible-tmp-1758204298.6204984-24938-199629598001994/ > /dev/null 2>&1 && sleep 0'
[1m# self_service_refresh : Check if start environment script exists *********************************************************[0m
  * [1m[34mlocalhost[0m                  - [0;32mchanged=False[0m -- [0;32m[0m --------------------------------------------
<localhost> ESTABLISH LOCAL CONNECTION FOR USER: kgluza
<localhost> EXEC /bin/sh -c 'echo ~kgluza && sleep 0'
<localhost> EXEC /bin/sh -c '( umask 77 && mkdir -p "` echo /home/kgluza/.ansible/tmp `"&& mkdir "` echo /home/kgluza/.ansible/tmp/ansible-tmp-1758204298.7418654-24966-86705243115479 `" && echo ansible-tmp-1758204298.7418654-24966-86705243115479="` echo /home/kgluza/.ansible/tmp/ansible-tmp-1758204298.7418654-24966-86705243115479 `" ) && sleep 0'
Using module file /home/kgluza/.local/pipx/venvs/ansible/lib/python3.10/site-packages/ansible/modules/command.py
<localhost> PUT /home/kgluza/.ansible/tmp/ansible-local-23898ksyslya7/tmpqr9fhppt TO /home/kgluza/.ansible/tmp/ansible-tmp-1758204298.7418654-24966-86705243115479/AnsiballZ_command.py
<localhost> EXEC /bin/sh -c 'chmod u+x /home/kgluza/.ansible/tmp/ansible-tmp-1758204298.7418654-24966-86705243115479/ /home/kgluza/.ansible/tmp/ansible-tmp-1758204298.7418654-24966-86705243115479/AnsiballZ_command.py && sleep 0'
<localhost> EXEC /bin/sh -c 'AZURE_CONFIG_DIR=/home/semaphore/.azure python3 /home/kgluza/.ansible/tmp/ansible-tmp-1758204298.7418654-24966-86705243115479/AnsiballZ_command.py && sleep 0'
<localhost> EXEC /bin/sh -c 'rm -f -r /home/kgluza/.ansible/tmp/ansible-tmp-1758204298.7418654-24966-86705243115479/ > /dev/null 2>&1 && sleep 0'
[1m# self_service_refresh : Execute start environment script *****************************************************************[0m
  * [1m[34mlocalhost[0m                  - [0;32mchanged=False[0m -- [0;32m[0m --------------------------------------------
[1m# Use Azure Kubernetes role as fallback ***********************************************************************************[0m
  * [1m[34mlocalhost[0m                  - [0;36mskipped[0m -- Conditional result was False ---------------------------------
[1m# self_service_refresh : Display start environment result *****************************************************************[0m
  * [1m[34mlocalhost[0m                  - [0;32mchanged=False[0m -- [0;32m[0m --------------------------------------------
[1m# self_service_refresh : Step 11 - Cleanup restored databases *************************************************************[0m
  * [1m[34mlocalhost[0m                  - [0;32mchanged=False[0m -- [0;32m[0m --------------------------------------------
[1m# self_service_refresh : Display cleanup restored databases information ***************************************************[0m
  * [1m[34mlocalhost[0m                  - [0;32mchanged=False[0m --------------------------------------------------
    [0;32m🧹 Cleanup Restored Databases
    =============================
    Source Environment: qa2
    Dry Run: true
    [0m
<localhost> ESTABLISH LOCAL CONNECTION FOR USER: kgluza
<localhost> EXEC /bin/sh -c 'echo ~kgluza && sleep 0'
<localhost> EXEC /bin/sh -c '( umask 77 && mkdir -p "` echo /home/kgluza/.ansible/tmp `"&& mkdir "` echo /home/kgluza/.ansible/tmp/ansible-tmp-1758204299.8198707-25039-140938776413422 `" && echo ansible-tmp-1758204299.8198707-25039-140938776413422="` echo /home/kgluza/.ansible/tmp/ansible-tmp-1758204299.8198707-25039-140938776413422 `" ) && sleep 0'
Using module file /home/kgluza/.local/pipx/venvs/ansible/lib/python3.10/site-packages/ansible/modules/stat.py
<localhost> PUT /home/kgluza/.ansible/tmp/ansible-local-23898ksyslya7/tmp55x5l9_c TO /home/kgluza/.ansible/tmp/ansible-tmp-1758204299.8198707-25039-140938776413422/AnsiballZ_stat.py
<localhost> EXEC /bin/sh -c 'chmod u+x /home/kgluza/.ansible/tmp/ansible-tmp-1758204299.8198707-25039-140938776413422/ /home/kgluza/.ansible/tmp/ansible-tmp-1758204299.8198707-25039-140938776413422/AnsiballZ_stat.py && sleep 0'
<localhost> EXEC /bin/sh -c 'AZURE_CONFIG_DIR=/home/semaphore/.azure python3 /home/kgluza/.ansible/tmp/ansible-tmp-1758204299.8198707-25039-140938776413422/AnsiballZ_stat.py && sleep 0'
<localhost> EXEC /bin/sh -c 'rm -f -r /home/kgluza/.ansible/tmp/ansible-tmp-1758204299.8198707-25039-140938776413422/ > /dev/null 2>&1 && sleep 0'
[1m# self_service_refresh : Check if delete restored databases script exists *************************************************[0m
  * [1m[34mlocalhost[0m                  - [0;32mchanged=False[0m -- [0;32m[0m --------------------------------------------
<localhost> ESTABLISH LOCAL CONNECTION FOR USER: kgluza
<localhost> EXEC /bin/sh -c 'echo ~kgluza && sleep 0'
<localhost> EXEC /bin/sh -c '( umask 77 && mkdir -p "` echo /home/kgluza/.ansible/tmp `"&& mkdir "` echo /home/kgluza/.ansible/tmp/ansible-tmp-1758204299.9410117-25067-54570973146863 `" && echo ansible-tmp-1758204299.9410117-25067-54570973146863="` echo /home/kgluza/.ansible/tmp/ansible-tmp-1758204299.9410117-25067-54570973146863 `" ) && sleep 0'
Using module file /home/kgluza/.local/pipx/venvs/ansible/lib/python3.10/site-packages/ansible/modules/command.py
<localhost> PUT /home/kgluza/.ansible/tmp/ansible-local-23898ksyslya7/tmpzip6x47q TO /home/kgluza/.ansible/tmp/ansible-tmp-1758204299.9410117-25067-54570973146863/AnsiballZ_command.py
<localhost> EXEC /bin/sh -c 'chmod u+x /home/kgluza/.ansible/tmp/ansible-tmp-1758204299.9410117-25067-54570973146863/ /home/kgluza/.ansible/tmp/ansible-tmp-1758204299.9410117-25067-54570973146863/AnsiballZ_command.py && sleep 0'
<localhost> EXEC /bin/sh -c 'AZURE_CONFIG_DIR=/home/semaphore/.azure python3 /home/kgluza/.ansible/tmp/ansible-tmp-1758204299.9410117-25067-54570973146863/AnsiballZ_command.py && sleep 0'
<localhost> EXEC /bin/sh -c 'rm -f -r /home/kgluza/.ansible/tmp/ansible-tmp-1758204299.9410117-25067-54570973146863/ > /dev/null 2>&1 && sleep 0'
[1m# self_service_refresh : Execute cleanup restored databases script ********************************************************[0m
  * [1m[34mlocalhost[0m                  - [0;32mchanged=False[0m -- [0;32m[0m --------------------------------------------
[1m# self_service_refresh : Display cleanup restored databases result ********************************************************[0m
  * [1m[34mlocalhost[0m                  - [0;32mchanged=False[0m --------------------------------------------------
    [0;32m⚡ Cleanup Restored Databases Results:
    Exit Code: 0
    Command: pwsh -File /home/kgluza/Manufacturo/ansible-for-semaphore/roles/self_service_refresh/files/7_delete_resources/delete_restored_db.ps1 -source "qa2" -DryRun
    
    📤 STDOUT:
    
    🔍 DRY RUN MODE - Delete Restored Databases Script
    =================================================
    No actual database deletion will be performed
    Waiting for any pending restores to complete...
    🔍 DRY RUN: No restored databases found to delete.
    
    ====================================
     Cleanup Completed
    ====================================
    
    ✅ All restored databases have been cleaned up
    
    📤 STDERR:
    Traceback (most recent call last):
      File "<frozen runpy>", line 198, in _run_module_as_main
      File "<frozen runpy>", line 88, in _run_code
      File "/opt/az/lib/python3.12/site-packages/azure/cli/__main__.py", line 30, in <module>
        az_cli = get_default_cli()
                 ^^^^^^^^^^^^^^^^^
      File "/opt/az/lib/python3.12/site-packages/azure/cli/core/__init__.py", line 948, in get_default_cli
        from azure.cli.core.azlogging import AzCliLogging
      File "/opt/az/lib/python3.12/site-packages/azure/cli/core/azlogging.py", line 30, in <module>
        from azure.cli.core.commands.events import EVENT_INVOKER_PRE_CMD_TBL_TRUNCATE
      File "/opt/az/lib/python3.12/site-packages/azure/cli/core/commands/__init__.py", line 27, in <module>
        from azure.cli.core.extension import get_extension
      File "/opt/az/lib/python3.12/site-packages/azure/cli/core/extension/__init__.py", line 18, in <module>
        az_config = CLIConfig(config_dir=GLOBAL_CONFIG_DIR, config_env_var_prefix=ENV_VAR_PREFIX)
                    ^^^^^^^^^^^^^^^^^^^^^^^^^^^^^^^^^^^^^^^^^^^^^^^^^^^^^^^^^^^^^^^^^^^^^^^^^^^^^
      File "/opt/az/lib/python3.12/site-packages/knack/config.py", line 40, in __init__
        ensure_dir(config_dir)
      File "/opt/az/lib/python3.12/site-packages/knack/util.py", line 114, in ensure_dir
        raise e
      File "/opt/az/lib/python3.12/site-packages/knack/util.py", line 111, in ensure_dir
        os.makedirs(d)
      File "<frozen os>", line 215, in makedirs
      File "<frozen os>", line 225, in makedirs
    PermissionError: [Errno 13] Permission denied: '/home/semaphore'
    [31;1mInvalidOperation: [0m/home/kgluza/Manufacturo/ansible-for-semaphore/roles/self_service_refresh/files/7_delete_resources/delete_restored_db.ps1:27[0m
    [31;1m[0m[36;1mLine |[0m
    [31;1m[0m[36;1m[36;1m  27 | [0m [36;1m$source_subscription = $recources[0].subscriptionId[0m
    [31;1m[0m[36;1m[36;1m[0m[36;1m[0m[36;1m     | [31;1m ~~~~~~~~~~~~~~~~~~~~~~~~~~~~~~~~~~~~~~~~~~~~~~~~~~~[0m
    [31;1m[0m[36;1m[36;1m[0m[36;1m[0m[36;1m[31;1m[31;1m[36;1m     | [31;1mCannot index into a null array.[0m
    [31;1mInvalidOperation: [0m/home/kgluza/Manufacturo/ansible-for-semaphore/roles/self_service_refresh/files/7_delete_resources/delete_restored_db.ps1:28[0m
    [31;1m[0m[36;1mLine |[0m
    [31;1m[0m[36;1m[36;1m  28 | [0m [36;1m$source_server = $recources[0].name[0m
    [31;1m[0m[36;1m[36;1m[0m[36;1m[0m[36;1m     | [31;1m ~~~~~~~~~~~~~~~~~~~~~~~~~~~~~~~~~~~[0m
    [31;1m[0m[36;1m[36;1m[0m[36;1m[0m[36;1m[31;1m[31;1m[36;1m     | [31;1mCannot index into a null array.[0m
    [31;1mInvalidOperation: [0m/home/kgluza/Manufacturo/ansible-for-semaphore/roles/self_service_refresh/files/7_delete_resources/delete_restored_db.ps1:29[0m
    [31;1m[0m[36;1mLine |[0m
    [31;1m[0m[36;1m[36;1m  29 | [0m [36;1m$source_rg = $recources[0].resourceGroup[0m
    [31;1m[0m[36;1m[36;1m[0m[36;1m[0m[36;1m     | [31;1m ~~~~~~~~~~~~~~~~~~~~~~~~~~~~~~~~~~~~~~~~[0m
    [31;1m[0m[36;1m[36;1m[0m[36;1m[0m[36;1m[31;1m[31;1m[36;1m     | [31;1mCannot index into a null array.[0m
    Traceback (most recent call last):
      File "<frozen runpy>", line 198, in _run_module_as_main
      File "<frozen runpy>", line 88, in _run_code
      File "/opt/az/lib/python3.12/site-packages/azure/cli/__main__.py", line 30, in <module>
        az_cli = get_default_cli()
                 ^^^^^^^^^^^^^^^^^
      File "/opt/az/lib/python3.12/site-packages/azure/cli/core/__init__.py", line 948, in get_default_cli
        from azure.cli.core.azlogging import AzCliLogging
      File "/opt/az/lib/python3.12/site-packages/azure/cli/core/azlogging.py", line 30, in <module>
        from azure.cli.core.commands.events import EVENT_INVOKER_PRE_CMD_TBL_TRUNCATE
      File "/opt/az/lib/python3.12/site-packages/azure/cli/core/commands/__init__.py", line 27, in <module>
        from azure.cli.core.extension import get_extension
      File "/opt/az/lib/python3.12/site-packages/azure/cli/core/extension/__init__.py", line 18, in <module>
        az_config = CLIConfig(config_dir=GLOBAL_CONFIG_DIR, config_env_var_prefix=ENV_VAR_PREFIX)
                    ^^^^^^^^^^^^^^^^^^^^^^^^^^^^^^^^^^^^^^^^^^^^^^^^^^^^^^^^^^^^^^^^^^^^^^^^^^^^^
      File "/opt/az/lib/python3.12/site-packages/knack/config.py", line 40, in __init__
        ensure_dir(config_dir)
      File "/opt/az/lib/python3.12/site-packages/knack/util.py", line 114, in ensure_dir
        raise e
      File "/opt/az/lib/python3.12/site-packages/knack/util.py", line 111, in ensure_dir
        os.makedirs(d)
      File "<frozen os>", line 215, in makedirs
      File "<frozen os>", line 225, in makedirs
    PermissionError: [Errno 13] Permission denied: '/home/semaphore'
    Traceback (most recent call last):
      File "<frozen runpy>", line 198, in _run_module_as_main
      File "<frozen runpy>", line 88, in _run_code
      File "/opt/az/lib/python3.12/site-packages/azure/cli/__main__.py", line 30, in <module>
        az_cli = get_default_cli()
                 ^^^^^^^^^^^^^^^^^
      File "/opt/az/lib/python3.12/site-packages/azure/cli/core/__init__.py", line 948, in get_default_cli
        from azure.cli.core.azlogging import AzCliLogging
      File "/opt/az/lib/python3.12/site-packages/azure/cli/core/azlogging.py", line 30, in <module>
        from azure.cli.core.commands.events import EVENT_INVOKER_PRE_CMD_TBL_TRUNCATE
      File "/opt/az/lib/python3.12/site-packages/azure/cli/core/commands/__init__.py", line 27, in <module>
        from azure.cli.core.extension import get_extension
      File "/opt/az/lib/python3.12/site-packages/azure/cli/core/extension/__init__.py", line 18, in <module>
        az_config = CLIConfig(config_dir=GLOBAL_CONFIG_DIR, config_env_var_prefix=ENV_VAR_PREFIX)
                    ^^^^^^^^^^^^^^^^^^^^^^^^^^^^^^^^^^^^^^^^^^^^^^^^^^^^^^^^^^^^^^^^^^^^^^^^^^^^^
      File "/opt/az/lib/python3.12/site-packages/knack/config.py", line 40, in __init__
        ensure_dir(config_dir)
      File "/opt/az/lib/python3.12/site-packages/knack/util.py", line 114, in ensure_dir
        raise e
      File "/opt/az/lib/python3.12/site-packages/knack/util.py", line 111, in ensure_dir
        os.makedirs(d)
      File "<frozen os>", line 215, in makedirs
      File "<frozen os>", line 225, in makedirs
    PermissionError: [Errno 13] Permission denied: '/home/semaphore'
    [0m
[1m# self_service_refresh : Display missing script information ***************************************************************[0m
  * [1m[34mlocalhost[0m                  - [0;36mskipped[0m -- Conditional result was False ---------------------------------
[1m# self_service_refresh : Fail if cleanup restored databases had critical error ********************************************[0m
  * [1m[34mlocalhost[0m                  - [0;36mskipped[0m -- Conditional result was False ---------------------------------
[1m# self_service_refresh : Refresh completed successfully *******************************************************************[0m
  * [1m[34mlocalhost[0m                  - [0;32mchanged=False[0m --------------------------------------------------
    [0;32m✅ Self-Service Data Refresh Completed Successfully (11 Steps)
    =============================================================
    Source: qa2 → Destination: dev
    Duration: 0 seconds
    [0m
[1m# Final status report *****************************************************************************************************[0m
  * [1m[34mlocalhost[0m                  - [0;32mchanged=False[0m --------------------------------------------------
    [0;32m✅ Self-Service Data Refresh Completed
    ====================================
    
    📊 Summary:
    • Source: qa2 → Destination: dev
    • Customer: qa2-services
    • Operation: full
    • Dry Run: True
    • Duration: 0 seconds
    
    🎯 Next Steps:
    • Verify application functionality
    • Check data integrity
    • Monitor system performance
    • Update documentation if needed
    [0m

[1m# STATS *******************************************************************************************************************[0m
[0;32mlocalhost    : ok=70	changed=0	failed=0	unreachable=0	rescued=0	ignored=0[0m
