ansible-playbook [core 2.15.3]
  config file = /home/kgluza/Manufacturo/ansible-for-semaphore/ansible.cfg
  configured module search path = ['/home/kgluza/.ansible/plugins/modules', '/usr/share/ansible/plugins/modules']
  ansible python module location = /home/kgluza/.local/pipx/venvs/ansible/lib/python3.10/site-packages/ansible
  ansible collection location = /home/kgluza/.ansible/collections:/usr/share/ansible/collections
  executable location = /home/kgluza/.local/bin/ansible-playbook
  python version = 3.10.12 (main, Jul 29 2024, 16:56:48) [GCC 11.4.0] (/home/kgluza/.local/pipx/venvs/ansible/bin/python)
  jinja version = 3.1.2
  libyaml = True
Using /home/kgluza/Manufacturo/ansible-for-semaphore/ansible.cfg as config file
host_list declined parsing /home/kgluza/Manufacturo/ansible-for-semaphore/inventory/hosts.ini as it did not pass its verify_file() method
script declined parsing /home/kgluza/Manufacturo/ansible-for-semaphore/inventory/hosts.ini as it did not pass its verify_file() method
auto declined parsing /home/kgluza/Manufacturo/ansible-for-semaphore/inventory/hosts.ini as it did not pass its verify_file() method
yaml declined parsing /home/kgluza/Manufacturo/ansible-for-semaphore/inventory/hosts.ini as it did not pass its verify_file() method
Parsed /home/kgluza/Manufacturo/ansible-for-semaphore/inventory/hosts.ini inventory source with ini plugin
Skipping callback 'default', as we already have a stdout callback.
Skipping callback 'minimal', as we already have a stdout callback.
Skipping callback 'oneline', as we already have a stdout callback.
1 plays in /home/kgluza/Manufacturo/ansible-for-semaphore/playbooks/self_service_refresh.yaml
<localhost> ESTABLISH LOCAL CONNECTION FOR USER: kgluza
<localhost> EXEC /bin/sh -c 'echo ~kgluza && sleep 0'
<localhost> EXEC /bin/sh -c '( umask 77 && mkdir -p "` echo /home/kgluza/.ansible/tmp `"&& mkdir "` echo /home/kgluza/.ansible/tmp/ansible-tmp-1758203862.2087853-20017-236106551701684 `" && echo ansible-tmp-1758203862.2087853-20017-236106551701684="` echo /home/kgluza/.ansible/tmp/ansible-tmp-1758203862.2087853-20017-236106551701684 `" ) && sleep 0'
Using module file /home/kgluza/.local/pipx/venvs/ansible/lib/python3.10/site-packages/ansible/modules/setup.py
<localhost> PUT /home/kgluza/.ansible/tmp/ansible-local-20012lbv5gcqw/tmphhxv46ss TO /home/kgluza/.ansible/tmp/ansible-tmp-1758203862.2087853-20017-236106551701684/AnsiballZ_setup.py
<localhost> EXEC /bin/sh -c 'chmod u+x /home/kgluza/.ansible/tmp/ansible-tmp-1758203862.2087853-20017-236106551701684/ /home/kgluza/.ansible/tmp/ansible-tmp-1758203862.2087853-20017-236106551701684/AnsiballZ_setup.py && sleep 0'
<localhost> EXEC /bin/sh -c 'AZURE_CONFIG_DIR=/home/semaphore/.azure python3 /home/kgluza/.ansible/tmp/ansible-tmp-1758203862.2087853-20017-236106551701684/AnsiballZ_setup.py && sleep 0'
<localhost> EXEC /bin/sh -c 'rm -f -r /home/kgluza/.ansible/tmp/ansible-tmp-1758203862.2087853-20017-236106551701684/ > /dev/null 2>&1 && sleep 0'
[1m# Gathering Facts *********************************************************************************************************[0m
  * [1m[34mlocalhost[0m                  - [0;32mchanged=False[0m -- [0;32m[0m --------------------------------------------
[1m# Validate required parameters ********************************************************************************************[0m
  * [1m[34mlocalhost[0m                  - [0;32mchanged=False[0m -- [0;32mAll assertions passed[0m -----------------------
[1m# Display playbook information ********************************************************************************************[0m
  * [1m[34mlocalhost[0m                  - [0;32mchanged=False[0m --------------------------------------------------
    [0;32m🚀 Self-Service Data Refresh Playbook
    ====================================
    
    📊 Environment Configuration:
    • Source: qa2 (services)
    • Destination: dev (client1)
    • Cloud: AzureUSGovernment
    • Customer: qa2-services
    
    ⚙️ Operation Settings:
    • Operation: full
    • Dry Run: True
    • Max Wait: 30 minutes
    
    🎯 Step Control:
    • Skip Restore: False
    • Skip Stop Environment: False
    • Skip Copy Attachments: False
    • Skip Copy Database: False
    • Skip Adjust Resources: False
    • Skip Start Environment: False
    • Skip Cleanup: False
    • Skip Permissions: False
    [0m
[1m# Confirm operation in production *****************************************************************************************[0m
  * [1m[34mlocalhost[0m                  - [0;36mskipped[0m -- Conditional result was False ---------------------------------
[1m# Abort if not confirmed **************************************************************************************************[0m
  * [1m[34mlocalhost[0m                  - [0;36mskipped[0m -- Conditional result was False ---------------------------------
[1m# Execute self-service refresh ********************************************************************************************[0m
  * [1m[34mlocalhost[0m                  - [0;32mchanged=False[0m -- [0;32m[0m --------------------------------------------
[1m# self_service_refresh : Validate required parameters *********************************************************************[0m
  * [1m[34mlocalhost[0m                  - [0;32mchanged=False[0m -- [0;32mAll assertions passed[0m -----------------------
[1m# self_service_refresh : Set working variables from parameters ************************************************************[0m
  * [1m[34mlocalhost[0m                  - [0;32mchanged=False[0m -- [0;32m[0m --------------------------------------------
[1m# self_service_refresh : Display operation summary ************************************************************************[0m
  * [1m[34mlocalhost[0m                  - [0;32mchanged=False[0m --------------------------------------------------
    [0;32m🔄 Self-Service Data Refresh Operation
    =====================================
    Source: qa2 (services)
    Destination: dev (client1)
    Customer Alias: qa2-services
    Cloud: AzureUSGovernment
    Dry Run: true
    Max Wait: 30 minutes
    [0m
[1m# self_service_refresh : Execute specific operation ***********************************************************************[0m
  * [1m[34mlocalhost[0m                  - [0;36mskipped[0m -- Conditional result was False ---------------------------------
[1m# self_service_refresh : Execute orchestrated PowerShell workflow *********************************************************[0m
  * [1m[34mlocalhost[0m                  - [0;36mskipped[0m -- Conditional result was False ---------------------------------
[1m# self_service_refresh : Execute full Ansible workflow ********************************************************************[0m
  * [1m[34mlocalhost[0m                  - [0;32mchanged=False[0m -- [0;32m[0m --------------------------------------------
[1m# self_service_refresh : Step 1 - Create restore point in time ************************************************************[0m
  * [1m[34mlocalhost[0m                  - [0;32mchanged=False[0m -- [0;32m[0m --------------------------------------------
[1m# self_service_refresh : Set start time ***********************************************************************************[0m
  * [1m[34mlocalhost[0m                  - [0;32mchanged=False[0m -- [0;32m[0m --------------------------------------------
[1m# self_service_refresh : Set default restore datetime and timezone ********************************************************[0m
  * [1m[34mlocalhost[0m                  - [0;32mchanged=False[0m -- [0;32m[0m --------------------------------------------
[1m# self_service_refresh : Display restore point information ****************************************************************[0m
  * [1m[34mlocalhost[0m                  - [0;32mchanged=False[0m --------------------------------------------------
    [0;32m🕒 Creating Restore Point
    ========================
    Source Environment: qa2 (services)
    Restore DateTime: 
    Timezone: CEST
    Dry Run: true
    [0m
<localhost> ESTABLISH LOCAL CONNECTION FOR USER: kgluza
<localhost> EXEC /bin/sh -c 'echo ~kgluza && sleep 0'
<localhost> EXEC /bin/sh -c '( umask 77 && mkdir -p "` echo /home/kgluza/.ansible/tmp `"&& mkdir "` echo /home/kgluza/.ansible/tmp/ansible-tmp-1758203865.774743-20148-200540365215896 `" && echo ansible-tmp-1758203865.774743-20148-200540365215896="` echo /home/kgluza/.ansible/tmp/ansible-tmp-1758203865.774743-20148-200540365215896 `" ) && sleep 0'
Using module file /home/kgluza/.local/pipx/venvs/ansible/lib/python3.10/site-packages/ansible/modules/command.py
<localhost> PUT /home/kgluza/.ansible/tmp/ansible-local-20012lbv5gcqw/tmptk0249b0 TO /home/kgluza/.ansible/tmp/ansible-tmp-1758203865.774743-20148-200540365215896/AnsiballZ_command.py
<localhost> EXEC /bin/sh -c 'chmod u+x /home/kgluza/.ansible/tmp/ansible-tmp-1758203865.774743-20148-200540365215896/ /home/kgluza/.ansible/tmp/ansible-tmp-1758203865.774743-20148-200540365215896/AnsiballZ_command.py && sleep 0'
<localhost> EXEC /bin/sh -c 'AZURE_CONFIG_DIR=/home/semaphore/.azure python3 /home/kgluza/.ansible/tmp/ansible-tmp-1758203865.774743-20148-200540365215896/AnsiballZ_command.py && sleep 0'
<localhost> EXEC /bin/sh -c 'rm -f -r /home/kgluza/.ansible/tmp/ansible-tmp-1758203865.774743-20148-200540365215896/ > /dev/null 2>&1 && sleep 0'
[1m# self_service_refresh : Check if PowerShell is available *****************************************************************[0m
  * [1m[34mlocalhost[0m                  - [0;32mchanged=False[0m -- [0;32m[0m --------------------------------------------
[1m# self_service_refresh : Check if PowerShell Core is available ************************************************************[0m
  * [1m[34mlocalhost[0m                  - [0;36mskipped[0m -- Conditional result was False ---------------------------------
<localhost> ESTABLISH LOCAL CONNECTION FOR USER: kgluza
<localhost> EXEC /bin/sh -c 'echo ~kgluza && sleep 0'
<localhost> EXEC /bin/sh -c '( umask 77 && mkdir -p "` echo /home/kgluza/.ansible/tmp `"&& mkdir "` echo /home/kgluza/.ansible/tmp/ansible-tmp-1758203865.9774804-20180-225025718596673 `" && echo ansible-tmp-1758203865.9774804-20180-225025718596673="` echo /home/kgluza/.ansible/tmp/ansible-tmp-1758203865.9774804-20180-225025718596673 `" ) && sleep 0'
Using module file /home/kgluza/.local/pipx/venvs/ansible/lib/python3.10/site-packages/ansible/modules/command.py
<localhost> PUT /home/kgluza/.ansible/tmp/ansible-local-20012lbv5gcqw/tmpn4t1g8h2 TO /home/kgluza/.ansible/tmp/ansible-tmp-1758203865.9774804-20180-225025718596673/AnsiballZ_command.py
<localhost> EXEC /bin/sh -c 'chmod u+x /home/kgluza/.ansible/tmp/ansible-tmp-1758203865.9774804-20180-225025718596673/ /home/kgluza/.ansible/tmp/ansible-tmp-1758203865.9774804-20180-225025718596673/AnsiballZ_command.py && sleep 0'
<localhost> EXEC /bin/sh -c 'AZURE_CONFIG_DIR=/home/semaphore/.azure python3 /home/kgluza/.ansible/tmp/ansible-tmp-1758203865.9774804-20180-225025718596673/AnsiballZ_command.py && sleep 0'
<localhost> EXEC /bin/sh -c 'rm -f -r /home/kgluza/.ansible/tmp/ansible-tmp-1758203865.9774804-20180-225025718596673/ > /dev/null 2>&1 && sleep 0'
[1m# self_service_refresh : Execute restore point script (if PowerShell available) *******************************************[0m
  * [1m[34mlocalhost[0m                  - [0;32mchanged=False[0m -- [0;32mnon-zero return code[0m ------------------------
[1m# self_service_refresh : Display PowerShell not available warning *********************************************************[0m
  * [1m[34mlocalhost[0m                  - [0;36mskipped[0m -- Conditional result was False ---------------------------------
[1m# self_service_refresh : Display restore point result *********************************************************************[0m
  * [1m[34mlocalhost[0m                  - [0;32mchanged=False[0m -- [0;32m[0m --------------------------------------------
[1m# self_service_refresh : Step 2 - Stop destination environment ************************************************************[0m
  * [1m[34mlocalhost[0m                  - [0;32mchanged=False[0m -- [0;32m[0m --------------------------------------------
[1m# self_service_refresh : Display environment stop information *************************************************************[0m
  * [1m[34mlocalhost[0m                  - [0;32mchanged=False[0m --------------------------------------------------
    [0;32m🛑 Stopping Environment
    =======================
    Environment: dev (client1)
    Dry Run: true
    [0m
<localhost> ESTABLISH LOCAL CONNECTION FOR USER: kgluza
<localhost> EXEC /bin/sh -c 'echo ~kgluza && sleep 0'
<localhost> EXEC /bin/sh -c '( umask 77 && mkdir -p "` echo /home/kgluza/.ansible/tmp `"&& mkdir "` echo /home/kgluza/.ansible/tmp/ansible-tmp-1758203867.5102034-20244-217714926278055 `" && echo ansible-tmp-1758203867.5102034-20244-217714926278055="` echo /home/kgluza/.ansible/tmp/ansible-tmp-1758203867.5102034-20244-217714926278055 `" ) && sleep 0'
Using module file /home/kgluza/.local/pipx/venvs/ansible/lib/python3.10/site-packages/ansible/modules/stat.py
<localhost> PUT /home/kgluza/.ansible/tmp/ansible-local-20012lbv5gcqw/tmppg0ak7vp TO /home/kgluza/.ansible/tmp/ansible-tmp-1758203867.5102034-20244-217714926278055/AnsiballZ_stat.py
<localhost> EXEC /bin/sh -c 'chmod u+x /home/kgluza/.ansible/tmp/ansible-tmp-1758203867.5102034-20244-217714926278055/ /home/kgluza/.ansible/tmp/ansible-tmp-1758203867.5102034-20244-217714926278055/AnsiballZ_stat.py && sleep 0'
<localhost> EXEC /bin/sh -c 'AZURE_CONFIG_DIR=/home/semaphore/.azure python3 /home/kgluza/.ansible/tmp/ansible-tmp-1758203867.5102034-20244-217714926278055/AnsiballZ_stat.py && sleep 0'
<localhost> EXEC /bin/sh -c 'rm -f -r /home/kgluza/.ansible/tmp/ansible-tmp-1758203867.5102034-20244-217714926278055/ > /dev/null 2>&1 && sleep 0'
[1m# self_service_refresh : Check if stop environment script exists **********************************************************[0m
  * [1m[34mlocalhost[0m                  - [0;32mchanged=False[0m -- [0;32m[0m --------------------------------------------
<localhost> ESTABLISH LOCAL CONNECTION FOR USER: kgluza
<localhost> EXEC /bin/sh -c 'echo ~kgluza && sleep 0'
<localhost> EXEC /bin/sh -c '( umask 77 && mkdir -p "` echo /home/kgluza/.ansible/tmp `"&& mkdir "` echo /home/kgluza/.ansible/tmp/ansible-tmp-1758203867.681743-20272-133349791557830 `" && echo ansible-tmp-1758203867.681743-20272-133349791557830="` echo /home/kgluza/.ansible/tmp/ansible-tmp-1758203867.681743-20272-133349791557830 `" ) && sleep 0'
Using module file /home/kgluza/.local/pipx/venvs/ansible/lib/python3.10/site-packages/ansible/modules/command.py
<localhost> PUT /home/kgluza/.ansible/tmp/ansible-local-20012lbv5gcqw/tmpg2vpomuj TO /home/kgluza/.ansible/tmp/ansible-tmp-1758203867.681743-20272-133349791557830/AnsiballZ_command.py
<localhost> EXEC /bin/sh -c 'chmod u+x /home/kgluza/.ansible/tmp/ansible-tmp-1758203867.681743-20272-133349791557830/ /home/kgluza/.ansible/tmp/ansible-tmp-1758203867.681743-20272-133349791557830/AnsiballZ_command.py && sleep 0'
<localhost> EXEC /bin/sh -c 'AZURE_CONFIG_DIR=/home/semaphore/.azure python3 /home/kgluza/.ansible/tmp/ansible-tmp-1758203867.681743-20272-133349791557830/AnsiballZ_command.py && sleep 0'
<localhost> EXEC /bin/sh -c 'rm -f -r /home/kgluza/.ansible/tmp/ansible-tmp-1758203867.681743-20272-133349791557830/ > /dev/null 2>&1 && sleep 0'
[1m# self_service_refresh : Check if PowerShell is available *****************************************************************[0m
  * [1m[34mlocalhost[0m                  - [0;32mchanged=False[0m -- [0;32m[0m --------------------------------------------
<localhost> ESTABLISH LOCAL CONNECTION FOR USER: kgluza
<localhost> EXEC /bin/sh -c 'echo ~kgluza && sleep 0'
<localhost> EXEC /bin/sh -c '( umask 77 && mkdir -p "` echo /home/kgluza/.ansible/tmp `"&& mkdir "` echo /home/kgluza/.ansible/tmp/ansible-tmp-1758203867.8010976-20299-113219320052573 `" && echo ansible-tmp-1758203867.8010976-20299-113219320052573="` echo /home/kgluza/.ansible/tmp/ansible-tmp-1758203867.8010976-20299-113219320052573 `" ) && sleep 0'
Using module file /home/kgluza/.local/pipx/venvs/ansible/lib/python3.10/site-packages/ansible/modules/command.py
<localhost> PUT /home/kgluza/.ansible/tmp/ansible-local-20012lbv5gcqw/tmpekqcfawu TO /home/kgluza/.ansible/tmp/ansible-tmp-1758203867.8010976-20299-113219320052573/AnsiballZ_command.py
<localhost> EXEC /bin/sh -c 'chmod u+x /home/kgluza/.ansible/tmp/ansible-tmp-1758203867.8010976-20299-113219320052573/ /home/kgluza/.ansible/tmp/ansible-tmp-1758203867.8010976-20299-113219320052573/AnsiballZ_command.py && sleep 0'
<localhost> EXEC /bin/sh -c 'AZURE_CONFIG_DIR=/home/semaphore/.azure python3 /home/kgluza/.ansible/tmp/ansible-tmp-1758203867.8010976-20299-113219320052573/AnsiballZ_command.py && sleep 0'
<localhost> EXEC /bin/sh -c 'rm -f -r /home/kgluza/.ansible/tmp/ansible-tmp-1758203867.8010976-20299-113219320052573/ > /dev/null 2>&1 && sleep 0'
[1m# self_service_refresh : Execute stop environment script (if PowerShell available) ****************************************[0m
  * [1m[34mlocalhost[0m                  - [0;32mchanged=False[0m -- [0;32m[0m --------------------------------------------
[1m# Use Azure Kubernetes role as fallback ***********************************************************************************[0m
  * [1m[34mlocalhost[0m                  - [0;36mskipped[0m -- Conditional result was False ---------------------------------
[1m# self_service_refresh : Display stop environment result ******************************************************************[0m
  * [1m[34mlocalhost[0m                  - [0;32mchanged=False[0m -- [0;32m[0m --------------------------------------------
[1m# self_service_refresh : Step 3 - Copy attachments ************************************************************************[0m
  * [1m[34mlocalhost[0m                  - [0;32mchanged=False[0m -- [0;32m[0m --------------------------------------------
[1m# self_service_refresh : Display attachments copy information *************************************************************[0m
  * [1m[34mlocalhost[0m                  - [0;32mchanged=False[0m --------------------------------------------------
    [0;32m📎 Copying Attachments
    =====================
    Source: qa2 (services)
    Destination: dev (client1)
    Dry Run: true
    [0m
<localhost> ESTABLISH LOCAL CONNECTION FOR USER: kgluza
<localhost> EXEC /bin/sh -c 'echo ~kgluza && sleep 0'
<localhost> EXEC /bin/sh -c '( umask 77 && mkdir -p "` echo /home/kgluza/.ansible/tmp `"&& mkdir "` echo /home/kgluza/.ansible/tmp/ansible-tmp-1758203868.836815-20368-208028853971051 `" && echo ansible-tmp-1758203868.836815-20368-208028853971051="` echo /home/kgluza/.ansible/tmp/ansible-tmp-1758203868.836815-20368-208028853971051 `" ) && sleep 0'
Using module file /home/kgluza/.local/pipx/venvs/ansible/lib/python3.10/site-packages/ansible/modules/stat.py
<localhost> PUT /home/kgluza/.ansible/tmp/ansible-local-20012lbv5gcqw/tmp_ox5t1ig TO /home/kgluza/.ansible/tmp/ansible-tmp-1758203868.836815-20368-208028853971051/AnsiballZ_stat.py
<localhost> EXEC /bin/sh -c 'chmod u+x /home/kgluza/.ansible/tmp/ansible-tmp-1758203868.836815-20368-208028853971051/ /home/kgluza/.ansible/tmp/ansible-tmp-1758203868.836815-20368-208028853971051/AnsiballZ_stat.py && sleep 0'
<localhost> EXEC /bin/sh -c 'AZURE_CONFIG_DIR=/home/semaphore/.azure python3 /home/kgluza/.ansible/tmp/ansible-tmp-1758203868.836815-20368-208028853971051/AnsiballZ_stat.py && sleep 0'
<localhost> EXEC /bin/sh -c 'rm -f -r /home/kgluza/.ansible/tmp/ansible-tmp-1758203868.836815-20368-208028853971051/ > /dev/null 2>&1 && sleep 0'
[1m# self_service_refresh : Check if copy attachments script exists **********************************************************[0m
  * [1m[34mlocalhost[0m                  - [0;32mchanged=False[0m -- [0;32m[0m --------------------------------------------
<localhost> ESTABLISH LOCAL CONNECTION FOR USER: kgluza
<localhost> EXEC /bin/sh -c 'echo ~kgluza && sleep 0'
<localhost> EXEC /bin/sh -c '( umask 77 && mkdir -p "` echo /home/kgluza/.ansible/tmp `"&& mkdir "` echo /home/kgluza/.ansible/tmp/ansible-tmp-1758203868.961414-20396-14721448993041 `" && echo ansible-tmp-1758203868.961414-20396-14721448993041="` echo /home/kgluza/.ansible/tmp/ansible-tmp-1758203868.961414-20396-14721448993041 `" ) && sleep 0'
Using module file /home/kgluza/.local/pipx/venvs/ansible/lib/python3.10/site-packages/ansible/modules/command.py
<localhost> PUT /home/kgluza/.ansible/tmp/ansible-local-20012lbv5gcqw/tmpf3uaf2yy TO /home/kgluza/.ansible/tmp/ansible-tmp-1758203868.961414-20396-14721448993041/AnsiballZ_command.py
<localhost> EXEC /bin/sh -c 'chmod u+x /home/kgluza/.ansible/tmp/ansible-tmp-1758203868.961414-20396-14721448993041/ /home/kgluza/.ansible/tmp/ansible-tmp-1758203868.961414-20396-14721448993041/AnsiballZ_command.py && sleep 0'
<localhost> EXEC /bin/sh -c 'AZURE_CONFIG_DIR=/home/semaphore/.azure python3 /home/kgluza/.ansible/tmp/ansible-tmp-1758203868.961414-20396-14721448993041/AnsiballZ_command.py && sleep 0'
<localhost> EXEC /bin/sh -c 'rm -f -r /home/kgluza/.ansible/tmp/ansible-tmp-1758203868.961414-20396-14721448993041/ > /dev/null 2>&1 && sleep 0'
[1m# self_service_refresh : Execute copy attachments script ******************************************************************[0m
  * [1m[34mlocalhost[0m                  - [0;32mchanged=False[0m -- [0;32mnon-zero return code[0m ------------------------
[1m# self_service_refresh : Display copy attachments result ******************************************************************[0m
  * [1m[34mlocalhost[0m                  - [0;32mchanged=False[0m --------------------------------------------------
    [0;32m
    ╔════════════════════════════════════════════════════════════════════════════════════════════════════════════════════╗
    ║                                            🔄 STEP 3: COPY ATTACHMENTS RESULTS                                     ║
    ╚════════════════════════════════════════════════════════════════════════════════════════════════════════════════════╝
    
    📊 EXECUTION STATUS: FAILED (Exit Code: 1)
    
    ╭─────────────────────────────────────────────────────────────────────────────────────────────────────────────────────╮
    │ 📤 SCRIPT OUTPUT:                                                                                                      │
    ╰─────────────────────────────────────────────────────────────────────────────────────────────────────────────────────╯
      
    🔍 DRY RUN MODE - Copy Attachments
    ===================================
    No actual copy operations will be performed
    ❌ Error: No storage accounts found for source environment 'qa2' with multitenant 'services'
    Graph query: 
            resources
            | where type == 'microsoft.storage/storageaccounts'
            | where tags.Environment == 'qa2' and tags.Type == 'Primary' and name contains 'saservices'
            | project name, resourceGroup, subscriptionId
        
    
    ╭─────────────────────────────────────────────────────────────────────────────────────────────────────────────────────╮
    │ ⚠️  WARNINGS/ERRORS:                                                                                                   │
    ╰─────────────────────────────────────────────────────────────────────────────────────────────────────────────────────╯
      Traceback (most recent call last):
      File "<frozen runpy>", line 198, in _run_module_as_main
      File "<frozen runpy>", line 88, in _run_code
      File "/opt/az/lib/python3.12/site-packages/azure/cli/__main__.py", line 30, in <module>
        az_cli = get_default_cli()
                 ^^^^^^^^^^^^^^^^^
      File "/opt/az/lib/python3.12/site-packages/azure/cli/core/__init__.py", line 948, in get_default_cli
        from azure.cli.core.azlogging import AzCliLogging
      File "/opt/az/lib/python3.12/site-packages/azure/cli/core/azlogging.py", line 30, in <module>
        from azure.cli.core.commands.events import EVENT_INVOKER_PRE_CMD_TBL_TRUNCATE
      File "/opt/az/lib/python3.12/site-packages/azure/cli/core/commands/__init__.py", line 27, in <module>
        from azure.cli.core.extension import get_extension
      File "/opt/az/lib/python3.12/site-packages/azure/cli/core/extension/__init__.py", line 18, in <module>
        az_config = CLIConfig(config_dir=GLOBAL_CONFIG_DIR, config_env_var_prefix=ENV_VAR_PREFIX)
                    ^^^^^^^^^^^^^^^^^^^^^^^^^^^^^^^^^^^^^^^^^^^^^^^^^^^^^^^^^^^^^^^^^^^^^^^^^^^^^
      File "/opt/az/lib/python3.12/site-packages/knack/config.py", line 40, in __init__
        ensure_dir(config_dir)
      File "/opt/az/lib/python3.12/site-packages/knack/util.py", line 114, in ensure_dir
        raise e
      File "/opt/az/lib/python3.12/site-packages/knack/util.py", line 111, in ensure_dir
        os.makedirs(d)
      File "<frozen os>", line 215, in makedirs
      File "<frozen os>", line 225, in makedirs
    PermissionError: [Errno 13] Permission denied: '/home/semaphore'
    
    🔧 Command: pwsh -File /home/kgluza/Manufacturo/ansible-for-semaphore/roles/self_service_refresh/files/2_copy_attachments/CopyAttachments.ps1 -source "qa2" -destination "dev" -SourceNamespace "services" -DestinationNamespace "client1" -DryRun
    [0m
[1m# self_service_refresh : Fail if copy attachments had critical error ******************************************************[0m
  * [1m[34mlocalhost[0m                  - [0;36mskipped[0m -- Conditional result was False ---------------------------------
[1m# Use Azure Storage role as fallback **************************************************************************************[0m
  * [1m[34mlocalhost[0m                  - [0;36mskipped[0m -- Conditional result was False ---------------------------------
[1m# self_service_refresh : Display copy attachments result ******************************************************************[0m
  * [1m[34mlocalhost[0m                  - [0;32mchanged=False[0m -- [0;32m[0m --------------------------------------------
[1m# self_service_refresh : Step 4 - Copy database ***************************************************************************[0m
  * [1m[34mlocalhost[0m                  - [0;32mchanged=False[0m -- [0;32m[0m --------------------------------------------
[1m# self_service_refresh : Display database copy information ****************************************************************[0m
  * [1m[34mlocalhost[0m                  - [0;32mchanged=False[0m --------------------------------------------------
    [0;32m📋 Copying Database
    ==================
    Source: qa2 (services)
    Destination: dev (client1)
    Dry Run: true
    [0m
<localhost> ESTABLISH LOCAL CONNECTION FOR USER: kgluza
<localhost> EXEC /bin/sh -c 'echo ~kgluza && sleep 0'
<localhost> EXEC /bin/sh -c '( umask 77 && mkdir -p "` echo /home/kgluza/.ansible/tmp `"&& mkdir "` echo /home/kgluza/.ansible/tmp/ansible-tmp-1758203869.9311643-20462-187222386606688 `" && echo ansible-tmp-1758203869.9311643-20462-187222386606688="` echo /home/kgluza/.ansible/tmp/ansible-tmp-1758203869.9311643-20462-187222386606688 `" ) && sleep 0'
Using module file /home/kgluza/.local/pipx/venvs/ansible/lib/python3.10/site-packages/ansible/modules/command.py
<localhost> PUT /home/kgluza/.ansible/tmp/ansible-local-20012lbv5gcqw/tmptzl90oft TO /home/kgluza/.ansible/tmp/ansible-tmp-1758203869.9311643-20462-187222386606688/AnsiballZ_command.py
<localhost> EXEC /bin/sh -c 'chmod u+x /home/kgluza/.ansible/tmp/ansible-tmp-1758203869.9311643-20462-187222386606688/ /home/kgluza/.ansible/tmp/ansible-tmp-1758203869.9311643-20462-187222386606688/AnsiballZ_command.py && sleep 0'
<localhost> EXEC /bin/sh -c 'AZURE_CONFIG_DIR=/home/semaphore/.azure python3 /home/kgluza/.ansible/tmp/ansible-tmp-1758203869.9311643-20462-187222386606688/AnsiballZ_command.py && sleep 0'
<localhost> EXEC /bin/sh -c 'rm -f -r /home/kgluza/.ansible/tmp/ansible-tmp-1758203869.9311643-20462-187222386606688/ > /dev/null 2>&1 && sleep 0'
[1m# self_service_refresh : Check if PowerShell is available *****************************************************************[0m
  * [1m[34mlocalhost[0m                  - [0;32mchanged=False[0m -- [0;32m[0m --------------------------------------------
<localhost> ESTABLISH LOCAL CONNECTION FOR USER: kgluza
<localhost> EXEC /bin/sh -c 'echo ~kgluza && sleep 0'
<localhost> EXEC /bin/sh -c '( umask 77 && mkdir -p "` echo /home/kgluza/.ansible/tmp `"&& mkdir "` echo /home/kgluza/.ansible/tmp/ansible-tmp-1758203870.0534267-20489-105298071326479 `" && echo ansible-tmp-1758203870.0534267-20489-105298071326479="` echo /home/kgluza/.ansible/tmp/ansible-tmp-1758203870.0534267-20489-105298071326479 `" ) && sleep 0'
Using module file /home/kgluza/.local/pipx/venvs/ansible/lib/python3.10/site-packages/ansible/modules/command.py
<localhost> PUT /home/kgluza/.ansible/tmp/ansible-local-20012lbv5gcqw/tmpwfy1ryy1 TO /home/kgluza/.ansible/tmp/ansible-tmp-1758203870.0534267-20489-105298071326479/AnsiballZ_command.py
<localhost> EXEC /bin/sh -c 'chmod u+x /home/kgluza/.ansible/tmp/ansible-tmp-1758203870.0534267-20489-105298071326479/ /home/kgluza/.ansible/tmp/ansible-tmp-1758203870.0534267-20489-105298071326479/AnsiballZ_command.py && sleep 0'
<localhost> EXEC /bin/sh -c 'AZURE_CONFIG_DIR=/home/semaphore/.azure python3 /home/kgluza/.ansible/tmp/ansible-tmp-1758203870.0534267-20489-105298071326479/AnsiballZ_command.py && sleep 0'
<localhost> EXEC /bin/sh -c 'rm -f -r /home/kgluza/.ansible/tmp/ansible-tmp-1758203870.0534267-20489-105298071326479/ > /dev/null 2>&1 && sleep 0'
[1m# self_service_refresh : Execute database copy script (if PowerShell available) *******************************************[0m
  * [1m[34mlocalhost[0m                  - [0;32mchanged=False[0m -- [0;32mnon-zero return code[0m ------------------------
[1m# self_service_refresh : Display PowerShell not available warning *********************************************************[0m
  * [1m[34mlocalhost[0m                  - [0;36mskipped[0m -- Conditional result was False ---------------------------------
[1m# self_service_refresh : Display database copy result *********************************************************************[0m
  * [1m[34mlocalhost[0m                  - [0;32mchanged=False[0m -- [0;32m[0m --------------------------------------------
[1m# self_service_refresh : Step 5 - Cleanup environment configuration *******************************************************[0m
  * [1m[34mlocalhost[0m                  - [0;32mchanged=False[0m -- [0;32m[0m --------------------------------------------
[1m# self_service_refresh : Display cleanup environment configuration information ********************************************[0m
  * [1m[34mlocalhost[0m                  - [0;32mchanged=False[0m --------------------------------------------------
    [0;32m🧹 Cleanup Environment Configuration
    ===================================
    Source Environment: qa2 (services)
    Destination Environment: dev (client1)
    Customer Alias to Remove: N/A
    Domain: dev.azure
    Dry Run: true
    [0m
<localhost> ESTABLISH LOCAL CONNECTION FOR USER: kgluza
<localhost> EXEC /bin/sh -c 'echo ~kgluza && sleep 0'
<localhost> EXEC /bin/sh -c '( umask 77 && mkdir -p "` echo /home/kgluza/.ansible/tmp `"&& mkdir "` echo /home/kgluza/.ansible/tmp/ansible-tmp-1758203870.897224-20548-80821208511691 `" && echo ansible-tmp-1758203870.897224-20548-80821208511691="` echo /home/kgluza/.ansible/tmp/ansible-tmp-1758203870.897224-20548-80821208511691 `" ) && sleep 0'
Using module file /home/kgluza/.local/pipx/venvs/ansible/lib/python3.10/site-packages/ansible/modules/stat.py
<localhost> PUT /home/kgluza/.ansible/tmp/ansible-local-20012lbv5gcqw/tmprddxtj9t TO /home/kgluza/.ansible/tmp/ansible-tmp-1758203870.897224-20548-80821208511691/AnsiballZ_stat.py
<localhost> EXEC /bin/sh -c 'chmod u+x /home/kgluza/.ansible/tmp/ansible-tmp-1758203870.897224-20548-80821208511691/ /home/kgluza/.ansible/tmp/ansible-tmp-1758203870.897224-20548-80821208511691/AnsiballZ_stat.py && sleep 0'
<localhost> EXEC /bin/sh -c 'AZURE_CONFIG_DIR=/home/semaphore/.azure python3 /home/kgluza/.ansible/tmp/ansible-tmp-1758203870.897224-20548-80821208511691/AnsiballZ_stat.py && sleep 0'
<localhost> EXEC /bin/sh -c 'rm -f -r /home/kgluza/.ansible/tmp/ansible-tmp-1758203870.897224-20548-80821208511691/ > /dev/null 2>&1 && sleep 0'
[1m# self_service_refresh : Check if cleanup environment config script exists ************************************************[0m
  * [1m[34mlocalhost[0m                  - [0;32mchanged=False[0m -- [0;32m[0m --------------------------------------------
<localhost> ESTABLISH LOCAL CONNECTION FOR USER: kgluza
<localhost> EXEC /bin/sh -c 'echo ~kgluza && sleep 0'
<localhost> EXEC /bin/sh -c '( umask 77 && mkdir -p "` echo /home/kgluza/.ansible/tmp `"&& mkdir "` echo /home/kgluza/.ansible/tmp/ansible-tmp-1758203871.030671-20576-250625757832693 `" && echo ansible-tmp-1758203871.030671-20576-250625757832693="` echo /home/kgluza/.ansible/tmp/ansible-tmp-1758203871.030671-20576-250625757832693 `" ) && sleep 0'
Using module file /home/kgluza/.local/pipx/venvs/ansible/lib/python3.10/site-packages/ansible/modules/command.py
<localhost> PUT /home/kgluza/.ansible/tmp/ansible-local-20012lbv5gcqw/tmpuzdatbnc TO /home/kgluza/.ansible/tmp/ansible-tmp-1758203871.030671-20576-250625757832693/AnsiballZ_command.py
<localhost> EXEC /bin/sh -c 'chmod u+x /home/kgluza/.ansible/tmp/ansible-tmp-1758203871.030671-20576-250625757832693/ /home/kgluza/.ansible/tmp/ansible-tmp-1758203871.030671-20576-250625757832693/AnsiballZ_command.py && sleep 0'
<localhost> EXEC /bin/sh -c 'AZURE_CONFIG_DIR=/home/semaphore/.azure python3 /home/kgluza/.ansible/tmp/ansible-tmp-1758203871.030671-20576-250625757832693/AnsiballZ_command.py && sleep 0'
<localhost> EXEC /bin/sh -c 'rm -f -r /home/kgluza/.ansible/tmp/ansible-tmp-1758203871.030671-20576-250625757832693/ > /dev/null 2>&1 && sleep 0'
[1m# self_service_refresh : Execute cleanup environment configuration script *************************************************[0m
  * [1m[34mlocalhost[0m                  - [0;32mchanged=False[0m -- [0;32mnon-zero return code[0m ------------------------
[1m# self_service_refresh : Display cleanup configuration result *************************************************************[0m
  * [1m[34mlocalhost[0m                  - [0;32mchanged=False[0m --------------------------------------------------
    [0;32m⚡ Cleanup Environment Configuration Results:
    Exit Code: 1
    Command: pwsh -File /home/kgluza/Manufacturo/ansible-for-semaphore/roles/self_service_refresh/files/3_adjust_resources/cleanup_environment_config.ps1 -destination "dev" -EnvironmentToClean "qa2" -MultitenantToRemove "services" -CustomerAliasToRemove "" -domain "dev.azure" -DestinationNamespace "client1" -DryRun
    
    📤 STDOUT:
    
    🔍 DRY RUN MODE - Cleanup Environment Configuration
    ===============================================
    No actual cleanup will be performed
    Destination: , , , 
    Cleaning up configuration for environment: qa2-services
    
    Retrieving databases from: 
    No databases found on server ''
    
    📤 STDERR:
    Traceback (most recent call last):
      File "<frozen runpy>", line 198, in _run_module_as_main
      File "<frozen runpy>", line 88, in _run_code
      File "/opt/az/lib/python3.12/site-packages/azure/cli/__main__.py", line 30, in <module>
        az_cli = get_default_cli()
                 ^^^^^^^^^^^^^^^^^
      File "/opt/az/lib/python3.12/site-packages/azure/cli/core/__init__.py", line 948, in get_default_cli
        from azure.cli.core.azlogging import AzCliLogging
      File "/opt/az/lib/python3.12/site-packages/azure/cli/core/azlogging.py", line 30, in <module>
        from azure.cli.core.commands.events import EVENT_INVOKER_PRE_CMD_TBL_TRUNCATE
      File "/opt/az/lib/python3.12/site-packages/azure/cli/core/commands/__init__.py", line 27, in <module>
        from azure.cli.core.extension import get_extension
      File "/opt/az/lib/python3.12/site-packages/azure/cli/core/extension/__init__.py", line 18, in <module>
        az_config = CLIConfig(config_dir=GLOBAL_CONFIG_DIR, config_env_var_prefix=ENV_VAR_PREFIX)
                    ^^^^^^^^^^^^^^^^^^^^^^^^^^^^^^^^^^^^^^^^^^^^^^^^^^^^^^^^^^^^^^^^^^^^^^^^^^^^^
      File "/opt/az/lib/python3.12/site-packages/knack/config.py", line 40, in __init__
        ensure_dir(config_dir)
      File "/opt/az/lib/python3.12/site-packages/knack/util.py", line 114, in ensure_dir
        raise e
      File "/opt/az/lib/python3.12/site-packages/knack/util.py", line 111, in ensure_dir
        os.makedirs(d)
      File "<frozen os>", line 215, in makedirs
      File "<frozen os>", line 225, in makedirs
    PermissionError: [Errno 13] Permission denied: '/home/semaphore'
    InvalidOperation: /home/kgluza/Manufacturo/ansible-for-semaphore/roles/self_service_refresh/files/3_adjust_resources/cleanup_environment_config.ps1:32
    Line |
      32 |  $dest_subscription = $server[0].subscriptionId
         |  ~~~~~~~~~~~~~~~~~~~~~~~~~~~~~~~~~~~~~~~~~~~~~~
         | Cannot index into a null array.
    InvalidOperation: /home/kgluza/Manufacturo/ansible-for-semaphore/roles/self_service_refresh/files/3_adjust_resources/cleanup_environment_config.ps1:33
    Line |
      33 |  $dest_server = $server[0].name
         |  ~~~~~~~~~~~~~~~~~~~~~~~~~~~~~~
         | Cannot index into a null array.
    InvalidOperation: /home/kgluza/Manufacturo/ansible-for-semaphore/roles/self_service_refresh/files/3_adjust_resources/cleanup_environment_config.ps1:34
    Line |
      34 |  $dest_rg = $server[0].resourceGroup
         |  ~~~~~~~~~~~~~~~~~~~~~~~~~~~~~~~~~~~
         | Cannot index into a null array.
    InvalidOperation: /home/kgluza/Manufacturo/ansible-for-semaphore/roles/self_service_refresh/files/3_adjust_resources/cleanup_environment_config.ps1:35
    Line |
      35 |  $dest_fqdn = $server[0].fqdn
         |  ~~~~~~~~~~~~~~~~~~~~~~~~~~~~
         | Cannot index into a null array.
    Traceback (most recent call last):
      File "<frozen runpy>", line 198, in _run_module_as_main
      File "<frozen runpy>", line 88, in _run_code
      File "/opt/az/lib/python3.12/site-packages/azure/cli/__main__.py", line 30, in <module>
        az_cli = get_default_cli()
                 ^^^^^^^^^^^^^^^^^
      File "/opt/az/lib/python3.12/site-packages/azure/cli/core/__init__.py", line 948, in get_default_cli
        from azure.cli.core.azlogging import AzCliLogging
      File "/opt/az/lib/python3.12/site-packages/azure/cli/core/azlogging.py", line 30, in <module>
        from azure.cli.core.commands.events import EVENT_INVOKER_PRE_CMD_TBL_TRUNCATE
      File "/opt/az/lib/python3.12/site-packages/azure/cli/core/commands/__init__.py", line 27, in <module>
        from azure.cli.core.extension import get_extension
      File "/opt/az/lib/python3.12/site-packages/azure/cli/core/extension/__init__.py", line 18, in <module>
        az_config = CLIConfig(config_dir=GLOBAL_CONFIG_DIR, config_env_var_prefix=ENV_VAR_PREFIX)
                    ^^^^^^^^^^^^^^^^^^^^^^^^^^^^^^^^^^^^^^^^^^^^^^^^^^^^^^^^^^^^^^^^^^^^^^^^^^^^^
      File "/opt/az/lib/python3.12/site-packages/knack/config.py", line 40, in __init__
        ensure_dir(config_dir)
      File "/opt/az/lib/python3.12/site-packages/knack/util.py", line 114, in ensure_dir
        raise e
      File "/opt/az/lib/python3.12/site-packages/knack/util.py", line 111, in ensure_dir
        os.makedirs(d)
      File "<frozen os>", line 215, in makedirs
      File "<frozen os>", line 225, in makedirs
    PermissionError: [Errno 13] Permission denied: '/home/semaphore'
    Traceback (most recent call last):
      File "<frozen runpy>", line 198, in _run_module_as_main
      File "<frozen runpy>", line 88, in _run_code
      File "/opt/az/lib/python3.12/site-packages/azure/cli/__main__.py", line 30, in <module>
        az_cli = get_default_cli()
                 ^^^^^^^^^^^^^^^^^
      File "/opt/az/lib/python3.12/site-packages/azure/cli/core/__init__.py", line 948, in get_default_cli
        from azure.cli.core.azlogging import AzCliLogging
      File "/opt/az/lib/python3.12/site-packages/azure/cli/core/azlogging.py", line 30, in <module>
        from azure.cli.core.commands.events import EVENT_INVOKER_PRE_CMD_TBL_TRUNCATE
      File "/opt/az/lib/python3.12/site-packages/azure/cli/core/commands/__init__.py", line 27, in <module>
        from azure.cli.core.extension import get_extension
      File "/opt/az/lib/python3.12/site-packages/azure/cli/core/extension/__init__.py", line 18, in <module>
        az_config = CLIConfig(config_dir=GLOBAL_CONFIG_DIR, config_env_var_prefix=ENV_VAR_PREFIX)
                    ^^^^^^^^^^^^^^^^^^^^^^^^^^^^^^^^^^^^^^^^^^^^^^^^^^^^^^^^^^^^^^^^^^^^^^^^^^^^^
      File "/opt/az/lib/python3.12/site-packages/knack/config.py", line 40, in __init__
        ensure_dir(config_dir)
      File "/opt/az/lib/python3.12/site-packages/knack/util.py", line 114, in ensure_dir
        raise e
      File "/opt/az/lib/python3.12/site-packages/knack/util.py", line 111, in ensure_dir
        os.makedirs(d)
      File "<frozen os>", line 215, in makedirs
      File "<frozen os>", line 225, in makedirs
    PermissionError: [Errno 13] Permission denied: '/home/semaphore'
    [0m
[1m# self_service_refresh : Display missing script information ***************************************************************[0m
  * [1m[34mlocalhost[0m                  - [0;36mskipped[0m -- Conditional result was False ---------------------------------
[1m# self_service_refresh : Fail if cleanup configuration had critical error *************************************************[0m
  * [1m[34mlocalhost[0m                  - [0;36mskipped[0m -- Conditional result was False ---------------------------------
[1m# self_service_refresh : Step 6 - Revert SQL users ************************************************************************[0m
  * [1m[34mlocalhost[0m                  - [0;32mchanged=False[0m -- [0;32m[0m --------------------------------------------
[1m# self_service_refresh : Display revert SQL users information *************************************************************[0m
  * [1m[34mlocalhost[0m                  - [0;32mchanged=False[0m --------------------------------------------------
    [0;32m🔄 Revert SQL Users
    ==================
    Source Environment: qa2 (services)
    Destination Environment: dev (client1)
    Dry Run: true
    [0m
<localhost> ESTABLISH LOCAL CONNECTION FOR USER: kgluza
<localhost> EXEC /bin/sh -c 'echo ~kgluza && sleep 0'
<localhost> EXEC /bin/sh -c '( umask 77 && mkdir -p "` echo /home/kgluza/.ansible/tmp `"&& mkdir "` echo /home/kgluza/.ansible/tmp/ansible-tmp-1758203872.3714423-20652-275979030767205 `" && echo ansible-tmp-1758203872.3714423-20652-275979030767205="` echo /home/kgluza/.ansible/tmp/ansible-tmp-1758203872.3714423-20652-275979030767205 `" ) && sleep 0'
Using module file /home/kgluza/.local/pipx/venvs/ansible/lib/python3.10/site-packages/ansible/modules/stat.py
<localhost> PUT /home/kgluza/.ansible/tmp/ansible-local-20012lbv5gcqw/tmplqhmbw1i TO /home/kgluza/.ansible/tmp/ansible-tmp-1758203872.3714423-20652-275979030767205/AnsiballZ_stat.py
<localhost> EXEC /bin/sh -c 'chmod u+x /home/kgluza/.ansible/tmp/ansible-tmp-1758203872.3714423-20652-275979030767205/ /home/kgluza/.ansible/tmp/ansible-tmp-1758203872.3714423-20652-275979030767205/AnsiballZ_stat.py && sleep 0'
<localhost> EXEC /bin/sh -c 'AZURE_CONFIG_DIR=/home/semaphore/.azure python3 /home/kgluza/.ansible/tmp/ansible-tmp-1758203872.3714423-20652-275979030767205/AnsiballZ_stat.py && sleep 0'
<localhost> EXEC /bin/sh -c 'rm -f -r /home/kgluza/.ansible/tmp/ansible-tmp-1758203872.3714423-20652-275979030767205/ > /dev/null 2>&1 && sleep 0'
[1m# self_service_refresh : Check if SQL configure users script exists *******************************************************[0m
  * [1m[34mlocalhost[0m                  - [0;32mchanged=False[0m -- [0;32m[0m --------------------------------------------
<localhost> ESTABLISH LOCAL CONNECTION FOR USER: kgluza
<localhost> EXEC /bin/sh -c 'echo ~kgluza && sleep 0'
<localhost> EXEC /bin/sh -c '( umask 77 && mkdir -p "` echo /home/kgluza/.ansible/tmp `"&& mkdir "` echo /home/kgluza/.ansible/tmp/ansible-tmp-1758203872.4986246-20680-241435580661138 `" && echo ansible-tmp-1758203872.4986246-20680-241435580661138="` echo /home/kgluza/.ansible/tmp/ansible-tmp-1758203872.4986246-20680-241435580661138 `" ) && sleep 0'
Using module file /home/kgluza/.local/pipx/venvs/ansible/lib/python3.10/site-packages/ansible/modules/command.py
<localhost> PUT /home/kgluza/.ansible/tmp/ansible-local-20012lbv5gcqw/tmplwmm4863 TO /home/kgluza/.ansible/tmp/ansible-tmp-1758203872.4986246-20680-241435580661138/AnsiballZ_command.py
<localhost> EXEC /bin/sh -c 'chmod u+x /home/kgluza/.ansible/tmp/ansible-tmp-1758203872.4986246-20680-241435580661138/ /home/kgluza/.ansible/tmp/ansible-tmp-1758203872.4986246-20680-241435580661138/AnsiballZ_command.py && sleep 0'
<localhost> EXEC /bin/sh -c 'AZURE_CONFIG_DIR=/home/semaphore/.azure python3 /home/kgluza/.ansible/tmp/ansible-tmp-1758203872.4986246-20680-241435580661138/AnsiballZ_command.py && sleep 0'
<localhost> EXEC /bin/sh -c 'rm -f -r /home/kgluza/.ansible/tmp/ansible-tmp-1758203872.4986246-20680-241435580661138/ > /dev/null 2>&1 && sleep 0'
[1m# self_service_refresh : Execute revert SQL users script ******************************************************************[0m
  * [1m[34mlocalhost[0m                  - [0;32mchanged=False[0m -- [0;32m[0m --------------------------------------------
[1m# self_service_refresh : Display revert SQL users result ******************************************************************[0m
  * [1m[34mlocalhost[0m                  - [0;32mchanged=False[0m --------------------------------------------------
    [0;32m⚡ Revert SQL Users Results:
    Exit Code: 0
    Command: pwsh -File /home/kgluza/Manufacturo/ansible-for-semaphore/roles/self_service_refresh/files/3_adjust_resources/sql_configure_users.ps1 -Environments "dev" -Clients "client1" -Revert -EnvironmentToRevert "qa2" -MultitenantToRevert "services" -AutoApprove -StopOnFailure -DryRun
    
    📤 STDOUT:
    
    🔍 DRY RUN - REVERT MODE - SQL Configure Users
    ===============================================
    Would remove SQL user configurations for environment: qa2
    Multitenant: services
    No actual SQL user removal will be performed
    No databases found
    
    📤 STDERR:
    Traceback (most recent call last):
      File "<frozen runpy>", line 198, in _run_module_as_main
      File "<frozen runpy>", line 88, in _run_code
      File "/opt/az/lib/python3.12/site-packages/azure/cli/__main__.py", line 30, in <module>
        az_cli = get_default_cli()
                 ^^^^^^^^^^^^^^^^^
      File "/opt/az/lib/python3.12/site-packages/azure/cli/core/__init__.py", line 948, in get_default_cli
        from azure.cli.core.azlogging import AzCliLogging
      File "/opt/az/lib/python3.12/site-packages/azure/cli/core/azlogging.py", line 30, in <module>
        from azure.cli.core.commands.events import EVENT_INVOKER_PRE_CMD_TBL_TRUNCATE
      File "/opt/az/lib/python3.12/site-packages/azure/cli/core/commands/__init__.py", line 27, in <module>
        from azure.cli.core.extension import get_extension
      File "/opt/az/lib/python3.12/site-packages/azure/cli/core/extension/__init__.py", line 18, in <module>
        az_config = CLIConfig(config_dir=GLOBAL_CONFIG_DIR, config_env_var_prefix=ENV_VAR_PREFIX)
                    ^^^^^^^^^^^^^^^^^^^^^^^^^^^^^^^^^^^^^^^^^^^^^^^^^^^^^^^^^^^^^^^^^^^^^^^^^^^^^
      File "/opt/az/lib/python3.12/site-packages/knack/config.py", line 40, in __init__
        ensure_dir(config_dir)
      File "/opt/az/lib/python3.12/site-packages/knack/util.py", line 114, in ensure_dir
        raise e
      File "/opt/az/lib/python3.12/site-packages/knack/util.py", line 111, in ensure_dir
        os.makedirs(d)
      File "<frozen os>", line 215, in makedirs
      File "<frozen os>", line 225, in makedirs
    PermissionError: [Errno 13] Permission denied: '/home/semaphore'
    [0m
[1m# self_service_refresh : Display missing script information ***************************************************************[0m
  * [1m[34mlocalhost[0m                  - [0;36mskipped[0m -- Conditional result was False ---------------------------------
[1m# self_service_refresh : Fail if revert users had critical error **********************************************************[0m
  * [1m[34mlocalhost[0m                  - [0;36mskipped[0m -- Conditional result was False ---------------------------------
[1m# self_service_refresh : Step 7 - Adjust resources ************************************************************************[0m
  * [1m[34mlocalhost[0m                  - [0;32mchanged=False[0m -- [0;32m[0m --------------------------------------------
[1m# self_service_refresh : Display resource adjustment information **********************************************************[0m
  * [1m[34mlocalhost[0m                  - [0;32mchanged=False[0m --------------------------------------------------
    [0;32m⚙️ Adjusting Resources
    =====================
    Environment: dev
    Customer Alias: qa2-services
    Dry Run: true
    [0m
<localhost> ESTABLISH LOCAL CONNECTION FOR USER: kgluza
<localhost> EXEC /bin/sh -c 'echo ~kgluza && sleep 0'
<localhost> EXEC /bin/sh -c '( umask 77 && mkdir -p "` echo /home/kgluza/.ansible/tmp `"&& mkdir "` echo /home/kgluza/.ansible/tmp/ansible-tmp-1758203873.5142486-20742-263854706463561 `" && echo ansible-tmp-1758203873.5142486-20742-263854706463561="` echo /home/kgluza/.ansible/tmp/ansible-tmp-1758203873.5142486-20742-263854706463561 `" ) && sleep 0'
Using module file /home/kgluza/.local/pipx/venvs/ansible/lib/python3.10/site-packages/ansible/modules/stat.py
<localhost> PUT /home/kgluza/.ansible/tmp/ansible-local-20012lbv5gcqw/tmphluud1na TO /home/kgluza/.ansible/tmp/ansible-tmp-1758203873.5142486-20742-263854706463561/AnsiballZ_stat.py
<localhost> EXEC /bin/sh -c 'chmod u+x /home/kgluza/.ansible/tmp/ansible-tmp-1758203873.5142486-20742-263854706463561/ /home/kgluza/.ansible/tmp/ansible-tmp-1758203873.5142486-20742-263854706463561/AnsiballZ_stat.py && sleep 0'
<localhost> EXEC /bin/sh -c 'AZURE_CONFIG_DIR=/home/semaphore/.azure python3 /home/kgluza/.ansible/tmp/ansible-tmp-1758203873.5142486-20742-263854706463561/AnsiballZ_stat.py && sleep 0'
<localhost> EXEC /bin/sh -c 'rm -f -r /home/kgluza/.ansible/tmp/ansible-tmp-1758203873.5142486-20742-263854706463561/ > /dev/null 2>&1 && sleep 0'
[1m# self_service_refresh : Check if adjust resources script exists (adjust_db.ps1) ******************************************[0m
  * [1m[34mlocalhost[0m                  - [0;32mchanged=False[0m -- [0;32m[0m --------------------------------------------
<localhost> ESTABLISH LOCAL CONNECTION FOR USER: kgluza
<localhost> EXEC /bin/sh -c 'echo ~kgluza && sleep 0'
<localhost> EXEC /bin/sh -c '( umask 77 && mkdir -p "` echo /home/kgluza/.ansible/tmp `"&& mkdir "` echo /home/kgluza/.ansible/tmp/ansible-tmp-1758203873.6274045-20770-238718397009690 `" && echo ansible-tmp-1758203873.6274045-20770-238718397009690="` echo /home/kgluza/.ansible/tmp/ansible-tmp-1758203873.6274045-20770-238718397009690 `" ) && sleep 0'
Using module file /home/kgluza/.local/pipx/venvs/ansible/lib/python3.10/site-packages/ansible/modules/stat.py
<localhost> PUT /home/kgluza/.ansible/tmp/ansible-local-20012lbv5gcqw/tmpjwjkv1a4 TO /home/kgluza/.ansible/tmp/ansible-tmp-1758203873.6274045-20770-238718397009690/AnsiballZ_stat.py
<localhost> EXEC /bin/sh -c 'chmod u+x /home/kgluza/.ansible/tmp/ansible-tmp-1758203873.6274045-20770-238718397009690/ /home/kgluza/.ansible/tmp/ansible-tmp-1758203873.6274045-20770-238718397009690/AnsiballZ_stat.py && sleep 0'
<localhost> EXEC /bin/sh -c 'AZURE_CONFIG_DIR=/home/semaphore/.azure python3 /home/kgluza/.ansible/tmp/ansible-tmp-1758203873.6274045-20770-238718397009690/AnsiballZ_stat.py && sleep 0'
<localhost> EXEC /bin/sh -c 'rm -f -r /home/kgluza/.ansible/tmp/ansible-tmp-1758203873.6274045-20770-238718397009690/ > /dev/null 2>&1 && sleep 0'
[1m# self_service_refresh : Check if adjust resources directory exists *******************************************************[0m
  * [1m[34mlocalhost[0m                  - [0;32mchanged=False[0m -- [0;32m[0m --------------------------------------------
<localhost> ESTABLISH LOCAL CONNECTION FOR USER: kgluza
<localhost> EXEC /bin/sh -c 'echo ~kgluza && sleep 0'
<localhost> EXEC /bin/sh -c '( umask 77 && mkdir -p "` echo /home/kgluza/.ansible/tmp `"&& mkdir "` echo /home/kgluza/.ansible/tmp/ansible-tmp-1758203873.7521484-20798-232861883711302 `" && echo ansible-tmp-1758203873.7521484-20798-232861883711302="` echo /home/kgluza/.ansible/tmp/ansible-tmp-1758203873.7521484-20798-232861883711302 `" ) && sleep 0'
Using module file /home/kgluza/.local/pipx/venvs/ansible/lib/python3.10/site-packages/ansible/modules/command.py
<localhost> PUT /home/kgluza/.ansible/tmp/ansible-local-20012lbv5gcqw/tmpjr4uj5r0 TO /home/kgluza/.ansible/tmp/ansible-tmp-1758203873.7521484-20798-232861883711302/AnsiballZ_command.py
<localhost> EXEC /bin/sh -c 'chmod u+x /home/kgluza/.ansible/tmp/ansible-tmp-1758203873.7521484-20798-232861883711302/ /home/kgluza/.ansible/tmp/ansible-tmp-1758203873.7521484-20798-232861883711302/AnsiballZ_command.py && sleep 0'
<localhost> EXEC /bin/sh -c 'AZURE_CONFIG_DIR=/home/semaphore/.azure python3 /home/kgluza/.ansible/tmp/ansible-tmp-1758203873.7521484-20798-232861883711302/AnsiballZ_command.py && sleep 0'
<localhost> EXEC /bin/sh -c 'rm -f -r /home/kgluza/.ansible/tmp/ansible-tmp-1758203873.7521484-20798-232861883711302/ > /dev/null 2>&1 && sleep 0'
[1m# self_service_refresh : Execute adjust resources script (adjust_db.ps1) **************************************************[0m
  * [1m[34mlocalhost[0m                  - [0;32mchanged=False[0m -- [0;32mnon-zero return code[0m ------------------------
[1m# self_service_refresh : Display adjust resources result ******************************************************************[0m
  * [1m[34mlocalhost[0m                  - [0;32mchanged=False[0m --------------------------------------------------
    [0;32m⚡ Adjust Resources Script Results:
    Exit Code: 1
    Command: pwsh -File /home/kgluza/Manufacturo/ansible-for-semaphore/roles/self_service_refresh/files/3_adjust_resources/AdjustResources.ps1 -environment "dev" -namespace "client1" -customerAlias "qa2-services" -DryRun
    
    📤 STDOUT:
    
    🔍 DRY RUN MODE - Adjust Database
    =================================
    No actual database adjustments will be performed
    Destination: , , , 
    
    Retrieving databases from: 
    No databases found on server ''
    
    📤 STDERR:
    Traceback (most recent call last):
      File "<frozen runpy>", line 198, in _run_module_as_main
      File "<frozen runpy>", line 88, in _run_code
      File "/opt/az/lib/python3.12/site-packages/azure/cli/__main__.py", line 30, in <module>
        az_cli = get_default_cli()
                 ^^^^^^^^^^^^^^^^^
      File "/opt/az/lib/python3.12/site-packages/azure/cli/core/__init__.py", line 948, in get_default_cli
        from azure.cli.core.azlogging import AzCliLogging
      File "/opt/az/lib/python3.12/site-packages/azure/cli/core/azlogging.py", line 30, in <module>
        from azure.cli.core.commands.events import EVENT_INVOKER_PRE_CMD_TBL_TRUNCATE
      File "/opt/az/lib/python3.12/site-packages/azure/cli/core/commands/__init__.py", line 27, in <module>
        from azure.cli.core.extension import get_extension
      File "/opt/az/lib/python3.12/site-packages/azure/cli/core/extension/__init__.py", line 18, in <module>
        az_config = CLIConfig(config_dir=GLOBAL_CONFIG_DIR, config_env_var_prefix=ENV_VAR_PREFIX)
                    ^^^^^^^^^^^^^^^^^^^^^^^^^^^^^^^^^^^^^^^^^^^^^^^^^^^^^^^^^^^^^^^^^^^^^^^^^^^^^
      File "/opt/az/lib/python3.12/site-packages/knack/config.py", line 40, in __init__
        ensure_dir(config_dir)
      File "/opt/az/lib/python3.12/site-packages/knack/util.py", line 114, in ensure_dir
        raise e
      File "/opt/az/lib/python3.12/site-packages/knack/util.py", line 111, in ensure_dir
        os.makedirs(d)
      File "<frozen os>", line 215, in makedirs
      File "<frozen os>", line 225, in makedirs
    PermissionError: [Errno 13] Permission denied: '/home/semaphore'
    InvalidOperation: /home/kgluza/Manufacturo/ansible-for-semaphore/roles/self_service_refresh/files/3_adjust_resources/adjust_db.ps1:29
    Line |
      29 |  $dest_subscription = $server[0].subscriptionId
         |  ~~~~~~~~~~~~~~~~~~~~~~~~~~~~~~~~~~~~~~~~~~~~~~
         | Cannot index into a null array.
    InvalidOperation: /home/kgluza/Manufacturo/ansible-for-semaphore/roles/self_service_refresh/files/3_adjust_resources/adjust_db.ps1:30
    Line |
      30 |  $dest_server = $server[0].name
         |  ~~~~~~~~~~~~~~~~~~~~~~~~~~~~~~
         | Cannot index into a null array.
    InvalidOperation: /home/kgluza/Manufacturo/ansible-for-semaphore/roles/self_service_refresh/files/3_adjust_resources/adjust_db.ps1:31
    Line |
      31 |  $dest_rg = $server[0].resourceGroup
         |  ~~~~~~~~~~~~~~~~~~~~~~~~~~~~~~~~~~~
         | Cannot index into a null array.
    InvalidOperation: /home/kgluza/Manufacturo/ansible-for-semaphore/roles/self_service_refresh/files/3_adjust_resources/adjust_db.ps1:32
    Line |
      32 |  $dest_fqdn = $server[0].fqdn
         |  ~~~~~~~~~~~~~~~~~~~~~~~~~~~~
         | Cannot index into a null array.
    Traceback (most recent call last):
      File "<frozen runpy>", line 198, in _run_module_as_main
      File "<frozen runpy>", line 88, in _run_code
      File "/opt/az/lib/python3.12/site-packages/azure/cli/__main__.py", line 30, in <module>
        az_cli = get_default_cli()
                 ^^^^^^^^^^^^^^^^^
      File "/opt/az/lib/python3.12/site-packages/azure/cli/core/__init__.py", line 948, in get_default_cli
        from azure.cli.core.azlogging import AzCliLogging
      File "/opt/az/lib/python3.12/site-packages/azure/cli/core/azlogging.py", line 30, in <module>
        from azure.cli.core.commands.events import EVENT_INVOKER_PRE_CMD_TBL_TRUNCATE
      File "/opt/az/lib/python3.12/site-packages/azure/cli/core/commands/__init__.py", line 27, in <module>
        from azure.cli.core.extension import get_extension
      File "/opt/az/lib/python3.12/site-packages/azure/cli/core/extension/__init__.py", line 18, in <module>
        az_config = CLIConfig(config_dir=GLOBAL_CONFIG_DIR, config_env_var_prefix=ENV_VAR_PREFIX)
                    ^^^^^^^^^^^^^^^^^^^^^^^^^^^^^^^^^^^^^^^^^^^^^^^^^^^^^^^^^^^^^^^^^^^^^^^^^^^^^
      File "/opt/az/lib/python3.12/site-packages/knack/config.py", line 40, in __init__
        ensure_dir(config_dir)
      File "/opt/az/lib/python3.12/site-packages/knack/util.py", line 114, in ensure_dir
        raise e
      File "/opt/az/lib/python3.12/site-packages/knack/util.py", line 111, in ensure_dir
        os.makedirs(d)
      File "<frozen os>", line 215, in makedirs
      File "<frozen os>", line 225, in makedirs
    PermissionError: [Errno 13] Permission denied: '/home/semaphore'
    Traceback (most recent call last):
      File "<frozen runpy>", line 198, in _run_module_as_main
      File "<frozen runpy>", line 88, in _run_code
      File "/opt/az/lib/python3.12/site-packages/azure/cli/__main__.py", line 30, in <module>
        az_cli = get_default_cli()
                 ^^^^^^^^^^^^^^^^^
      File "/opt/az/lib/python3.12/site-packages/azure/cli/core/__init__.py", line 948, in get_default_cli
        from azure.cli.core.azlogging import AzCliLogging
      File "/opt/az/lib/python3.12/site-packages/azure/cli/core/azlogging.py", line 30, in <module>
        from azure.cli.core.commands.events import EVENT_INVOKER_PRE_CMD_TBL_TRUNCATE
      File "/opt/az/lib/python3.12/site-packages/azure/cli/core/commands/__init__.py", line 27, in <module>
        from azure.cli.core.extension import get_extension
      File "/opt/az/lib/python3.12/site-packages/azure/cli/core/extension/__init__.py", line 18, in <module>
        az_config = CLIConfig(config_dir=GLOBAL_CONFIG_DIR, config_env_var_prefix=ENV_VAR_PREFIX)
                    ^^^^^^^^^^^^^^^^^^^^^^^^^^^^^^^^^^^^^^^^^^^^^^^^^^^^^^^^^^^^^^^^^^^^^^^^^^^^^
      File "/opt/az/lib/python3.12/site-packages/knack/config.py", line 40, in __init__
        ensure_dir(config_dir)
      File "/opt/az/lib/python3.12/site-packages/knack/util.py", line 114, in ensure_dir
        raise e
      File "/opt/az/lib/python3.12/site-packages/knack/util.py", line 111, in ensure_dir
        os.makedirs(d)
      File "<frozen os>", line 215, in makedirs
      File "<frozen os>", line 225, in makedirs
    PermissionError: [Errno 13] Permission denied: '/home/semaphore'
    [0m
[1m# self_service_refresh : Fail if adjust resources had critical error ******************************************************[0m
  * [1m[34mlocalhost[0m                  - [0;36mskipped[0m -- Conditional result was False ---------------------------------
[1m# Adjust terraform configuration ******************************************************************************************[0m
  * [1m[34mlocalhost[0m                  - [0;36mskipped[0m -- Conditional result was False ---------------------------------
[1m# Adjust runtime configuration ********************************************************************************************[0m
  * [1m[34mlocalhost[0m                  - [0;36mskipped[0m -- Conditional result was False ---------------------------------
[1m# self_service_refresh : Display missing script information ***************************************************************[0m
  * [1m[34mlocalhost[0m                  - [0;36mskipped[0m -- Conditional result was False ---------------------------------
[1m# self_service_refresh : Display adjust resources result ******************************************************************[0m
  * [1m[34mlocalhost[0m                  - [0;32mchanged=False[0m -- [0;32m[0m --------------------------------------------
[1m# self_service_refresh : Step 8 - Delete replicas *************************************************************************[0m
  * [1m[34mlocalhost[0m                  - [0;32mchanged=False[0m -- [0;32m[0m --------------------------------------------
[1m# self_service_refresh : Display delete replicas information **************************************************************[0m
  * [1m[34mlocalhost[0m                  - [0;32mchanged=False[0m --------------------------------------------------
    [0;32m🗑️ Delete Replicas
    ==================
    Source Environment: qa2 (services)
    Destination Environment: dev (client1)
    Dry Run: true
    [0m
<localhost> ESTABLISH LOCAL CONNECTION FOR USER: kgluza
<localhost> EXEC /bin/sh -c 'echo ~kgluza && sleep 0'
<localhost> EXEC /bin/sh -c '( umask 77 && mkdir -p "` echo /home/kgluza/.ansible/tmp `"&& mkdir "` echo /home/kgluza/.ansible/tmp/ansible-tmp-1758203875.0265293-20878-148740229853963 `" && echo ansible-tmp-1758203875.0265293-20878-148740229853963="` echo /home/kgluza/.ansible/tmp/ansible-tmp-1758203875.0265293-20878-148740229853963 `" ) && sleep 0'
Using module file /home/kgluza/.local/pipx/venvs/ansible/lib/python3.10/site-packages/ansible/modules/stat.py
<localhost> PUT /home/kgluza/.ansible/tmp/ansible-local-20012lbv5gcqw/tmp9mc686pu TO /home/kgluza/.ansible/tmp/ansible-tmp-1758203875.0265293-20878-148740229853963/AnsiballZ_stat.py
<localhost> EXEC /bin/sh -c 'chmod u+x /home/kgluza/.ansible/tmp/ansible-tmp-1758203875.0265293-20878-148740229853963/ /home/kgluza/.ansible/tmp/ansible-tmp-1758203875.0265293-20878-148740229853963/AnsiballZ_stat.py && sleep 0'
<localhost> EXEC /bin/sh -c 'AZURE_CONFIG_DIR=/home/semaphore/.azure python3 /home/kgluza/.ansible/tmp/ansible-tmp-1758203875.0265293-20878-148740229853963/AnsiballZ_stat.py && sleep 0'
<localhost> EXEC /bin/sh -c 'rm -f -r /home/kgluza/.ansible/tmp/ansible-tmp-1758203875.0265293-20878-148740229853963/ > /dev/null 2>&1 && sleep 0'
[1m# self_service_refresh : Check if delete replicas script exists ***********************************************************[0m
  * [1m[34mlocalhost[0m                  - [0;32mchanged=False[0m -- [0;32m[0m --------------------------------------------
<localhost> ESTABLISH LOCAL CONNECTION FOR USER: kgluza
<localhost> EXEC /bin/sh -c 'echo ~kgluza && sleep 0'
<localhost> EXEC /bin/sh -c '( umask 77 && mkdir -p "` echo /home/kgluza/.ansible/tmp `"&& mkdir "` echo /home/kgluza/.ansible/tmp/ansible-tmp-1758203875.1509078-20906-245084426400776 `" && echo ansible-tmp-1758203875.1509078-20906-245084426400776="` echo /home/kgluza/.ansible/tmp/ansible-tmp-1758203875.1509078-20906-245084426400776 `" ) && sleep 0'
Using module file /home/kgluza/.local/pipx/venvs/ansible/lib/python3.10/site-packages/ansible/modules/command.py
<localhost> PUT /home/kgluza/.ansible/tmp/ansible-local-20012lbv5gcqw/tmp_zflv63c TO /home/kgluza/.ansible/tmp/ansible-tmp-1758203875.1509078-20906-245084426400776/AnsiballZ_command.py
<localhost> EXEC /bin/sh -c 'chmod u+x /home/kgluza/.ansible/tmp/ansible-tmp-1758203875.1509078-20906-245084426400776/ /home/kgluza/.ansible/tmp/ansible-tmp-1758203875.1509078-20906-245084426400776/AnsiballZ_command.py && sleep 0'
<localhost> EXEC /bin/sh -c 'AZURE_CONFIG_DIR=/home/semaphore/.azure python3 /home/kgluza/.ansible/tmp/ansible-tmp-1758203875.1509078-20906-245084426400776/AnsiballZ_command.py && sleep 0'
<localhost> EXEC /bin/sh -c 'rm -f -r /home/kgluza/.ansible/tmp/ansible-tmp-1758203875.1509078-20906-245084426400776/ > /dev/null 2>&1 && sleep 0'
[1m# self_service_refresh : Execute delete replicas script *******************************************************************[0m
  * [1m[34mlocalhost[0m                  - [0;32mchanged=False[0m -- [0;32mnon-zero return code[0m ------------------------
[1m# self_service_refresh : Display delete replicas result *******************************************************************[0m
  * [1m[34mlocalhost[0m                  - [0;32mchanged=False[0m --------------------------------------------------
    [0;32m⚡ Delete Replicas Results:
    Exit Code: 1
    Command: pwsh -File /home/kgluza/Manufacturo/ansible-for-semaphore/roles/self_service_refresh/files/7_delete_resources/delete_replicas.ps1 -destination "dev" -source "qa2" -SourceNamespace "services" -DestinationNamespace "client1" -DryRun
    
    📤 STDOUT:
    
    🔍 DRY RUN MODE - Enhanced Replica Management Script
    ===================================================
    No actual replica operations will be performed
    
    📋 Checking Azure CLI...
      ❌ Azure CLI not found. Please install it first.
    
    📤 STDERR:
    [0m
[1m# self_service_refresh : Display missing script information ***************************************************************[0m
  * [1m[34mlocalhost[0m                  - [0;36mskipped[0m -- Conditional result was False ---------------------------------
[1m# self_service_refresh : Fail if delete replicas had critical error *******************************************************[0m
  * [1m[34mlocalhost[0m                  - [0;36mskipped[0m -- Conditional result was False ---------------------------------
[1m# self_service_refresh : Step 9 - Configure users *************************************************************************[0m
  * [1m[34mlocalhost[0m                  - [0;32mchanged=False[0m -- [0;32m[0m --------------------------------------------
[1m# self_service_refresh : Display configure users information **************************************************************[0m
  * [1m[34mlocalhost[0m                  - [0;32mchanged=False[0m --------------------------------------------------
    [0;32m👥 Configure Users
    =================
    Destination Environment: dev (client1)
    Dry Run: true
    [0m
<localhost> ESTABLISH LOCAL CONNECTION FOR USER: kgluza
<localhost> EXEC /bin/sh -c 'echo ~kgluza && sleep 0'
<localhost> EXEC /bin/sh -c '( umask 77 && mkdir -p "` echo /home/kgluza/.ansible/tmp `"&& mkdir "` echo /home/kgluza/.ansible/tmp/ansible-tmp-1758203876.0600646-20970-90357511110917 `" && echo ansible-tmp-1758203876.0600646-20970-90357511110917="` echo /home/kgluza/.ansible/tmp/ansible-tmp-1758203876.0600646-20970-90357511110917 `" ) && sleep 0'
Using module file /home/kgluza/.local/pipx/venvs/ansible/lib/python3.10/site-packages/ansible/modules/stat.py
<localhost> PUT /home/kgluza/.ansible/tmp/ansible-local-20012lbv5gcqw/tmp8t0s1m2m TO /home/kgluza/.ansible/tmp/ansible-tmp-1758203876.0600646-20970-90357511110917/AnsiballZ_stat.py
<localhost> EXEC /bin/sh -c 'chmod u+x /home/kgluza/.ansible/tmp/ansible-tmp-1758203876.0600646-20970-90357511110917/ /home/kgluza/.ansible/tmp/ansible-tmp-1758203876.0600646-20970-90357511110917/AnsiballZ_stat.py && sleep 0'
<localhost> EXEC /bin/sh -c 'AZURE_CONFIG_DIR=/home/semaphore/.azure python3 /home/kgluza/.ansible/tmp/ansible-tmp-1758203876.0600646-20970-90357511110917/AnsiballZ_stat.py && sleep 0'
<localhost> EXEC /bin/sh -c 'rm -f -r /home/kgluza/.ansible/tmp/ansible-tmp-1758203876.0600646-20970-90357511110917/ > /dev/null 2>&1 && sleep 0'
[1m# self_service_refresh : Check if SQL configure users script exists *******************************************************[0m
  * [1m[34mlocalhost[0m                  - [0;32mchanged=False[0m -- [0;32m[0m --------------------------------------------
<localhost> ESTABLISH LOCAL CONNECTION FOR USER: kgluza
<localhost> EXEC /bin/sh -c 'echo ~kgluza && sleep 0'
<localhost> EXEC /bin/sh -c '( umask 77 && mkdir -p "` echo /home/kgluza/.ansible/tmp `"&& mkdir "` echo /home/kgluza/.ansible/tmp/ansible-tmp-1758203876.2039783-20998-198086864959904 `" && echo ansible-tmp-1758203876.2039783-20998-198086864959904="` echo /home/kgluza/.ansible/tmp/ansible-tmp-1758203876.2039783-20998-198086864959904 `" ) && sleep 0'
Using module file /home/kgluza/.local/pipx/venvs/ansible/lib/python3.10/site-packages/ansible/modules/command.py
<localhost> PUT /home/kgluza/.ansible/tmp/ansible-local-20012lbv5gcqw/tmpuonhacxt TO /home/kgluza/.ansible/tmp/ansible-tmp-1758203876.2039783-20998-198086864959904/AnsiballZ_command.py
<localhost> EXEC /bin/sh -c 'chmod u+x /home/kgluza/.ansible/tmp/ansible-tmp-1758203876.2039783-20998-198086864959904/ /home/kgluza/.ansible/tmp/ansible-tmp-1758203876.2039783-20998-198086864959904/AnsiballZ_command.py && sleep 0'
<localhost> EXEC /bin/sh -c 'AZURE_CONFIG_DIR=/home/semaphore/.azure python3 /home/kgluza/.ansible/tmp/ansible-tmp-1758203876.2039783-20998-198086864959904/AnsiballZ_command.py && sleep 0'
<localhost> EXEC /bin/sh -c 'rm -f -r /home/kgluza/.ansible/tmp/ansible-tmp-1758203876.2039783-20998-198086864959904/ > /dev/null 2>&1 && sleep 0'
[1m# self_service_refresh : Execute configure users script *******************************************************************[0m
  * [1m[34mlocalhost[0m                  - [0;32mchanged=False[0m -- [0;32m[0m --------------------------------------------
[1m# self_service_refresh : Display configure users result *******************************************************************[0m
  * [1m[34mlocalhost[0m                  - [0;32mchanged=False[0m --------------------------------------------------
    [0;32m⚡ Configure Users Results:
    Exit Code: 0
    Command: pwsh -File /home/kgluza/Manufacturo/ansible-for-semaphore/roles/self_service_refresh/files/3_adjust_resources/sql_configure_users.ps1 -Environments "dev" -Clients "client1" -AutoApprove -StopOnFailure  -DryRun
    
    📤 STDOUT:
    
    🔍 DRY RUN MODE - SQL Configure Users
    =====================================
    No actual SQL user configuration will be performed
    No databases found
    
    📤 STDERR:
    Traceback (most recent call last):
      File "<frozen runpy>", line 198, in _run_module_as_main
      File "<frozen runpy>", line 88, in _run_code
      File "/opt/az/lib/python3.12/site-packages/azure/cli/__main__.py", line 30, in <module>
        az_cli = get_default_cli()
                 ^^^^^^^^^^^^^^^^^
      File "/opt/az/lib/python3.12/site-packages/azure/cli/core/__init__.py", line 948, in get_default_cli
        from azure.cli.core.azlogging import AzCliLogging
      File "/opt/az/lib/python3.12/site-packages/azure/cli/core/azlogging.py", line 30, in <module>
        from azure.cli.core.commands.events import EVENT_INVOKER_PRE_CMD_TBL_TRUNCATE
      File "/opt/az/lib/python3.12/site-packages/azure/cli/core/commands/__init__.py", line 27, in <module>
        from azure.cli.core.extension import get_extension
      File "/opt/az/lib/python3.12/site-packages/azure/cli/core/extension/__init__.py", line 18, in <module>
        az_config = CLIConfig(config_dir=GLOBAL_CONFIG_DIR, config_env_var_prefix=ENV_VAR_PREFIX)
                    ^^^^^^^^^^^^^^^^^^^^^^^^^^^^^^^^^^^^^^^^^^^^^^^^^^^^^^^^^^^^^^^^^^^^^^^^^^^^^
      File "/opt/az/lib/python3.12/site-packages/knack/config.py", line 40, in __init__
        ensure_dir(config_dir)
      File "/opt/az/lib/python3.12/site-packages/knack/util.py", line 114, in ensure_dir
        raise e
      File "/opt/az/lib/python3.12/site-packages/knack/util.py", line 111, in ensure_dir
        os.makedirs(d)
      File "<frozen os>", line 215, in makedirs
      File "<frozen os>", line 225, in makedirs
    PermissionError: [Errno 13] Permission denied: '/home/semaphore'
    [0m
[1m# self_service_refresh : Display missing script information ***************************************************************[0m
  * [1m[34mlocalhost[0m                  - [0;36mskipped[0m -- Conditional result was False ---------------------------------
[1m# self_service_refresh : Fail if configure users had critical error *******************************************************[0m
  * [1m[34mlocalhost[0m                  - [0;36mskipped[0m -- Conditional result was False ---------------------------------
[1m# self_service_refresh : Step 10 - Start environment **********************************************************************[0m
  * [1m[34mlocalhost[0m                  - [0;32mchanged=False[0m -- [0;32m[0m --------------------------------------------
[1m# self_service_refresh : Display environment start information ************************************************************[0m
  * [1m[34mlocalhost[0m                  - [0;32mchanged=False[0m --------------------------------------------------
    [0;32m🚀 Starting Environment
    =======================
    Environment: dev (client1)
    Dry Run: true
    [0m
<localhost> ESTABLISH LOCAL CONNECTION FOR USER: kgluza
<localhost> EXEC /bin/sh -c 'echo ~kgluza && sleep 0'
<localhost> EXEC /bin/sh -c '( umask 77 && mkdir -p "` echo /home/kgluza/.ansible/tmp `"&& mkdir "` echo /home/kgluza/.ansible/tmp/ansible-tmp-1758203877.1641731-21064-97698251981963 `" && echo ansible-tmp-1758203877.1641731-21064-97698251981963="` echo /home/kgluza/.ansible/tmp/ansible-tmp-1758203877.1641731-21064-97698251981963 `" ) && sleep 0'
Using module file /home/kgluza/.local/pipx/venvs/ansible/lib/python3.10/site-packages/ansible/modules/stat.py
<localhost> PUT /home/kgluza/.ansible/tmp/ansible-local-20012lbv5gcqw/tmp0pikz8j9 TO /home/kgluza/.ansible/tmp/ansible-tmp-1758203877.1641731-21064-97698251981963/AnsiballZ_stat.py
<localhost> EXEC /bin/sh -c 'chmod u+x /home/kgluza/.ansible/tmp/ansible-tmp-1758203877.1641731-21064-97698251981963/ /home/kgluza/.ansible/tmp/ansible-tmp-1758203877.1641731-21064-97698251981963/AnsiballZ_stat.py && sleep 0'
<localhost> EXEC /bin/sh -c 'AZURE_CONFIG_DIR=/home/semaphore/.azure python3 /home/kgluza/.ansible/tmp/ansible-tmp-1758203877.1641731-21064-97698251981963/AnsiballZ_stat.py && sleep 0'
<localhost> EXEC /bin/sh -c 'rm -f -r /home/kgluza/.ansible/tmp/ansible-tmp-1758203877.1641731-21064-97698251981963/ > /dev/null 2>&1 && sleep 0'
[1m# self_service_refresh : Check if start environment script exists *********************************************************[0m
  * [1m[34mlocalhost[0m                  - [0;32mchanged=False[0m -- [0;32m[0m --------------------------------------------
<localhost> ESTABLISH LOCAL CONNECTION FOR USER: kgluza
<localhost> EXEC /bin/sh -c 'echo ~kgluza && sleep 0'
<localhost> EXEC /bin/sh -c '( umask 77 && mkdir -p "` echo /home/kgluza/.ansible/tmp `"&& mkdir "` echo /home/kgluza/.ansible/tmp/ansible-tmp-1758203877.2932062-21092-124595597847371 `" && echo ansible-tmp-1758203877.2932062-21092-124595597847371="` echo /home/kgluza/.ansible/tmp/ansible-tmp-1758203877.2932062-21092-124595597847371 `" ) && sleep 0'
Using module file /home/kgluza/.local/pipx/venvs/ansible/lib/python3.10/site-packages/ansible/modules/command.py
<localhost> PUT /home/kgluza/.ansible/tmp/ansible-local-20012lbv5gcqw/tmp00150ju_ TO /home/kgluza/.ansible/tmp/ansible-tmp-1758203877.2932062-21092-124595597847371/AnsiballZ_command.py
<localhost> EXEC /bin/sh -c 'chmod u+x /home/kgluza/.ansible/tmp/ansible-tmp-1758203877.2932062-21092-124595597847371/ /home/kgluza/.ansible/tmp/ansible-tmp-1758203877.2932062-21092-124595597847371/AnsiballZ_command.py && sleep 0'
<localhost> EXEC /bin/sh -c 'AZURE_CONFIG_DIR=/home/semaphore/.azure python3 /home/kgluza/.ansible/tmp/ansible-tmp-1758203877.2932062-21092-124595597847371/AnsiballZ_command.py && sleep 0'
<localhost> EXEC /bin/sh -c 'rm -f -r /home/kgluza/.ansible/tmp/ansible-tmp-1758203877.2932062-21092-124595597847371/ > /dev/null 2>&1 && sleep 0'
[1m# self_service_refresh : Execute start environment script *****************************************************************[0m
  * [1m[34mlocalhost[0m                  - [0;32mchanged=False[0m -- [0;32m[0m --------------------------------------------
[1m# Use Azure Kubernetes role as fallback ***********************************************************************************[0m
  * [1m[34mlocalhost[0m                  - [0;36mskipped[0m -- Conditional result was False ---------------------------------
[1m# self_service_refresh : Display start environment result *****************************************************************[0m
  * [1m[34mlocalhost[0m                  - [0;32mchanged=False[0m -- [0;32m[0m --------------------------------------------
[1m# self_service_refresh : Step 11 - Cleanup restored databases *************************************************************[0m
  * [1m[34mlocalhost[0m                  - [0;32mchanged=False[0m -- [0;32m[0m --------------------------------------------
[1m# self_service_refresh : Display cleanup restored databases information ***************************************************[0m
  * [1m[34mlocalhost[0m                  - [0;32mchanged=False[0m --------------------------------------------------
    [0;32m🧹 Cleanup Restored Databases
    =============================
    Source Environment: qa2
    Dry Run: true
    [0m
<localhost> ESTABLISH LOCAL CONNECTION FOR USER: kgluza
<localhost> EXEC /bin/sh -c 'echo ~kgluza && sleep 0'
<localhost> EXEC /bin/sh -c '( umask 77 && mkdir -p "` echo /home/kgluza/.ansible/tmp `"&& mkdir "` echo /home/kgluza/.ansible/tmp/ansible-tmp-1758203878.4908273-21163-82578594159562 `" && echo ansible-tmp-1758203878.4908273-21163-82578594159562="` echo /home/kgluza/.ansible/tmp/ansible-tmp-1758203878.4908273-21163-82578594159562 `" ) && sleep 0'
Using module file /home/kgluza/.local/pipx/venvs/ansible/lib/python3.10/site-packages/ansible/modules/stat.py
<localhost> PUT /home/kgluza/.ansible/tmp/ansible-local-20012lbv5gcqw/tmpz5hxuucn TO /home/kgluza/.ansible/tmp/ansible-tmp-1758203878.4908273-21163-82578594159562/AnsiballZ_stat.py
<localhost> EXEC /bin/sh -c 'chmod u+x /home/kgluza/.ansible/tmp/ansible-tmp-1758203878.4908273-21163-82578594159562/ /home/kgluza/.ansible/tmp/ansible-tmp-1758203878.4908273-21163-82578594159562/AnsiballZ_stat.py && sleep 0'
<localhost> EXEC /bin/sh -c 'AZURE_CONFIG_DIR=/home/semaphore/.azure python3 /home/kgluza/.ansible/tmp/ansible-tmp-1758203878.4908273-21163-82578594159562/AnsiballZ_stat.py && sleep 0'
<localhost> EXEC /bin/sh -c 'rm -f -r /home/kgluza/.ansible/tmp/ansible-tmp-1758203878.4908273-21163-82578594159562/ > /dev/null 2>&1 && sleep 0'
[1m# self_service_refresh : Check if delete restored databases script exists *************************************************[0m
  * [1m[34mlocalhost[0m                  - [0;32mchanged=False[0m -- [0;32m[0m --------------------------------------------
<localhost> ESTABLISH LOCAL CONNECTION FOR USER: kgluza
<localhost> EXEC /bin/sh -c 'echo ~kgluza && sleep 0'
<localhost> EXEC /bin/sh -c '( umask 77 && mkdir -p "` echo /home/kgluza/.ansible/tmp `"&& mkdir "` echo /home/kgluza/.ansible/tmp/ansible-tmp-1758203878.6233358-21191-47947893384443 `" && echo ansible-tmp-1758203878.6233358-21191-47947893384443="` echo /home/kgluza/.ansible/tmp/ansible-tmp-1758203878.6233358-21191-47947893384443 `" ) && sleep 0'
Using module file /home/kgluza/.local/pipx/venvs/ansible/lib/python3.10/site-packages/ansible/modules/command.py
<localhost> PUT /home/kgluza/.ansible/tmp/ansible-local-20012lbv5gcqw/tmpq02k_bpn TO /home/kgluza/.ansible/tmp/ansible-tmp-1758203878.6233358-21191-47947893384443/AnsiballZ_command.py
<localhost> EXEC /bin/sh -c 'chmod u+x /home/kgluza/.ansible/tmp/ansible-tmp-1758203878.6233358-21191-47947893384443/ /home/kgluza/.ansible/tmp/ansible-tmp-1758203878.6233358-21191-47947893384443/AnsiballZ_command.py && sleep 0'
<localhost> EXEC /bin/sh -c 'AZURE_CONFIG_DIR=/home/semaphore/.azure python3 /home/kgluza/.ansible/tmp/ansible-tmp-1758203878.6233358-21191-47947893384443/AnsiballZ_command.py && sleep 0'
<localhost> EXEC /bin/sh -c 'rm -f -r /home/kgluza/.ansible/tmp/ansible-tmp-1758203878.6233358-21191-47947893384443/ > /dev/null 2>&1 && sleep 0'
[1m# self_service_refresh : Execute cleanup restored databases script ********************************************************[0m
  * [1m[34mlocalhost[0m                  - [0;32mchanged=False[0m -- [0;32m[0m --------------------------------------------
[1m# self_service_refresh : Display cleanup restored databases result ********************************************************[0m
  * [1m[34mlocalhost[0m                  - [0;32mchanged=False[0m --------------------------------------------------
    [0;32m⚡ Cleanup Restored Databases Results:
    Exit Code: 0
    Command: pwsh -File /home/kgluza/Manufacturo/ansible-for-semaphore/roles/self_service_refresh/files/7_delete_resources/delete_restored_db.ps1 -source "qa2" -DryRun
    
    📤 STDOUT:
    
    🔍 DRY RUN MODE - Delete Restored Databases Script
    =================================================
    No actual database deletion will be performed
    Waiting for any pending restores to complete...
    🔍 DRY RUN: No restored databases found to delete.
    
    ====================================
     Cleanup Completed
    ====================================
    
    ✅ All restored databases have been cleaned up
    
    📤 STDERR:
    Traceback (most recent call last):
      File "<frozen runpy>", line 198, in _run_module_as_main
      File "<frozen runpy>", line 88, in _run_code
      File "/opt/az/lib/python3.12/site-packages/azure/cli/__main__.py", line 30, in <module>
        az_cli = get_default_cli()
                 ^^^^^^^^^^^^^^^^^
      File "/opt/az/lib/python3.12/site-packages/azure/cli/core/__init__.py", line 948, in get_default_cli
        from azure.cli.core.azlogging import AzCliLogging
      File "/opt/az/lib/python3.12/site-packages/azure/cli/core/azlogging.py", line 30, in <module>
        from azure.cli.core.commands.events import EVENT_INVOKER_PRE_CMD_TBL_TRUNCATE
      File "/opt/az/lib/python3.12/site-packages/azure/cli/core/commands/__init__.py", line 27, in <module>
        from azure.cli.core.extension import get_extension
      File "/opt/az/lib/python3.12/site-packages/azure/cli/core/extension/__init__.py", line 18, in <module>
        az_config = CLIConfig(config_dir=GLOBAL_CONFIG_DIR, config_env_var_prefix=ENV_VAR_PREFIX)
                    ^^^^^^^^^^^^^^^^^^^^^^^^^^^^^^^^^^^^^^^^^^^^^^^^^^^^^^^^^^^^^^^^^^^^^^^^^^^^^
      File "/opt/az/lib/python3.12/site-packages/knack/config.py", line 40, in __init__
        ensure_dir(config_dir)
      File "/opt/az/lib/python3.12/site-packages/knack/util.py", line 114, in ensure_dir
        raise e
      File "/opt/az/lib/python3.12/site-packages/knack/util.py", line 111, in ensure_dir
        os.makedirs(d)
      File "<frozen os>", line 215, in makedirs
      File "<frozen os>", line 225, in makedirs
    PermissionError: [Errno 13] Permission denied: '/home/semaphore'
    InvalidOperation: /home/kgluza/Manufacturo/ansible-for-semaphore/roles/self_service_refresh/files/7_delete_resources/delete_restored_db.ps1:27
    Line |
      27 |  $source_subscription = $recources[0].subscriptionId
         |  ~~~~~~~~~~~~~~~~~~~~~~~~~~~~~~~~~~~~~~~~~~~~~~~~~~~
         | Cannot index into a null array.
    InvalidOperation: /home/kgluza/Manufacturo/ansible-for-semaphore/roles/self_service_refresh/files/7_delete_resources/delete_restored_db.ps1:28
    Line |
      28 |  $source_server = $recources[0].name
         |  ~~~~~~~~~~~~~~~~~~~~~~~~~~~~~~~~~~~
         | Cannot index into a null array.
    InvalidOperation: /home/kgluza/Manufacturo/ansible-for-semaphore/roles/self_service_refresh/files/7_delete_resources/delete_restored_db.ps1:29
    Line |
      29 |  $source_rg = $recources[0].resourceGroup
         |  ~~~~~~~~~~~~~~~~~~~~~~~~~~~~~~~~~~~~~~~~
         | Cannot index into a null array.
    Traceback (most recent call last):
      File "<frozen runpy>", line 198, in _run_module_as_main
      File "<frozen runpy>", line 88, in _run_code
      File "/opt/az/lib/python3.12/site-packages/azure/cli/__main__.py", line 30, in <module>
        az_cli = get_default_cli()
                 ^^^^^^^^^^^^^^^^^
      File "/opt/az/lib/python3.12/site-packages/azure/cli/core/__init__.py", line 948, in get_default_cli
        from azure.cli.core.azlogging import AzCliLogging
      File "/opt/az/lib/python3.12/site-packages/azure/cli/core/azlogging.py", line 30, in <module>
        from azure.cli.core.commands.events import EVENT_INVOKER_PRE_CMD_TBL_TRUNCATE
      File "/opt/az/lib/python3.12/site-packages/azure/cli/core/commands/__init__.py", line 27, in <module>
        from azure.cli.core.extension import get_extension
      File "/opt/az/lib/python3.12/site-packages/azure/cli/core/extension/__init__.py", line 18, in <module>
        az_config = CLIConfig(config_dir=GLOBAL_CONFIG_DIR, config_env_var_prefix=ENV_VAR_PREFIX)
                    ^^^^^^^^^^^^^^^^^^^^^^^^^^^^^^^^^^^^^^^^^^^^^^^^^^^^^^^^^^^^^^^^^^^^^^^^^^^^^
      File "/opt/az/lib/python3.12/site-packages/knack/config.py", line 40, in __init__
        ensure_dir(config_dir)
      File "/opt/az/lib/python3.12/site-packages/knack/util.py", line 114, in ensure_dir
        raise e
      File "/opt/az/lib/python3.12/site-packages/knack/util.py", line 111, in ensure_dir
        os.makedirs(d)
      File "<frozen os>", line 215, in makedirs
      File "<frozen os>", line 225, in makedirs
    PermissionError: [Errno 13] Permission denied: '/home/semaphore'
    Traceback (most recent call last):
      File "<frozen runpy>", line 198, in _run_module_as_main
      File "<frozen runpy>", line 88, in _run_code
      File "/opt/az/lib/python3.12/site-packages/azure/cli/__main__.py", line 30, in <module>
        az_cli = get_default_cli()
                 ^^^^^^^^^^^^^^^^^
      File "/opt/az/lib/python3.12/site-packages/azure/cli/core/__init__.py", line 948, in get_default_cli
        from azure.cli.core.azlogging import AzCliLogging
      File "/opt/az/lib/python3.12/site-packages/azure/cli/core/azlogging.py", line 30, in <module>
        from azure.cli.core.commands.events import EVENT_INVOKER_PRE_CMD_TBL_TRUNCATE
      File "/opt/az/lib/python3.12/site-packages/azure/cli/core/commands/__init__.py", line 27, in <module>
        from azure.cli.core.extension import get_extension
      File "/opt/az/lib/python3.12/site-packages/azure/cli/core/extension/__init__.py", line 18, in <module>
        az_config = CLIConfig(config_dir=GLOBAL_CONFIG_DIR, config_env_var_prefix=ENV_VAR_PREFIX)
                    ^^^^^^^^^^^^^^^^^^^^^^^^^^^^^^^^^^^^^^^^^^^^^^^^^^^^^^^^^^^^^^^^^^^^^^^^^^^^^
      File "/opt/az/lib/python3.12/site-packages/knack/config.py", line 40, in __init__
        ensure_dir(config_dir)
      File "/opt/az/lib/python3.12/site-packages/knack/util.py", line 114, in ensure_dir
        raise e
      File "/opt/az/lib/python3.12/site-packages/knack/util.py", line 111, in ensure_dir
        os.makedirs(d)
      File "<frozen os>", line 215, in makedirs
      File "<frozen os>", line 225, in makedirs
    PermissionError: [Errno 13] Permission denied: '/home/semaphore'
    [0m
[1m# self_service_refresh : Display missing script information ***************************************************************[0m
  * [1m[34mlocalhost[0m                  - [0;36mskipped[0m -- Conditional result was False ---------------------------------
[1m# self_service_refresh : Fail if cleanup restored databases had critical error ********************************************[0m
  * [1m[34mlocalhost[0m                  - [0;36mskipped[0m -- Conditional result was False ---------------------------------
[1m# self_service_refresh : Refresh completed successfully *******************************************************************[0m
  * [1m[34mlocalhost[0m                  - [0;32mchanged=False[0m --------------------------------------------------
    [0;32m✅ Self-Service Data Refresh Completed Successfully (11 Steps)
    =============================================================
    Source: qa2 → Destination: dev
    Duration: 0 seconds
    [0m
[1m# Final status report *****************************************************************************************************[0m
  * [1m[34mlocalhost[0m                  - [0;32mchanged=False[0m --------------------------------------------------
    [0;32m✅ Self-Service Data Refresh Completed
    ====================================
    
    📊 Summary:
    • Source: qa2 → Destination: dev
    • Customer: qa2-services
    • Operation: full
    • Dry Run: True
    • Duration: 0 seconds
    
    🎯 Next Steps:
    • Verify application functionality
    • Check data integrity
    • Monitor system performance
    • Update documentation if needed
    [0m

[1m# STATS *******************************************************************************************************************[0m
[0;32mlocalhost    : ok=70	changed=0	failed=0	unreachable=0	rescued=0	ignored=0[0m
