ansible-playbook [core 2.15.3]
  config file = /home/kgluza/Manufacturo/ansible-for-semaphore/ansible.cfg
  configured module search path = ['/home/kgluza/.ansible/plugins/modules', '/usr/share/ansible/plugins/modules']
  ansible python module location = /home/kgluza/.local/pipx/venvs/ansible/lib/python3.10/site-packages/ansible
  ansible collection location = /home/kgluza/.ansible/collections:/usr/share/ansible/collections
  executable location = /home/kgluza/.local/bin/ansible-playbook
  python version = 3.10.12 (main, Jul 29 2024, 16:56:48) [GCC 11.4.0] (/home/kgluza/.local/pipx/venvs/ansible/bin/python)
  jinja version = 3.1.2
  libyaml = True
Using /home/kgluza/Manufacturo/ansible-for-semaphore/ansible.cfg as config file
host_list declined parsing /home/kgluza/Manufacturo/ansible-for-semaphore/inventory/hosts.ini as it did not pass its verify_file() method
script declined parsing /home/kgluza/Manufacturo/ansible-for-semaphore/inventory/hosts.ini as it did not pass its verify_file() method
auto declined parsing /home/kgluza/Manufacturo/ansible-for-semaphore/inventory/hosts.ini as it did not pass its verify_file() method
yaml declined parsing /home/kgluza/Manufacturo/ansible-for-semaphore/inventory/hosts.ini as it did not pass its verify_file() method
Parsed /home/kgluza/Manufacturo/ansible-for-semaphore/inventory/hosts.ini inventory source with ini plugin
Skipping callback 'default', as we already have a stdout callback.
Skipping callback 'minimal', as we already have a stdout callback.
Skipping callback 'oneline', as we already have a stdout callback.
1 plays in /home/kgluza/Manufacturo/ansible-for-semaphore/playbooks/self_service_refresh.yaml
<localhost> ESTABLISH LOCAL CONNECTION FOR USER: kgluza
<localhost> EXEC /bin/sh -c 'echo ~kgluza && sleep 0'
<localhost> EXEC /bin/sh -c '( umask 77 && mkdir -p "` echo /home/kgluza/.ansible/tmp `"&& mkdir "` echo /home/kgluza/.ansible/tmp/ansible-tmp-1758203193.0094006-5299-166878950618285 `" && echo ansible-tmp-1758203193.0094006-5299-166878950618285="` echo /home/kgluza/.ansible/tmp/ansible-tmp-1758203193.0094006-5299-166878950618285 `" ) && sleep 0'
Using module file /home/kgluza/.local/pipx/venvs/ansible/lib/python3.10/site-packages/ansible/modules/setup.py
<localhost> PUT /home/kgluza/.ansible/tmp/ansible-local-5291a10dlla2/tmp9_x54i7k TO /home/kgluza/.ansible/tmp/ansible-tmp-1758203193.0094006-5299-166878950618285/AnsiballZ_setup.py
<localhost> EXEC /bin/sh -c 'chmod u+x /home/kgluza/.ansible/tmp/ansible-tmp-1758203193.0094006-5299-166878950618285/ /home/kgluza/.ansible/tmp/ansible-tmp-1758203193.0094006-5299-166878950618285/AnsiballZ_setup.py && sleep 0'
<localhost> EXEC /bin/sh -c 'AZURE_CONFIG_DIR=/home/semaphore/.azure python3 /home/kgluza/.ansible/tmp/ansible-tmp-1758203193.0094006-5299-166878950618285/AnsiballZ_setup.py && sleep 0'
<localhost> EXEC /bin/sh -c 'rm -f -r /home/kgluza/.ansible/tmp/ansible-tmp-1758203193.0094006-5299-166878950618285/ > /dev/null 2>&1 && sleep 0'
[1m# Gathering Facts *********************************************************************************************************[0m
  * [1m[34mlocalhost[0m                  - [0;32mchanged=False[0m -- [0;32m[0m --------------------------------------------
[1m# Validate required parameters ********************************************************************************************[0m
  * [1m[34mlocalhost[0m                  - [0;32mchanged=False[0m -- [0;32mAll assertions passed[0m -----------------------
[1m# Display playbook information ********************************************************************************************[0m
  * [1m[34mlocalhost[0m                  - [0;32mchanged=False[0m --------------------------------------------------
    [0;32m🚀 Self-Service Data Refresh Playbook
    ====================================
    
    📊 Environment Configuration:
    • Source: qa2 (services)
    • Destination: dev (client1)
    • Cloud: AzureUSGovernment
    • Customer: qa2-services
    
    ⚙️ Operation Settings:
    • Operation: full
    • Dry Run: True
    • Max Wait: 30 minutes
    
    🎯 Step Control:
    • Skip Restore: False
    • Skip Stop Environment: False
    • Skip Copy Attachments: False
    • Skip Copy Database: False
    • Skip Adjust Resources: False
    • Skip Start Environment: False
    • Skip Cleanup: False
    • Skip Permissions: False
    [0m
[1m# Confirm operation in production *****************************************************************************************[0m
  * [1m[34mlocalhost[0m                  - [0;36mskipped[0m -- Conditional result was False ---------------------------------
[1m# Abort if not confirmed **************************************************************************************************[0m
  * [1m[34mlocalhost[0m                  - [0;36mskipped[0m -- Conditional result was False ---------------------------------
[1m# Execute self-service refresh ********************************************************************************************[0m
  * [1m[34mlocalhost[0m                  - [0;32mchanged=False[0m -- [0;32m[0m --------------------------------------------
[1m# self_service_refresh : Validate required parameters *********************************************************************[0m
  * [1m[34mlocalhost[0m                  - [0;32mchanged=False[0m -- [0;32mAll assertions passed[0m -----------------------
[1m# self_service_refresh : Set working variables from parameters ************************************************************[0m
  * [1m[34mlocalhost[0m                  - [0;32mchanged=False[0m -- [0;32m[0m --------------------------------------------
[1m# self_service_refresh : Display operation summary ************************************************************************[0m
  * [1m[34mlocalhost[0m                  - [0;32mchanged=False[0m --------------------------------------------------
    [0;32m🔄 Self-Service Data Refresh Operation
    =====================================
    Source: qa2 (services)
    Destination: dev (client1)
    Customer Alias: qa2-services
    Cloud: AzureUSGovernment
    Dry Run: true
    Max Wait: 30 minutes
    [0m
[1m# self_service_refresh : Execute specific operation ***********************************************************************[0m
  * [1m[34mlocalhost[0m                  - [0;36mskipped[0m -- Conditional result was False ---------------------------------
[1m# self_service_refresh : Execute orchestrated PowerShell workflow *********************************************************[0m
  * [1m[34mlocalhost[0m                  - [0;36mskipped[0m -- Conditional result was False ---------------------------------
[1m# self_service_refresh : Execute full Ansible workflow ********************************************************************[0m
  * [1m[34mlocalhost[0m                  - [0;32mchanged=False[0m -- [0;32m[0m --------------------------------------------
[1m# self_service_refresh : Step 1 - Create restore point in time ************************************************************[0m
  * [1m[34mlocalhost[0m                  - [0;32mchanged=False[0m -- [0;32m[0m --------------------------------------------
[1m# self_service_refresh : Set start time ***********************************************************************************[0m
  * [1m[34mlocalhost[0m                  - [0;32mchanged=False[0m -- [0;32m[0m --------------------------------------------
[1m# self_service_refresh : Set default restore datetime and timezone ********************************************************[0m
  * [1m[34mlocalhost[0m                  - [0;32mchanged=False[0m -- [0;32m[0m --------------------------------------------
[1m# self_service_refresh : Display restore point information ****************************************************************[0m
  * [1m[34mlocalhost[0m                  - [0;32mchanged=False[0m --------------------------------------------------
    [0;32m🕒 Creating Restore Point
    ========================
    Source Environment: qa2 (services)
    Restore DateTime: 
    Timezone: CEST
    Dry Run: true
    [0m
<localhost> ESTABLISH LOCAL CONNECTION FOR USER: kgluza
<localhost> EXEC /bin/sh -c 'echo ~kgluza && sleep 0'
<localhost> EXEC /bin/sh -c '( umask 77 && mkdir -p "` echo /home/kgluza/.ansible/tmp `"&& mkdir "` echo /home/kgluza/.ansible/tmp/ansible-tmp-1758203196.6682882-5429-158844707312929 `" && echo ansible-tmp-1758203196.6682882-5429-158844707312929="` echo /home/kgluza/.ansible/tmp/ansible-tmp-1758203196.6682882-5429-158844707312929 `" ) && sleep 0'
Using module file /home/kgluza/.local/pipx/venvs/ansible/lib/python3.10/site-packages/ansible/modules/command.py
<localhost> PUT /home/kgluza/.ansible/tmp/ansible-local-5291a10dlla2/tmptlfcqkx6 TO /home/kgluza/.ansible/tmp/ansible-tmp-1758203196.6682882-5429-158844707312929/AnsiballZ_command.py
<localhost> EXEC /bin/sh -c 'chmod u+x /home/kgluza/.ansible/tmp/ansible-tmp-1758203196.6682882-5429-158844707312929/ /home/kgluza/.ansible/tmp/ansible-tmp-1758203196.6682882-5429-158844707312929/AnsiballZ_command.py && sleep 0'
<localhost> EXEC /bin/sh -c 'AZURE_CONFIG_DIR=/home/semaphore/.azure python3 /home/kgluza/.ansible/tmp/ansible-tmp-1758203196.6682882-5429-158844707312929/AnsiballZ_command.py && sleep 0'
<localhost> EXEC /bin/sh -c 'rm -f -r /home/kgluza/.ansible/tmp/ansible-tmp-1758203196.6682882-5429-158844707312929/ > /dev/null 2>&1 && sleep 0'
[1m# self_service_refresh : Check if PowerShell is available *****************************************************************[0m
  * [1m[34mlocalhost[0m                  - [0;32mchanged=False[0m -- [0;32m[0m --------------------------------------------
[1m# self_service_refresh : Check if PowerShell Core is available ************************************************************[0m
  * [1m[34mlocalhost[0m                  - [0;36mskipped[0m -- Conditional result was False ---------------------------------
<localhost> ESTABLISH LOCAL CONNECTION FOR USER: kgluza
<localhost> EXEC /bin/sh -c 'echo ~kgluza && sleep 0'
<localhost> EXEC /bin/sh -c '( umask 77 && mkdir -p "` echo /home/kgluza/.ansible/tmp `"&& mkdir "` echo /home/kgluza/.ansible/tmp/ansible-tmp-1758203196.8955355-5464-239638387803529 `" && echo ansible-tmp-1758203196.8955355-5464-239638387803529="` echo /home/kgluza/.ansible/tmp/ansible-tmp-1758203196.8955355-5464-239638387803529 `" ) && sleep 0'
Using module file /home/kgluza/.local/pipx/venvs/ansible/lib/python3.10/site-packages/ansible/modules/command.py
<localhost> PUT /home/kgluza/.ansible/tmp/ansible-local-5291a10dlla2/tmp05633axm TO /home/kgluza/.ansible/tmp/ansible-tmp-1758203196.8955355-5464-239638387803529/AnsiballZ_command.py
<localhost> EXEC /bin/sh -c 'chmod u+x /home/kgluza/.ansible/tmp/ansible-tmp-1758203196.8955355-5464-239638387803529/ /home/kgluza/.ansible/tmp/ansible-tmp-1758203196.8955355-5464-239638387803529/AnsiballZ_command.py && sleep 0'
<localhost> EXEC /bin/sh -c 'AZURE_CONFIG_DIR=/home/semaphore/.azure python3 /home/kgluza/.ansible/tmp/ansible-tmp-1758203196.8955355-5464-239638387803529/AnsiballZ_command.py && sleep 0'
<localhost> EXEC /bin/sh -c 'rm -f -r /home/kgluza/.ansible/tmp/ansible-tmp-1758203196.8955355-5464-239638387803529/ > /dev/null 2>&1 && sleep 0'
[1m# self_service_refresh : Execute restore point script (if PowerShell available) *******************************************[0m
  * [1m[34mlocalhost[0m                  - [0;32mchanged=False[0m -- [0;32mnon-zero return code[0m ------------------------
[1m# self_service_refresh : Display PowerShell not available warning *********************************************************[0m
  * [1m[34mlocalhost[0m                  - [0;36mskipped[0m -- Conditional result was False ---------------------------------
[1m# self_service_refresh : Display restore point result *********************************************************************[0m
  * [1m[34mlocalhost[0m                  - [0;32mchanged=False[0m -- [0;32m[0m --------------------------------------------
[1m# self_service_refresh : Step 2 - Stop destination environment ************************************************************[0m
  * [1m[34mlocalhost[0m                  - [0;32mchanged=False[0m -- [0;32m[0m --------------------------------------------
[1m# self_service_refresh : Display environment stop information *************************************************************[0m
  * [1m[34mlocalhost[0m                  - [0;32mchanged=False[0m --------------------------------------------------
    [0;32m🛑 Stopping Environment
    =======================
    Environment: dev (client1)
    Dry Run: true
    [0m
<localhost> ESTABLISH LOCAL CONNECTION FOR USER: kgluza
<localhost> EXEC /bin/sh -c 'echo ~kgluza && sleep 0'
<localhost> EXEC /bin/sh -c '( umask 77 && mkdir -p "` echo /home/kgluza/.ansible/tmp `"&& mkdir "` echo /home/kgluza/.ansible/tmp/ansible-tmp-1758203198.256267-5520-85763166196269 `" && echo ansible-tmp-1758203198.256267-5520-85763166196269="` echo /home/kgluza/.ansible/tmp/ansible-tmp-1758203198.256267-5520-85763166196269 `" ) && sleep 0'
Using module file /home/kgluza/.local/pipx/venvs/ansible/lib/python3.10/site-packages/ansible/modules/stat.py
<localhost> PUT /home/kgluza/.ansible/tmp/ansible-local-5291a10dlla2/tmpemvp3ond TO /home/kgluza/.ansible/tmp/ansible-tmp-1758203198.256267-5520-85763166196269/AnsiballZ_stat.py
<localhost> EXEC /bin/sh -c 'chmod u+x /home/kgluza/.ansible/tmp/ansible-tmp-1758203198.256267-5520-85763166196269/ /home/kgluza/.ansible/tmp/ansible-tmp-1758203198.256267-5520-85763166196269/AnsiballZ_stat.py && sleep 0'
<localhost> EXEC /bin/sh -c 'AZURE_CONFIG_DIR=/home/semaphore/.azure python3 /home/kgluza/.ansible/tmp/ansible-tmp-1758203198.256267-5520-85763166196269/AnsiballZ_stat.py && sleep 0'
<localhost> EXEC /bin/sh -c 'rm -f -r /home/kgluza/.ansible/tmp/ansible-tmp-1758203198.256267-5520-85763166196269/ > /dev/null 2>&1 && sleep 0'
[1m# self_service_refresh : Check if stop environment script exists **********************************************************[0m
  * [1m[34mlocalhost[0m                  - [0;32mchanged=False[0m -- [0;32m[0m --------------------------------------------
<localhost> ESTABLISH LOCAL CONNECTION FOR USER: kgluza
<localhost> EXEC /bin/sh -c 'echo ~kgluza && sleep 0'
<localhost> EXEC /bin/sh -c '( umask 77 && mkdir -p "` echo /home/kgluza/.ansible/tmp `"&& mkdir "` echo /home/kgluza/.ansible/tmp/ansible-tmp-1758203198.4302216-5584-260579251626099 `" && echo ansible-tmp-1758203198.4302216-5584-260579251626099="` echo /home/kgluza/.ansible/tmp/ansible-tmp-1758203198.4302216-5584-260579251626099 `" ) && sleep 0'
Using module file /home/kgluza/.local/pipx/venvs/ansible/lib/python3.10/site-packages/ansible/modules/command.py
<localhost> PUT /home/kgluza/.ansible/tmp/ansible-local-5291a10dlla2/tmpheepd3c3 TO /home/kgluza/.ansible/tmp/ansible-tmp-1758203198.4302216-5584-260579251626099/AnsiballZ_command.py
<localhost> EXEC /bin/sh -c 'chmod u+x /home/kgluza/.ansible/tmp/ansible-tmp-1758203198.4302216-5584-260579251626099/ /home/kgluza/.ansible/tmp/ansible-tmp-1758203198.4302216-5584-260579251626099/AnsiballZ_command.py && sleep 0'
<localhost> EXEC /bin/sh -c 'AZURE_CONFIG_DIR=/home/semaphore/.azure python3 /home/kgluza/.ansible/tmp/ansible-tmp-1758203198.4302216-5584-260579251626099/AnsiballZ_command.py && sleep 0'
<localhost> EXEC /bin/sh -c 'rm -f -r /home/kgluza/.ansible/tmp/ansible-tmp-1758203198.4302216-5584-260579251626099/ > /dev/null 2>&1 && sleep 0'
[1m# self_service_refresh : Check if PowerShell is available *****************************************************************[0m
  * [1m[34mlocalhost[0m                  - [0;32mchanged=False[0m -- [0;32m[0m --------------------------------------------
<localhost> ESTABLISH LOCAL CONNECTION FOR USER: kgluza
<localhost> EXEC /bin/sh -c 'echo ~kgluza && sleep 0'
<localhost> EXEC /bin/sh -c '( umask 77 && mkdir -p "` echo /home/kgluza/.ansible/tmp `"&& mkdir "` echo /home/kgluza/.ansible/tmp/ansible-tmp-1758203198.5505862-5611-259310325841561 `" && echo ansible-tmp-1758203198.5505862-5611-259310325841561="` echo /home/kgluza/.ansible/tmp/ansible-tmp-1758203198.5505862-5611-259310325841561 `" ) && sleep 0'
Using module file /home/kgluza/.local/pipx/venvs/ansible/lib/python3.10/site-packages/ansible/modules/command.py
<localhost> PUT /home/kgluza/.ansible/tmp/ansible-local-5291a10dlla2/tmpombanvn_ TO /home/kgluza/.ansible/tmp/ansible-tmp-1758203198.5505862-5611-259310325841561/AnsiballZ_command.py
<localhost> EXEC /bin/sh -c 'chmod u+x /home/kgluza/.ansible/tmp/ansible-tmp-1758203198.5505862-5611-259310325841561/ /home/kgluza/.ansible/tmp/ansible-tmp-1758203198.5505862-5611-259310325841561/AnsiballZ_command.py && sleep 0'
<localhost> EXEC /bin/sh -c 'AZURE_CONFIG_DIR=/home/semaphore/.azure python3 /home/kgluza/.ansible/tmp/ansible-tmp-1758203198.5505862-5611-259310325841561/AnsiballZ_command.py && sleep 0'
<localhost> EXEC /bin/sh -c 'rm -f -r /home/kgluza/.ansible/tmp/ansible-tmp-1758203198.5505862-5611-259310325841561/ > /dev/null 2>&1 && sleep 0'
[1m# self_service_refresh : Execute stop environment script (if PowerShell available) ****************************************[0m
  * [1m[34mlocalhost[0m                  - [0;32mchanged=False[0m -- [0;32m[0m --------------------------------------------
[1m# Use Azure Kubernetes role as fallback ***********************************************************************************[0m
  * [1m[34mlocalhost[0m                  - [0;36mskipped[0m -- Conditional result was False ---------------------------------
[1m# self_service_refresh : Display stop environment result ******************************************************************[0m
  * [1m[34mlocalhost[0m                  - [0;32mchanged=False[0m -- [0;32m[0m --------------------------------------------
[1m# self_service_refresh : Step 3 - Copy attachments ************************************************************************[0m
  * [1m[34mlocalhost[0m                  - [0;32mchanged=False[0m -- [0;32m[0m --------------------------------------------
[1m# self_service_refresh : Display attachments copy information *************************************************************[0m
  * [1m[34mlocalhost[0m                  - [0;32mchanged=False[0m --------------------------------------------------
    [0;32m📎 Copying Attachments
    =====================
    Source: qa2 (services)
    Destination: dev (client1)
    Dry Run: true
    [0m
<localhost> ESTABLISH LOCAL CONNECTION FOR USER: kgluza
<localhost> EXEC /bin/sh -c 'echo ~kgluza && sleep 0'
<localhost> EXEC /bin/sh -c '( umask 77 && mkdir -p "` echo /home/kgluza/.ansible/tmp `"&& mkdir "` echo /home/kgluza/.ansible/tmp/ansible-tmp-1758203199.6666656-5679-64715460492251 `" && echo ansible-tmp-1758203199.6666656-5679-64715460492251="` echo /home/kgluza/.ansible/tmp/ansible-tmp-1758203199.6666656-5679-64715460492251 `" ) && sleep 0'
Using module file /home/kgluza/.local/pipx/venvs/ansible/lib/python3.10/site-packages/ansible/modules/stat.py
<localhost> PUT /home/kgluza/.ansible/tmp/ansible-local-5291a10dlla2/tmpkvx9vi9e TO /home/kgluza/.ansible/tmp/ansible-tmp-1758203199.6666656-5679-64715460492251/AnsiballZ_stat.py
<localhost> EXEC /bin/sh -c 'chmod u+x /home/kgluza/.ansible/tmp/ansible-tmp-1758203199.6666656-5679-64715460492251/ /home/kgluza/.ansible/tmp/ansible-tmp-1758203199.6666656-5679-64715460492251/AnsiballZ_stat.py && sleep 0'
<localhost> EXEC /bin/sh -c 'AZURE_CONFIG_DIR=/home/semaphore/.azure python3 /home/kgluza/.ansible/tmp/ansible-tmp-1758203199.6666656-5679-64715460492251/AnsiballZ_stat.py && sleep 0'
<localhost> EXEC /bin/sh -c 'rm -f -r /home/kgluza/.ansible/tmp/ansible-tmp-1758203199.6666656-5679-64715460492251/ > /dev/null 2>&1 && sleep 0'
[1m# self_service_refresh : Check if copy attachments script exists **********************************************************[0m
  * [1m[34mlocalhost[0m                  - [0;32mchanged=False[0m -- [0;32m[0m --------------------------------------------
<localhost> ESTABLISH LOCAL CONNECTION FOR USER: kgluza
<localhost> EXEC /bin/sh -c 'echo ~kgluza && sleep 0'
<localhost> EXEC /bin/sh -c '( umask 77 && mkdir -p "` echo /home/kgluza/.ansible/tmp `"&& mkdir "` echo /home/kgluza/.ansible/tmp/ansible-tmp-1758203199.7985623-5707-73554593692374 `" && echo ansible-tmp-1758203199.7985623-5707-73554593692374="` echo /home/kgluza/.ansible/tmp/ansible-tmp-1758203199.7985623-5707-73554593692374 `" ) && sleep 0'
Using module file /home/kgluza/.local/pipx/venvs/ansible/lib/python3.10/site-packages/ansible/modules/command.py
<localhost> PUT /home/kgluza/.ansible/tmp/ansible-local-5291a10dlla2/tmpp5lez8wa TO /home/kgluza/.ansible/tmp/ansible-tmp-1758203199.7985623-5707-73554593692374/AnsiballZ_command.py
<localhost> EXEC /bin/sh -c 'chmod u+x /home/kgluza/.ansible/tmp/ansible-tmp-1758203199.7985623-5707-73554593692374/ /home/kgluza/.ansible/tmp/ansible-tmp-1758203199.7985623-5707-73554593692374/AnsiballZ_command.py && sleep 0'
<localhost> EXEC /bin/sh -c 'AZURE_CONFIG_DIR=/home/semaphore/.azure python3 /home/kgluza/.ansible/tmp/ansible-tmp-1758203199.7985623-5707-73554593692374/AnsiballZ_command.py && sleep 0'
<localhost> EXEC /bin/sh -c 'rm -f -r /home/kgluza/.ansible/tmp/ansible-tmp-1758203199.7985623-5707-73554593692374/ > /dev/null 2>&1 && sleep 0'
[1m# self_service_refresh : Execute copy attachments script ******************************************************************[0m
  * [1m[34mlocalhost[0m                  - [0;32mchanged=False[0m -- [0;32mnon-zero return code[0m ------------------------
[1m# self_service_refresh : Display copy attachments result ******************************************************************[0m
  * [1m[34mlocalhost[0m                  - [0;32mchanged=False[0m --------------------------------------------------
    [0;32m
    ╔════════════════════════════════════════════════════════════════════════════════════════════════════════════════════╗
    ║                                            🔄 STEP 3: COPY ATTACHMENTS RESULTS                                     ║
    ╚════════════════════════════════════════════════════════════════════════════════════════════════════════════════════╝
    
    📊 EXECUTION STATUS: FAILED (Exit Code: 1)
    
    ╭─────────────────────────────────────────────────────────────────────────────────────────────────────────────────────╮
    │ 📤 SCRIPT OUTPUT:                                                                                                      │
    ╰─────────────────────────────────────────────────────────────────────────────────────────────────────────────────────╯
      
    🔍 DRY RUN MODE - Copy Attachments
    ===================================
    No actual copy operations will be performed
    ❌ Error: No storage accounts found for source environment 'qa2' with multitenant 'services'
    Graph query: 
            resources
            | where type == 'microsoft.storage/storageaccounts'
            | where tags.Environment == 'qa2' and tags.Type == 'Primary' and name contains 'saservices'
            | project name, resourceGroup, subscriptionId
        
    
    ╭─────────────────────────────────────────────────────────────────────────────────────────────────────────────────────╮
    │ ⚠️  WARNINGS/ERRORS:                                                                                                   │
    ╰─────────────────────────────────────────────────────────────────────────────────────────────────────────────────────╯
      Traceback (most recent call last):
      File "<frozen runpy>", line 198, in _run_module_as_main
      File "<frozen runpy>", line 88, in _run_code
      File "/opt/az/lib/python3.12/site-packages/azure/cli/__main__.py", line 30, in <module>
        az_cli = get_default_cli()
                 ^^^^^^^^^^^^^^^^^
      File "/opt/az/lib/python3.12/site-packages/azure/cli/core/__init__.py", line 948, in get_default_cli
        from azure.cli.core.azlogging import AzCliLogging
      File "/opt/az/lib/python3.12/site-packages/azure/cli/core/azlogging.py", line 30, in <module>
        from azure.cli.core.commands.events import EVENT_INVOKER_PRE_CMD_TBL_TRUNCATE
      File "/opt/az/lib/python3.12/site-packages/azure/cli/core/commands/__init__.py", line 27, in <module>
        from azure.cli.core.extension import get_extension
      File "/opt/az/lib/python3.12/site-packages/azure/cli/core/extension/__init__.py", line 18, in <module>
        az_config = CLIConfig(config_dir=GLOBAL_CONFIG_DIR, config_env_var_prefix=ENV_VAR_PREFIX)
                    ^^^^^^^^^^^^^^^^^^^^^^^^^^^^^^^^^^^^^^^^^^^^^^^^^^^^^^^^^^^^^^^^^^^^^^^^^^^^^
      File "/opt/az/lib/python3.12/site-packages/knack/config.py", line 40, in __init__
        ensure_dir(config_dir)
      File "/opt/az/lib/python3.12/site-packages/knack/util.py", line 114, in ensure_dir
        raise e
      File "/opt/az/lib/python3.12/site-packages/knack/util.py", line 111, in ensure_dir
        os.makedirs(d)
      File "<frozen os>", line 215, in makedirs
      File "<frozen os>", line 225, in makedirs
    PermissionError: [Errno 13] Permission denied: '/home/semaphore'
    
    🔧 Command: pwsh -File /home/kgluza/Manufacturo/ansible-for-semaphore/roles/self_service_refresh/files/2_copy_attachments/CopyAttachments.ps1 -source "qa2" -destination "dev" -SourceNamespace "services" -DestinationNamespace "client1" -DryRun
    [0m
[1m# self_service_refresh : Fail if copy attachments had critical error ******************************************************[0m
  * [1m[34mlocalhost[0m                  - [0;36mskipped[0m -- Conditional result was False ---------------------------------
[1m# Use Azure Storage role as fallback **************************************************************************************[0m
  * [1m[34mlocalhost[0m                  - [0;36mskipped[0m -- Conditional result was False ---------------------------------
[1m# self_service_refresh : Display copy attachments result ******************************************************************[0m
  * [1m[34mlocalhost[0m                  - [0;32mchanged=False[0m -- [0;32m[0m --------------------------------------------
[1m# self_service_refresh : Step 4 - Copy database ***************************************************************************[0m
  * [1m[34mlocalhost[0m                  - [0;32mchanged=False[0m -- [0;32m[0m --------------------------------------------
[1m# self_service_refresh : Display database copy information ****************************************************************[0m
  * [1m[34mlocalhost[0m                  - [0;32mchanged=False[0m --------------------------------------------------
    [0;32m📋 Copying Database
    ==================
    Source: qa2 (services)
    Destination: dev (client1)
    Dry Run: true
    [0m
<localhost> ESTABLISH LOCAL CONNECTION FOR USER: kgluza
<localhost> EXEC /bin/sh -c 'echo ~kgluza && sleep 0'
<localhost> EXEC /bin/sh -c '( umask 77 && mkdir -p "` echo /home/kgluza/.ansible/tmp `"&& mkdir "` echo /home/kgluza/.ansible/tmp/ansible-tmp-1758203200.7169025-5771-174807664231925 `" && echo ansible-tmp-1758203200.7169025-5771-174807664231925="` echo /home/kgluza/.ansible/tmp/ansible-tmp-1758203200.7169025-5771-174807664231925 `" ) && sleep 0'
Using module file /home/kgluza/.local/pipx/venvs/ansible/lib/python3.10/site-packages/ansible/modules/command.py
<localhost> PUT /home/kgluza/.ansible/tmp/ansible-local-5291a10dlla2/tmpopcfcnda TO /home/kgluza/.ansible/tmp/ansible-tmp-1758203200.7169025-5771-174807664231925/AnsiballZ_command.py
<localhost> EXEC /bin/sh -c 'chmod u+x /home/kgluza/.ansible/tmp/ansible-tmp-1758203200.7169025-5771-174807664231925/ /home/kgluza/.ansible/tmp/ansible-tmp-1758203200.7169025-5771-174807664231925/AnsiballZ_command.py && sleep 0'
<localhost> EXEC /bin/sh -c 'AZURE_CONFIG_DIR=/home/semaphore/.azure python3 /home/kgluza/.ansible/tmp/ansible-tmp-1758203200.7169025-5771-174807664231925/AnsiballZ_command.py && sleep 0'
<localhost> EXEC /bin/sh -c 'rm -f -r /home/kgluza/.ansible/tmp/ansible-tmp-1758203200.7169025-5771-174807664231925/ > /dev/null 2>&1 && sleep 0'
[1m# self_service_refresh : Check if PowerShell is available *****************************************************************[0m
  * [1m[34mlocalhost[0m                  - [0;32mchanged=False[0m -- [0;32m[0m --------------------------------------------
<localhost> ESTABLISH LOCAL CONNECTION FOR USER: kgluza
<localhost> EXEC /bin/sh -c 'echo ~kgluza && sleep 0'
<localhost> EXEC /bin/sh -c '( umask 77 && mkdir -p "` echo /home/kgluza/.ansible/tmp `"&& mkdir "` echo /home/kgluza/.ansible/tmp/ansible-tmp-1758203200.8405745-5798-139060493098025 `" && echo ansible-tmp-1758203200.8405745-5798-139060493098025="` echo /home/kgluza/.ansible/tmp/ansible-tmp-1758203200.8405745-5798-139060493098025 `" ) && sleep 0'
Using module file /home/kgluza/.local/pipx/venvs/ansible/lib/python3.10/site-packages/ansible/modules/command.py
<localhost> PUT /home/kgluza/.ansible/tmp/ansible-local-5291a10dlla2/tmpqcnrmvbk TO /home/kgluza/.ansible/tmp/ansible-tmp-1758203200.8405745-5798-139060493098025/AnsiballZ_command.py
<localhost> EXEC /bin/sh -c 'chmod u+x /home/kgluza/.ansible/tmp/ansible-tmp-1758203200.8405745-5798-139060493098025/ /home/kgluza/.ansible/tmp/ansible-tmp-1758203200.8405745-5798-139060493098025/AnsiballZ_command.py && sleep 0'
<localhost> EXEC /bin/sh -c 'AZURE_CONFIG_DIR=/home/semaphore/.azure python3 /home/kgluza/.ansible/tmp/ansible-tmp-1758203200.8405745-5798-139060493098025/AnsiballZ_command.py && sleep 0'
<localhost> EXEC /bin/sh -c 'rm -f -r /home/kgluza/.ansible/tmp/ansible-tmp-1758203200.8405745-5798-139060493098025/ > /dev/null 2>&1 && sleep 0'
[1m# self_service_refresh : Execute database copy script (if PowerShell available) *******************************************[0m
  * [1m[34mlocalhost[0m                  - [0;32mchanged=False[0m -- [0;32mnon-zero return code[0m ------------------------
[1m# self_service_refresh : Display PowerShell not available warning *********************************************************[0m
  * [1m[34mlocalhost[0m                  - [0;36mskipped[0m -- Conditional result was False ---------------------------------
[1m# self_service_refresh : Display database copy result *********************************************************************[0m
  * [1m[34mlocalhost[0m                  - [0;32mchanged=False[0m -- [0;32m[0m --------------------------------------------
[1m# self_service_refresh : Step 5 - Cleanup environment configuration *******************************************************[0m
  * [1m[34mlocalhost[0m                  - [0;32mchanged=False[0m -- [0;32m[0m --------------------------------------------
[1m# self_service_refresh : Display cleanup environment configuration information ********************************************[0m
  * [1m[34mlocalhost[0m                  - [0;32mchanged=False[0m --------------------------------------------------
    [0;32m🧹 Cleanup Environment Configuration
    ===================================
    Source Environment: qa2 (services)
    Destination Environment: dev (client1)
    Customer Alias to Remove: N/A
    Domain: dev.azure
    Dry Run: true
    [0m
<localhost> ESTABLISH LOCAL CONNECTION FOR USER: kgluza
<localhost> EXEC /bin/sh -c 'echo ~kgluza && sleep 0'
<localhost> EXEC /bin/sh -c '( umask 77 && mkdir -p "` echo /home/kgluza/.ansible/tmp `"&& mkdir "` echo /home/kgluza/.ansible/tmp/ansible-tmp-1758203201.6986-5860-28227764277958 `" && echo ansible-tmp-1758203201.6986-5860-28227764277958="` echo /home/kgluza/.ansible/tmp/ansible-tmp-1758203201.6986-5860-28227764277958 `" ) && sleep 0'
Using module file /home/kgluza/.local/pipx/venvs/ansible/lib/python3.10/site-packages/ansible/modules/stat.py
<localhost> PUT /home/kgluza/.ansible/tmp/ansible-local-5291a10dlla2/tmpb__2p4jg TO /home/kgluza/.ansible/tmp/ansible-tmp-1758203201.6986-5860-28227764277958/AnsiballZ_stat.py
<localhost> EXEC /bin/sh -c 'chmod u+x /home/kgluza/.ansible/tmp/ansible-tmp-1758203201.6986-5860-28227764277958/ /home/kgluza/.ansible/tmp/ansible-tmp-1758203201.6986-5860-28227764277958/AnsiballZ_stat.py && sleep 0'
<localhost> EXEC /bin/sh -c 'AZURE_CONFIG_DIR=/home/semaphore/.azure python3 /home/kgluza/.ansible/tmp/ansible-tmp-1758203201.6986-5860-28227764277958/AnsiballZ_stat.py && sleep 0'
<localhost> EXEC /bin/sh -c 'rm -f -r /home/kgluza/.ansible/tmp/ansible-tmp-1758203201.6986-5860-28227764277958/ > /dev/null 2>&1 && sleep 0'
[1m# self_service_refresh : Check if cleanup environment config script exists ************************************************[0m
  * [1m[34mlocalhost[0m                  - [0;32mchanged=False[0m -- [0;32m[0m --------------------------------------------
<localhost> ESTABLISH LOCAL CONNECTION FOR USER: kgluza
<localhost> EXEC /bin/sh -c 'echo ~kgluza && sleep 0'
<localhost> EXEC /bin/sh -c '( umask 77 && mkdir -p "` echo /home/kgluza/.ansible/tmp `"&& mkdir "` echo /home/kgluza/.ansible/tmp/ansible-tmp-1758203201.8247886-5888-50433759418810 `" && echo ansible-tmp-1758203201.8247886-5888-50433759418810="` echo /home/kgluza/.ansible/tmp/ansible-tmp-1758203201.8247886-5888-50433759418810 `" ) && sleep 0'
Using module file /home/kgluza/.local/pipx/venvs/ansible/lib/python3.10/site-packages/ansible/modules/command.py
<localhost> PUT /home/kgluza/.ansible/tmp/ansible-local-5291a10dlla2/tmp27jsp3og TO /home/kgluza/.ansible/tmp/ansible-tmp-1758203201.8247886-5888-50433759418810/AnsiballZ_command.py
<localhost> EXEC /bin/sh -c 'chmod u+x /home/kgluza/.ansible/tmp/ansible-tmp-1758203201.8247886-5888-50433759418810/ /home/kgluza/.ansible/tmp/ansible-tmp-1758203201.8247886-5888-50433759418810/AnsiballZ_command.py && sleep 0'
<localhost> EXEC /bin/sh -c 'AZURE_CONFIG_DIR=/home/semaphore/.azure python3 /home/kgluza/.ansible/tmp/ansible-tmp-1758203201.8247886-5888-50433759418810/AnsiballZ_command.py && sleep 0'
<localhost> EXEC /bin/sh -c 'rm -f -r /home/kgluza/.ansible/tmp/ansible-tmp-1758203201.8247886-5888-50433759418810/ > /dev/null 2>&1 && sleep 0'
[1m# self_service_refresh : Execute cleanup environment configuration script *************************************************[0m
  * [1m[34mlocalhost[0m                  - [0;32mchanged=False[0m -- [0;32mnon-zero return code[0m ------------------------
[1m# self_service_refresh : Display cleanup configuration result *************************************************************[0m
  * [1m[34mlocalhost[0m                  - [0;32mchanged=False[0m --------------------------------------------------
    [0;32m⚡ Cleanup Environment Configuration Results:
    Exit Code: 1
    Command: pwsh -File /home/kgluza/Manufacturo/ansible-for-semaphore/roles/self_service_refresh/files/3_adjust_resources/cleanup_environment_config.ps1 -destination "dev" -EnvironmentToClean "qa2" -MultitenantToRemove "services" -CustomerAliasToRemove "" -domain "dev.azure" -DestinationNamespace "client1" -DryRun
    
    📤 STDOUT:
    
    🔍 DRY RUN MODE - Cleanup Environment Configuration
    ===============================================
    No actual cleanup will be performed
    Destination: , , , 
    Cleaning up configuration for environment: qa2-services
    
    Retrieving databases from: 
    No databases found on server ''
    
    📤 STDERR:
    Traceback (most recent call last):
      File "<frozen runpy>", line 198, in _run_module_as_main
      File "<frozen runpy>", line 88, in _run_code
      File "/opt/az/lib/python3.12/site-packages/azure/cli/__main__.py", line 30, in <module>
        az_cli = get_default_cli()
                 ^^^^^^^^^^^^^^^^^
      File "/opt/az/lib/python3.12/site-packages/azure/cli/core/__init__.py", line 948, in get_default_cli
        from azure.cli.core.azlogging import AzCliLogging
      File "/opt/az/lib/python3.12/site-packages/azure/cli/core/azlogging.py", line 30, in <module>
        from azure.cli.core.commands.events import EVENT_INVOKER_PRE_CMD_TBL_TRUNCATE
      File "/opt/az/lib/python3.12/site-packages/azure/cli/core/commands/__init__.py", line 27, in <module>
        from azure.cli.core.extension import get_extension
      File "/opt/az/lib/python3.12/site-packages/azure/cli/core/extension/__init__.py", line 18, in <module>
        az_config = CLIConfig(config_dir=GLOBAL_CONFIG_DIR, config_env_var_prefix=ENV_VAR_PREFIX)
                    ^^^^^^^^^^^^^^^^^^^^^^^^^^^^^^^^^^^^^^^^^^^^^^^^^^^^^^^^^^^^^^^^^^^^^^^^^^^^^
      File "/opt/az/lib/python3.12/site-packages/knack/config.py", line 40, in __init__
        ensure_dir(config_dir)
      File "/opt/az/lib/python3.12/site-packages/knack/util.py", line 114, in ensure_dir
        raise e
      File "/opt/az/lib/python3.12/site-packages/knack/util.py", line 111, in ensure_dir
        os.makedirs(d)
      File "<frozen os>", line 215, in makedirs
      File "<frozen os>", line 225, in makedirs
    PermissionError: [Errno 13] Permission denied: '/home/semaphore'
    [31;1mInvalidOperation: [0m/home/kgluza/Manufacturo/ansible-for-semaphore/roles/self_service_refresh/files/3_adjust_resources/cleanup_environment_config.ps1:32[0m
    [31;1m[0m[36;1mLine |[0m
    [31;1m[0m[36;1m[36;1m  32 | [0m [36;1m$dest_subscription = $server[0].subscriptionId[0m
    [31;1m[0m[36;1m[36;1m[0m[36;1m[0m[36;1m     | [31;1m ~~~~~~~~~~~~~~~~~~~~~~~~~~~~~~~~~~~~~~~~~~~~~~[0m
    [31;1m[0m[36;1m[36;1m[0m[36;1m[0m[36;1m[31;1m[31;1m[36;1m     | [31;1mCannot index into a null array.[0m
    [31;1mInvalidOperation: [0m/home/kgluza/Manufacturo/ansible-for-semaphore/roles/self_service_refresh/files/3_adjust_resources/cleanup_environment_config.ps1:33[0m
    [31;1m[0m[36;1mLine |[0m
    [31;1m[0m[36;1m[36;1m  33 | [0m [36;1m$dest_server = $server[0].name[0m
    [31;1m[0m[36;1m[36;1m[0m[36;1m[0m[36;1m     | [31;1m ~~~~~~~~~~~~~~~~~~~~~~~~~~~~~~[0m
    [31;1m[0m[36;1m[36;1m[0m[36;1m[0m[36;1m[31;1m[31;1m[36;1m     | [31;1mCannot index into a null array.[0m
    [31;1mInvalidOperation: [0m/home/kgluza/Manufacturo/ansible-for-semaphore/roles/self_service_refresh/files/3_adjust_resources/cleanup_environment_config.ps1:34[0m
    [31;1m[0m[36;1mLine |[0m
    [31;1m[0m[36;1m[36;1m  34 | [0m [36;1m$dest_rg = $server[0].resourceGroup[0m
    [31;1m[0m[36;1m[36;1m[0m[36;1m[0m[36;1m     | [31;1m ~~~~~~~~~~~~~~~~~~~~~~~~~~~~~~~~~~~[0m
    [31;1m[0m[36;1m[36;1m[0m[36;1m[0m[36;1m[31;1m[31;1m[36;1m     | [31;1mCannot index into a null array.[0m
    [31;1mInvalidOperation: [0m/home/kgluza/Manufacturo/ansible-for-semaphore/roles/self_service_refresh/files/3_adjust_resources/cleanup_environment_config.ps1:35[0m
    [31;1m[0m[36;1mLine |[0m
    [31;1m[0m[36;1m[36;1m  35 | [0m [36;1m$dest_fqdn = $server[0].fqdn[0m
    [31;1m[0m[36;1m[36;1m[0m[36;1m[0m[36;1m     | [31;1m ~~~~~~~~~~~~~~~~~~~~~~~~~~~~[0m
    [31;1m[0m[36;1m[36;1m[0m[36;1m[0m[36;1m[31;1m[31;1m[36;1m     | [31;1mCannot index into a null array.[0m
    Traceback (most recent call last):
      File "<frozen runpy>", line 198, in _run_module_as_main
      File "<frozen runpy>", line 88, in _run_code
      File "/opt/az/lib/python3.12/site-packages/azure/cli/__main__.py", line 30, in <module>
        az_cli = get_default_cli()
                 ^^^^^^^^^^^^^^^^^
      File "/opt/az/lib/python3.12/site-packages/azure/cli/core/__init__.py", line 948, in get_default_cli
        from azure.cli.core.azlogging import AzCliLogging
      File "/opt/az/lib/python3.12/site-packages/azure/cli/core/azlogging.py", line 30, in <module>
        from azure.cli.core.commands.events import EVENT_INVOKER_PRE_CMD_TBL_TRUNCATE
      File "/opt/az/lib/python3.12/site-packages/azure/cli/core/commands/__init__.py", line 27, in <module>
        from azure.cli.core.extension import get_extension
      File "/opt/az/lib/python3.12/site-packages/azure/cli/core/extension/__init__.py", line 18, in <module>
        az_config = CLIConfig(config_dir=GLOBAL_CONFIG_DIR, config_env_var_prefix=ENV_VAR_PREFIX)
                    ^^^^^^^^^^^^^^^^^^^^^^^^^^^^^^^^^^^^^^^^^^^^^^^^^^^^^^^^^^^^^^^^^^^^^^^^^^^^^
      File "/opt/az/lib/python3.12/site-packages/knack/config.py", line 40, in __init__
        ensure_dir(config_dir)
      File "/opt/az/lib/python3.12/site-packages/knack/util.py", line 114, in ensure_dir
        raise e
      File "/opt/az/lib/python3.12/site-packages/knack/util.py", line 111, in ensure_dir
        os.makedirs(d)
      File "<frozen os>", line 215, in makedirs
      File "<frozen os>", line 225, in makedirs
    PermissionError: [Errno 13] Permission denied: '/home/semaphore'
    Traceback (most recent call last):
      File "<frozen runpy>", line 198, in _run_module_as_main
      File "<frozen runpy>", line 88, in _run_code
      File "/opt/az/lib/python3.12/site-packages/azure/cli/__main__.py", line 30, in <module>
        az_cli = get_default_cli()
                 ^^^^^^^^^^^^^^^^^
      File "/opt/az/lib/python3.12/site-packages/azure/cli/core/__init__.py", line 948, in get_default_cli
        from azure.cli.core.azlogging import AzCliLogging
      File "/opt/az/lib/python3.12/site-packages/azure/cli/core/azlogging.py", line 30, in <module>
        from azure.cli.core.commands.events import EVENT_INVOKER_PRE_CMD_TBL_TRUNCATE
      File "/opt/az/lib/python3.12/site-packages/azure/cli/core/commands/__init__.py", line 27, in <module>
        from azure.cli.core.extension import get_extension
      File "/opt/az/lib/python3.12/site-packages/azure/cli/core/extension/__init__.py", line 18, in <module>
        az_config = CLIConfig(config_dir=GLOBAL_CONFIG_DIR, config_env_var_prefix=ENV_VAR_PREFIX)
                    ^^^^^^^^^^^^^^^^^^^^^^^^^^^^^^^^^^^^^^^^^^^^^^^^^^^^^^^^^^^^^^^^^^^^^^^^^^^^^
      File "/opt/az/lib/python3.12/site-packages/knack/config.py", line 40, in __init__
        ensure_dir(config_dir)
      File "/opt/az/lib/python3.12/site-packages/knack/util.py", line 114, in ensure_dir
        raise e
      File "/opt/az/lib/python3.12/site-packages/knack/util.py", line 111, in ensure_dir
        os.makedirs(d)
      File "<frozen os>", line 215, in makedirs
      File "<frozen os>", line 225, in makedirs
    PermissionError: [Errno 13] Permission denied: '/home/semaphore'
    [0m
[1m# self_service_refresh : Display missing script information ***************************************************************[0m
  * [1m[34mlocalhost[0m                  - [0;36mskipped[0m -- Conditional result was False ---------------------------------
[1m# self_service_refresh : Fail if cleanup configuration had critical error *************************************************[0m
  * [1m[34mlocalhost[0m                  - [0;36mskipped[0m -- Conditional result was False ---------------------------------
[1m# self_service_refresh : Step 6 - Revert SQL users ************************************************************************[0m
  * [1m[34mlocalhost[0m                  - [0;32mchanged=False[0m -- [0;32m[0m --------------------------------------------
[1m# self_service_refresh : Display revert SQL users information *************************************************************[0m
  * [1m[34mlocalhost[0m                  - [0;32mchanged=False[0m --------------------------------------------------
    [0;32m🔄 Revert SQL Users
    ==================
    Source Environment: qa2 (services)
    Destination Environment: dev (client1)
    Dry Run: true
    [0m
<localhost> ESTABLISH LOCAL CONNECTION FOR USER: kgluza
<localhost> EXEC /bin/sh -c 'echo ~kgluza && sleep 0'
<localhost> EXEC /bin/sh -c '( umask 77 && mkdir -p "` echo /home/kgluza/.ansible/tmp `"&& mkdir "` echo /home/kgluza/.ansible/tmp/ansible-tmp-1758203203.005216-5963-3984832472057 `" && echo ansible-tmp-1758203203.005216-5963-3984832472057="` echo /home/kgluza/.ansible/tmp/ansible-tmp-1758203203.005216-5963-3984832472057 `" ) && sleep 0'
Using module file /home/kgluza/.local/pipx/venvs/ansible/lib/python3.10/site-packages/ansible/modules/stat.py
<localhost> PUT /home/kgluza/.ansible/tmp/ansible-local-5291a10dlla2/tmp3y0qhxwd TO /home/kgluza/.ansible/tmp/ansible-tmp-1758203203.005216-5963-3984832472057/AnsiballZ_stat.py
<localhost> EXEC /bin/sh -c 'chmod u+x /home/kgluza/.ansible/tmp/ansible-tmp-1758203203.005216-5963-3984832472057/ /home/kgluza/.ansible/tmp/ansible-tmp-1758203203.005216-5963-3984832472057/AnsiballZ_stat.py && sleep 0'
<localhost> EXEC /bin/sh -c 'AZURE_CONFIG_DIR=/home/semaphore/.azure python3 /home/kgluza/.ansible/tmp/ansible-tmp-1758203203.005216-5963-3984832472057/AnsiballZ_stat.py && sleep 0'
<localhost> EXEC /bin/sh -c 'rm -f -r /home/kgluza/.ansible/tmp/ansible-tmp-1758203203.005216-5963-3984832472057/ > /dev/null 2>&1 && sleep 0'
[1m# self_service_refresh : Check if SQL configure users script exists *******************************************************[0m
  * [1m[34mlocalhost[0m                  - [0;32mchanged=False[0m -- [0;32m[0m --------------------------------------------
<localhost> ESTABLISH LOCAL CONNECTION FOR USER: kgluza
<localhost> EXEC /bin/sh -c 'echo ~kgluza && sleep 0'
<localhost> EXEC /bin/sh -c '( umask 77 && mkdir -p "` echo /home/kgluza/.ansible/tmp `"&& mkdir "` echo /home/kgluza/.ansible/tmp/ansible-tmp-1758203203.1286175-5991-266774471533215 `" && echo ansible-tmp-1758203203.1286175-5991-266774471533215="` echo /home/kgluza/.ansible/tmp/ansible-tmp-1758203203.1286175-5991-266774471533215 `" ) && sleep 0'
Using module file /home/kgluza/.local/pipx/venvs/ansible/lib/python3.10/site-packages/ansible/modules/command.py
<localhost> PUT /home/kgluza/.ansible/tmp/ansible-local-5291a10dlla2/tmp320vws62 TO /home/kgluza/.ansible/tmp/ansible-tmp-1758203203.1286175-5991-266774471533215/AnsiballZ_command.py
<localhost> EXEC /bin/sh -c 'chmod u+x /home/kgluza/.ansible/tmp/ansible-tmp-1758203203.1286175-5991-266774471533215/ /home/kgluza/.ansible/tmp/ansible-tmp-1758203203.1286175-5991-266774471533215/AnsiballZ_command.py && sleep 0'
<localhost> EXEC /bin/sh -c 'AZURE_CONFIG_DIR=/home/semaphore/.azure python3 /home/kgluza/.ansible/tmp/ansible-tmp-1758203203.1286175-5991-266774471533215/AnsiballZ_command.py && sleep 0'
<localhost> EXEC /bin/sh -c 'rm -f -r /home/kgluza/.ansible/tmp/ansible-tmp-1758203203.1286175-5991-266774471533215/ > /dev/null 2>&1 && sleep 0'
[1m# self_service_refresh : Execute revert SQL users script ******************************************************************[0m
  * [1m[34mlocalhost[0m                  - [0;32mchanged=False[0m -- [0;32m[0m --------------------------------------------
[1m# self_service_refresh : Display revert SQL users result ******************************************************************[0m
  * [1m[34mlocalhost[0m                  - [0;32mchanged=False[0m --------------------------------------------------
    [0;32m⚡ Revert SQL Users Results:
    Exit Code: 0
    Command: pwsh -File /home/kgluza/Manufacturo/ansible-for-semaphore/roles/self_service_refresh/files/3_adjust_resources/sql_configure_users.ps1 -Environments "dev" -Clients "client1" -Revert -EnvironmentToRevert "qa2" -MultitenantToRevert "services" -AutoApprove -StopOnFailure -DryRun
    
    📤 STDOUT:
    
    🔍 DRY RUN - REVERT MODE - SQL Configure Users
    ===============================================
    Would remove SQL user configurations for environment: qa2
    Multitenant: services
    No actual SQL user removal will be performed
    No databases found
    
    📤 STDERR:
    Traceback (most recent call last):
      File "<frozen runpy>", line 198, in _run_module_as_main
      File "<frozen runpy>", line 88, in _run_code
      File "/opt/az/lib/python3.12/site-packages/azure/cli/__main__.py", line 30, in <module>
        az_cli = get_default_cli()
                 ^^^^^^^^^^^^^^^^^
      File "/opt/az/lib/python3.12/site-packages/azure/cli/core/__init__.py", line 948, in get_default_cli
        from azure.cli.core.azlogging import AzCliLogging
      File "/opt/az/lib/python3.12/site-packages/azure/cli/core/azlogging.py", line 30, in <module>
        from azure.cli.core.commands.events import EVENT_INVOKER_PRE_CMD_TBL_TRUNCATE
      File "/opt/az/lib/python3.12/site-packages/azure/cli/core/commands/__init__.py", line 27, in <module>
        from azure.cli.core.extension import get_extension
      File "/opt/az/lib/python3.12/site-packages/azure/cli/core/extension/__init__.py", line 18, in <module>
        az_config = CLIConfig(config_dir=GLOBAL_CONFIG_DIR, config_env_var_prefix=ENV_VAR_PREFIX)
                    ^^^^^^^^^^^^^^^^^^^^^^^^^^^^^^^^^^^^^^^^^^^^^^^^^^^^^^^^^^^^^^^^^^^^^^^^^^^^^
      File "/opt/az/lib/python3.12/site-packages/knack/config.py", line 40, in __init__
        ensure_dir(config_dir)
      File "/opt/az/lib/python3.12/site-packages/knack/util.py", line 114, in ensure_dir
        raise e
      File "/opt/az/lib/python3.12/site-packages/knack/util.py", line 111, in ensure_dir
        os.makedirs(d)
      File "<frozen os>", line 215, in makedirs
      File "<frozen os>", line 225, in makedirs
    PermissionError: [Errno 13] Permission denied: '/home/semaphore'
    [0m
[1m# self_service_refresh : Display missing script information ***************************************************************[0m
  * [1m[34mlocalhost[0m                  - [0;36mskipped[0m -- Conditional result was False ---------------------------------
[1m# self_service_refresh : Fail if revert users had critical error **********************************************************[0m
  * [1m[34mlocalhost[0m                  - [0;36mskipped[0m -- Conditional result was False ---------------------------------
[1m# self_service_refresh : Step 7 - Adjust resources ************************************************************************[0m
  * [1m[34mlocalhost[0m                  - [0;32mchanged=False[0m -- [0;32m[0m --------------------------------------------
[1m# self_service_refresh : Display resource adjustment information **********************************************************[0m
  * [1m[34mlocalhost[0m                  - [0;32mchanged=False[0m --------------------------------------------------
    [0;32m⚙️ Adjusting Resources
    =====================
    Environment: dev
    Customer Alias: qa2-services
    Dry Run: true
    [0m
<localhost> ESTABLISH LOCAL CONNECTION FOR USER: kgluza
<localhost> EXEC /bin/sh -c 'echo ~kgluza && sleep 0'
<localhost> EXEC /bin/sh -c '( umask 77 && mkdir -p "` echo /home/kgluza/.ansible/tmp `"&& mkdir "` echo /home/kgluza/.ansible/tmp/ansible-tmp-1758203204.0673118-6054-227146190166179 `" && echo ansible-tmp-1758203204.0673118-6054-227146190166179="` echo /home/kgluza/.ansible/tmp/ansible-tmp-1758203204.0673118-6054-227146190166179 `" ) && sleep 0'
Using module file /home/kgluza/.local/pipx/venvs/ansible/lib/python3.10/site-packages/ansible/modules/stat.py
<localhost> PUT /home/kgluza/.ansible/tmp/ansible-local-5291a10dlla2/tmp81vmwjvl TO /home/kgluza/.ansible/tmp/ansible-tmp-1758203204.0673118-6054-227146190166179/AnsiballZ_stat.py
<localhost> EXEC /bin/sh -c 'chmod u+x /home/kgluza/.ansible/tmp/ansible-tmp-1758203204.0673118-6054-227146190166179/ /home/kgluza/.ansible/tmp/ansible-tmp-1758203204.0673118-6054-227146190166179/AnsiballZ_stat.py && sleep 0'
<localhost> EXEC /bin/sh -c 'AZURE_CONFIG_DIR=/home/semaphore/.azure python3 /home/kgluza/.ansible/tmp/ansible-tmp-1758203204.0673118-6054-227146190166179/AnsiballZ_stat.py && sleep 0'
<localhost> EXEC /bin/sh -c 'rm -f -r /home/kgluza/.ansible/tmp/ansible-tmp-1758203204.0673118-6054-227146190166179/ > /dev/null 2>&1 && sleep 0'
[1m# self_service_refresh : Check if adjust resources script exists (adjust_db.ps1) ******************************************[0m
  * [1m[34mlocalhost[0m                  - [0;32mchanged=False[0m -- [0;32m[0m --------------------------------------------
<localhost> ESTABLISH LOCAL CONNECTION FOR USER: kgluza
<localhost> EXEC /bin/sh -c 'echo ~kgluza && sleep 0'
<localhost> EXEC /bin/sh -c '( umask 77 && mkdir -p "` echo /home/kgluza/.ansible/tmp `"&& mkdir "` echo /home/kgluza/.ansible/tmp/ansible-tmp-1758203204.18598-6082-236386936926817 `" && echo ansible-tmp-1758203204.18598-6082-236386936926817="` echo /home/kgluza/.ansible/tmp/ansible-tmp-1758203204.18598-6082-236386936926817 `" ) && sleep 0'
Using module file /home/kgluza/.local/pipx/venvs/ansible/lib/python3.10/site-packages/ansible/modules/stat.py
<localhost> PUT /home/kgluza/.ansible/tmp/ansible-local-5291a10dlla2/tmpa2568tzp TO /home/kgluza/.ansible/tmp/ansible-tmp-1758203204.18598-6082-236386936926817/AnsiballZ_stat.py
<localhost> EXEC /bin/sh -c 'chmod u+x /home/kgluza/.ansible/tmp/ansible-tmp-1758203204.18598-6082-236386936926817/ /home/kgluza/.ansible/tmp/ansible-tmp-1758203204.18598-6082-236386936926817/AnsiballZ_stat.py && sleep 0'
<localhost> EXEC /bin/sh -c 'AZURE_CONFIG_DIR=/home/semaphore/.azure python3 /home/kgluza/.ansible/tmp/ansible-tmp-1758203204.18598-6082-236386936926817/AnsiballZ_stat.py && sleep 0'
<localhost> EXEC /bin/sh -c 'rm -f -r /home/kgluza/.ansible/tmp/ansible-tmp-1758203204.18598-6082-236386936926817/ > /dev/null 2>&1 && sleep 0'
[1m# self_service_refresh : Check if adjust resources directory exists *******************************************************[0m
  * [1m[34mlocalhost[0m                  - [0;32mchanged=False[0m -- [0;32m[0m --------------------------------------------
<localhost> ESTABLISH LOCAL CONNECTION FOR USER: kgluza
<localhost> EXEC /bin/sh -c 'echo ~kgluza && sleep 0'
<localhost> EXEC /bin/sh -c '( umask 77 && mkdir -p "` echo /home/kgluza/.ansible/tmp `"&& mkdir "` echo /home/kgluza/.ansible/tmp/ansible-tmp-1758203204.3067386-6110-39346917852850 `" && echo ansible-tmp-1758203204.3067386-6110-39346917852850="` echo /home/kgluza/.ansible/tmp/ansible-tmp-1758203204.3067386-6110-39346917852850 `" ) && sleep 0'
Using module file /home/kgluza/.local/pipx/venvs/ansible/lib/python3.10/site-packages/ansible/modules/command.py
<localhost> PUT /home/kgluza/.ansible/tmp/ansible-local-5291a10dlla2/tmp494vsr5p TO /home/kgluza/.ansible/tmp/ansible-tmp-1758203204.3067386-6110-39346917852850/AnsiballZ_command.py
<localhost> EXEC /bin/sh -c 'chmod u+x /home/kgluza/.ansible/tmp/ansible-tmp-1758203204.3067386-6110-39346917852850/ /home/kgluza/.ansible/tmp/ansible-tmp-1758203204.3067386-6110-39346917852850/AnsiballZ_command.py && sleep 0'
<localhost> EXEC /bin/sh -c 'AZURE_CONFIG_DIR=/home/semaphore/.azure python3 /home/kgluza/.ansible/tmp/ansible-tmp-1758203204.3067386-6110-39346917852850/AnsiballZ_command.py && sleep 0'
<localhost> EXEC /bin/sh -c 'rm -f -r /home/kgluza/.ansible/tmp/ansible-tmp-1758203204.3067386-6110-39346917852850/ > /dev/null 2>&1 && sleep 0'
[1m# self_service_refresh : Execute adjust resources script (adjust_db.ps1) **************************************************[0m
  * [1m[34mlocalhost[0m                  - [0;32mchanged=False[0m -- [0;32mnon-zero return code[0m ------------------------
[1m# self_service_refresh : Display adjust resources result ******************************************************************[0m
  * [1m[34mlocalhost[0m                  - [0;32mchanged=False[0m --------------------------------------------------
    [0;32m⚡ Adjust Resources Script Results:
    Exit Code: 1
    Command: pwsh -File /home/kgluza/Manufacturo/ansible-for-semaphore/roles/self_service_refresh/files/3_adjust_resources/AdjustResources.ps1 -environment "dev" -namespace "client1" -customerAlias "qa2-services" -DryRun
    
    📤 STDOUT:
    
    🔍 DRY RUN MODE - Adjust Database
    =================================
    No actual database adjustments will be performed
    Destination: , , , 
    
    Retrieving databases from: 
    No databases found on server ''
    
    📤 STDERR:
    Traceback (most recent call last):
      File "<frozen runpy>", line 198, in _run_module_as_main
      File "<frozen runpy>", line 88, in _run_code
      File "/opt/az/lib/python3.12/site-packages/azure/cli/__main__.py", line 30, in <module>
        az_cli = get_default_cli()
                 ^^^^^^^^^^^^^^^^^
      File "/opt/az/lib/python3.12/site-packages/azure/cli/core/__init__.py", line 948, in get_default_cli
        from azure.cli.core.azlogging import AzCliLogging
      File "/opt/az/lib/python3.12/site-packages/azure/cli/core/azlogging.py", line 30, in <module>
        from azure.cli.core.commands.events import EVENT_INVOKER_PRE_CMD_TBL_TRUNCATE
      File "/opt/az/lib/python3.12/site-packages/azure/cli/core/commands/__init__.py", line 27, in <module>
        from azure.cli.core.extension import get_extension
      File "/opt/az/lib/python3.12/site-packages/azure/cli/core/extension/__init__.py", line 18, in <module>
        az_config = CLIConfig(config_dir=GLOBAL_CONFIG_DIR, config_env_var_prefix=ENV_VAR_PREFIX)
                    ^^^^^^^^^^^^^^^^^^^^^^^^^^^^^^^^^^^^^^^^^^^^^^^^^^^^^^^^^^^^^^^^^^^^^^^^^^^^^
      File "/opt/az/lib/python3.12/site-packages/knack/config.py", line 40, in __init__
        ensure_dir(config_dir)
      File "/opt/az/lib/python3.12/site-packages/knack/util.py", line 114, in ensure_dir
        raise e
      File "/opt/az/lib/python3.12/site-packages/knack/util.py", line 111, in ensure_dir
        os.makedirs(d)
      File "<frozen os>", line 215, in makedirs
      File "<frozen os>", line 225, in makedirs
    PermissionError: [Errno 13] Permission denied: '/home/semaphore'
    [31;1mInvalidOperation: [0m/home/kgluza/Manufacturo/ansible-for-semaphore/roles/self_service_refresh/files/3_adjust_resources/adjust_db.ps1:29[0m
    [31;1m[0m[36;1mLine |[0m
    [31;1m[0m[36;1m[36;1m  29 | [0m [36;1m$dest_subscription = $server[0].subscriptionId[0m
    [31;1m[0m[36;1m[36;1m[0m[36;1m[0m[36;1m     | [31;1m ~~~~~~~~~~~~~~~~~~~~~~~~~~~~~~~~~~~~~~~~~~~~~~[0m
    [31;1m[0m[36;1m[36;1m[0m[36;1m[0m[36;1m[31;1m[31;1m[36;1m     | [31;1mCannot index into a null array.[0m
    [31;1mInvalidOperation: [0m/home/kgluza/Manufacturo/ansible-for-semaphore/roles/self_service_refresh/files/3_adjust_resources/adjust_db.ps1:30[0m
    [31;1m[0m[36;1mLine |[0m
    [31;1m[0m[36;1m[36;1m  30 | [0m [36;1m$dest_server = $server[0].name[0m
    [31;1m[0m[36;1m[36;1m[0m[36;1m[0m[36;1m     | [31;1m ~~~~~~~~~~~~~~~~~~~~~~~~~~~~~~[0m
    [31;1m[0m[36;1m[36;1m[0m[36;1m[0m[36;1m[31;1m[31;1m[36;1m     | [31;1mCannot index into a null array.[0m
    [31;1mInvalidOperation: [0m/home/kgluza/Manufacturo/ansible-for-semaphore/roles/self_service_refresh/files/3_adjust_resources/adjust_db.ps1:31[0m
    [31;1m[0m[36;1mLine |[0m
    [31;1m[0m[36;1m[36;1m  31 | [0m [36;1m$dest_rg = $server[0].resourceGroup[0m
    [31;1m[0m[36;1m[36;1m[0m[36;1m[0m[36;1m     | [31;1m ~~~~~~~~~~~~~~~~~~~~~~~~~~~~~~~~~~~[0m
    [31;1m[0m[36;1m[36;1m[0m[36;1m[0m[36;1m[31;1m[31;1m[36;1m     | [31;1mCannot index into a null array.[0m
    [31;1mInvalidOperation: [0m/home/kgluza/Manufacturo/ansible-for-semaphore/roles/self_service_refresh/files/3_adjust_resources/adjust_db.ps1:32[0m
    [31;1m[0m[36;1mLine |[0m
    [31;1m[0m[36;1m[36;1m  32 | [0m [36;1m$dest_fqdn = $server[0].fqdn[0m
    [31;1m[0m[36;1m[36;1m[0m[36;1m[0m[36;1m     | [31;1m ~~~~~~~~~~~~~~~~~~~~~~~~~~~~[0m
    [31;1m[0m[36;1m[36;1m[0m[36;1m[0m[36;1m[31;1m[31;1m[36;1m     | [31;1mCannot index into a null array.[0m
    Traceback (most recent call last):
      File "<frozen runpy>", line 198, in _run_module_as_main
      File "<frozen runpy>", line 88, in _run_code
      File "/opt/az/lib/python3.12/site-packages/azure/cli/__main__.py", line 30, in <module>
        az_cli = get_default_cli()
                 ^^^^^^^^^^^^^^^^^
      File "/opt/az/lib/python3.12/site-packages/azure/cli/core/__init__.py", line 948, in get_default_cli
        from azure.cli.core.azlogging import AzCliLogging
      File "/opt/az/lib/python3.12/site-packages/azure/cli/core/azlogging.py", line 30, in <module>
        from azure.cli.core.commands.events import EVENT_INVOKER_PRE_CMD_TBL_TRUNCATE
      File "/opt/az/lib/python3.12/site-packages/azure/cli/core/commands/__init__.py", line 27, in <module>
        from azure.cli.core.extension import get_extension
      File "/opt/az/lib/python3.12/site-packages/azure/cli/core/extension/__init__.py", line 18, in <module>
        az_config = CLIConfig(config_dir=GLOBAL_CONFIG_DIR, config_env_var_prefix=ENV_VAR_PREFIX)
                    ^^^^^^^^^^^^^^^^^^^^^^^^^^^^^^^^^^^^^^^^^^^^^^^^^^^^^^^^^^^^^^^^^^^^^^^^^^^^^
      File "/opt/az/lib/python3.12/site-packages/knack/config.py", line 40, in __init__
        ensure_dir(config_dir)
      File "/opt/az/lib/python3.12/site-packages/knack/util.py", line 114, in ensure_dir
        raise e
      File "/opt/az/lib/python3.12/site-packages/knack/util.py", line 111, in ensure_dir
        os.makedirs(d)
      File "<frozen os>", line 215, in makedirs
      File "<frozen os>", line 225, in makedirs
    PermissionError: [Errno 13] Permission denied: '/home/semaphore'
    Traceback (most recent call last):
      File "<frozen runpy>", line 198, in _run_module_as_main
      File "<frozen runpy>", line 88, in _run_code
      File "/opt/az/lib/python3.12/site-packages/azure/cli/__main__.py", line 30, in <module>
        az_cli = get_default_cli()
                 ^^^^^^^^^^^^^^^^^
      File "/opt/az/lib/python3.12/site-packages/azure/cli/core/__init__.py", line 948, in get_default_cli
        from azure.cli.core.azlogging import AzCliLogging
      File "/opt/az/lib/python3.12/site-packages/azure/cli/core/azlogging.py", line 30, in <module>
        from azure.cli.core.commands.events import EVENT_INVOKER_PRE_CMD_TBL_TRUNCATE
      File "/opt/az/lib/python3.12/site-packages/azure/cli/core/commands/__init__.py", line 27, in <module>
        from azure.cli.core.extension import get_extension
      File "/opt/az/lib/python3.12/site-packages/azure/cli/core/extension/__init__.py", line 18, in <module>
        az_config = CLIConfig(config_dir=GLOBAL_CONFIG_DIR, config_env_var_prefix=ENV_VAR_PREFIX)
                    ^^^^^^^^^^^^^^^^^^^^^^^^^^^^^^^^^^^^^^^^^^^^^^^^^^^^^^^^^^^^^^^^^^^^^^^^^^^^^
      File "/opt/az/lib/python3.12/site-packages/knack/config.py", line 40, in __init__
        ensure_dir(config_dir)
      File "/opt/az/lib/python3.12/site-packages/knack/util.py", line 114, in ensure_dir
        raise e
      File "/opt/az/lib/python3.12/site-packages/knack/util.py", line 111, in ensure_dir
        os.makedirs(d)
      File "<frozen os>", line 215, in makedirs
      File "<frozen os>", line 225, in makedirs
    PermissionError: [Errno 13] Permission denied: '/home/semaphore'
    [0m
[1m# self_service_refresh : Fail if adjust resources had critical error ******************************************************[0m
  * [1m[34mlocalhost[0m                  - [0;36mskipped[0m -- Conditional result was False ---------------------------------
[1m# Adjust terraform configuration ******************************************************************************************[0m
  * [1m[34mlocalhost[0m                  - [0;36mskipped[0m -- Conditional result was False ---------------------------------
[1m# Adjust runtime configuration ********************************************************************************************[0m
  * [1m[34mlocalhost[0m                  - [0;36mskipped[0m -- Conditional result was False ---------------------------------
[1m# self_service_refresh : Display missing script information ***************************************************************[0m
  * [1m[34mlocalhost[0m                  - [0;36mskipped[0m -- Conditional result was False ---------------------------------
[1m# self_service_refresh : Display adjust resources result ******************************************************************[0m
  * [1m[34mlocalhost[0m                  - [0;32mchanged=False[0m -- [0;32m[0m --------------------------------------------
[1m# self_service_refresh : Step 8 - Delete replicas *************************************************************************[0m
  * [1m[34mlocalhost[0m                  - [0;32mchanged=False[0m -- [0;32m[0m --------------------------------------------
[1m# self_service_refresh : Display delete replicas information **************************************************************[0m
  * [1m[34mlocalhost[0m                  - [0;32mchanged=False[0m --------------------------------------------------
    [0;32m🗑️ Delete Replicas
    ==================
    Source Environment: qa2 (services)
    Destination Environment: dev (client1)
    Dry Run: true
    [0m
<localhost> ESTABLISH LOCAL CONNECTION FOR USER: kgluza
<localhost> EXEC /bin/sh -c 'echo ~kgluza && sleep 0'
<localhost> EXEC /bin/sh -c '( umask 77 && mkdir -p "` echo /home/kgluza/.ansible/tmp `"&& mkdir "` echo /home/kgluza/.ansible/tmp/ansible-tmp-1758203205.4895785-6189-87473777319916 `" && echo ansible-tmp-1758203205.4895785-6189-87473777319916="` echo /home/kgluza/.ansible/tmp/ansible-tmp-1758203205.4895785-6189-87473777319916 `" ) && sleep 0'
Using module file /home/kgluza/.local/pipx/venvs/ansible/lib/python3.10/site-packages/ansible/modules/stat.py
<localhost> PUT /home/kgluza/.ansible/tmp/ansible-local-5291a10dlla2/tmpzhso6vz2 TO /home/kgluza/.ansible/tmp/ansible-tmp-1758203205.4895785-6189-87473777319916/AnsiballZ_stat.py
<localhost> EXEC /bin/sh -c 'chmod u+x /home/kgluza/.ansible/tmp/ansible-tmp-1758203205.4895785-6189-87473777319916/ /home/kgluza/.ansible/tmp/ansible-tmp-1758203205.4895785-6189-87473777319916/AnsiballZ_stat.py && sleep 0'
<localhost> EXEC /bin/sh -c 'AZURE_CONFIG_DIR=/home/semaphore/.azure python3 /home/kgluza/.ansible/tmp/ansible-tmp-1758203205.4895785-6189-87473777319916/AnsiballZ_stat.py && sleep 0'
<localhost> EXEC /bin/sh -c 'rm -f -r /home/kgluza/.ansible/tmp/ansible-tmp-1758203205.4895785-6189-87473777319916/ > /dev/null 2>&1 && sleep 0'
[1m# self_service_refresh : Check if delete replicas script exists ***********************************************************[0m
  * [1m[34mlocalhost[0m                  - [0;32mchanged=False[0m -- [0;32m[0m --------------------------------------------
<localhost> ESTABLISH LOCAL CONNECTION FOR USER: kgluza
<localhost> EXEC /bin/sh -c 'echo ~kgluza && sleep 0'
<localhost> EXEC /bin/sh -c '( umask 77 && mkdir -p "` echo /home/kgluza/.ansible/tmp `"&& mkdir "` echo /home/kgluza/.ansible/tmp/ansible-tmp-1758203205.6159282-6217-19976452562420 `" && echo ansible-tmp-1758203205.6159282-6217-19976452562420="` echo /home/kgluza/.ansible/tmp/ansible-tmp-1758203205.6159282-6217-19976452562420 `" ) && sleep 0'
Using module file /home/kgluza/.local/pipx/venvs/ansible/lib/python3.10/site-packages/ansible/modules/command.py
<localhost> PUT /home/kgluza/.ansible/tmp/ansible-local-5291a10dlla2/tmp4g8mj7x8 TO /home/kgluza/.ansible/tmp/ansible-tmp-1758203205.6159282-6217-19976452562420/AnsiballZ_command.py
<localhost> EXEC /bin/sh -c 'chmod u+x /home/kgluza/.ansible/tmp/ansible-tmp-1758203205.6159282-6217-19976452562420/ /home/kgluza/.ansible/tmp/ansible-tmp-1758203205.6159282-6217-19976452562420/AnsiballZ_command.py && sleep 0'
<localhost> EXEC /bin/sh -c 'AZURE_CONFIG_DIR=/home/semaphore/.azure python3 /home/kgluza/.ansible/tmp/ansible-tmp-1758203205.6159282-6217-19976452562420/AnsiballZ_command.py && sleep 0'
<localhost> EXEC /bin/sh -c 'rm -f -r /home/kgluza/.ansible/tmp/ansible-tmp-1758203205.6159282-6217-19976452562420/ > /dev/null 2>&1 && sleep 0'
[1m# self_service_refresh : Execute delete replicas script *******************************************************************[0m
  * [1m[34mlocalhost[0m                  - [0;32mchanged=False[0m -- [0;32mnon-zero return code[0m ------------------------
[1m# self_service_refresh : Display delete replicas result *******************************************************************[0m
  * [1m[34mlocalhost[0m                  - [0;32mchanged=False[0m --------------------------------------------------
    [0;32m⚡ Delete Replicas Results:
    Exit Code: 1
    Command: pwsh -File /home/kgluza/Manufacturo/ansible-for-semaphore/roles/self_service_refresh/files/7_delete_resources/delete_replicas.ps1 -destination "dev" -source "qa2" -SourceNamespace "services" -DestinationNamespace "client1" -DryRun
    
    📤 STDOUT:
    
    🔍 DRY RUN MODE - Enhanced Replica Management Script
    ===================================================
    No actual replica operations will be performed
    
    📋 Checking Azure CLI...
      ❌ Azure CLI not found. Please install it first.
    
    📤 STDERR:
    [0m
[1m# self_service_refresh : Display missing script information ***************************************************************[0m
  * [1m[34mlocalhost[0m                  - [0;36mskipped[0m -- Conditional result was False ---------------------------------
[1m# self_service_refresh : Fail if delete replicas had critical error *******************************************************[0m
  * [1m[34mlocalhost[0m                  - [0;36mskipped[0m -- Conditional result was False ---------------------------------
[1m# self_service_refresh : Step 9 - Configure users *************************************************************************[0m
  * [1m[34mlocalhost[0m                  - [0;32mchanged=False[0m -- [0;32m[0m --------------------------------------------
[1m# self_service_refresh : Display configure users information **************************************************************[0m
  * [1m[34mlocalhost[0m                  - [0;32mchanged=False[0m --------------------------------------------------
    [0;32m👥 Configure Users
    =================
    Destination Environment: dev (client1)
    Dry Run: true
    [0m
<localhost> ESTABLISH LOCAL CONNECTION FOR USER: kgluza
<localhost> EXEC /bin/sh -c 'echo ~kgluza && sleep 0'
<localhost> EXEC /bin/sh -c '( umask 77 && mkdir -p "` echo /home/kgluza/.ansible/tmp `"&& mkdir "` echo /home/kgluza/.ansible/tmp/ansible-tmp-1758203206.5208163-6278-29327992005404 `" && echo ansible-tmp-1758203206.5208163-6278-29327992005404="` echo /home/kgluza/.ansible/tmp/ansible-tmp-1758203206.5208163-6278-29327992005404 `" ) && sleep 0'
Using module file /home/kgluza/.local/pipx/venvs/ansible/lib/python3.10/site-packages/ansible/modules/stat.py
<localhost> PUT /home/kgluza/.ansible/tmp/ansible-local-5291a10dlla2/tmpbavwydp1 TO /home/kgluza/.ansible/tmp/ansible-tmp-1758203206.5208163-6278-29327992005404/AnsiballZ_stat.py
<localhost> EXEC /bin/sh -c 'chmod u+x /home/kgluza/.ansible/tmp/ansible-tmp-1758203206.5208163-6278-29327992005404/ /home/kgluza/.ansible/tmp/ansible-tmp-1758203206.5208163-6278-29327992005404/AnsiballZ_stat.py && sleep 0'
<localhost> EXEC /bin/sh -c 'AZURE_CONFIG_DIR=/home/semaphore/.azure python3 /home/kgluza/.ansible/tmp/ansible-tmp-1758203206.5208163-6278-29327992005404/AnsiballZ_stat.py && sleep 0'
<localhost> EXEC /bin/sh -c 'rm -f -r /home/kgluza/.ansible/tmp/ansible-tmp-1758203206.5208163-6278-29327992005404/ > /dev/null 2>&1 && sleep 0'
[1m# self_service_refresh : Check if SQL configure users script exists *******************************************************[0m
  * [1m[34mlocalhost[0m                  - [0;32mchanged=False[0m -- [0;32m[0m --------------------------------------------
<localhost> ESTABLISH LOCAL CONNECTION FOR USER: kgluza
<localhost> EXEC /bin/sh -c 'echo ~kgluza && sleep 0'
<localhost> EXEC /bin/sh -c '( umask 77 && mkdir -p "` echo /home/kgluza/.ansible/tmp `"&& mkdir "` echo /home/kgluza/.ansible/tmp/ansible-tmp-1758203206.653517-6306-218864445411917 `" && echo ansible-tmp-1758203206.653517-6306-218864445411917="` echo /home/kgluza/.ansible/tmp/ansible-tmp-1758203206.653517-6306-218864445411917 `" ) && sleep 0'
Using module file /home/kgluza/.local/pipx/venvs/ansible/lib/python3.10/site-packages/ansible/modules/command.py
<localhost> PUT /home/kgluza/.ansible/tmp/ansible-local-5291a10dlla2/tmphxyq669r TO /home/kgluza/.ansible/tmp/ansible-tmp-1758203206.653517-6306-218864445411917/AnsiballZ_command.py
<localhost> EXEC /bin/sh -c 'chmod u+x /home/kgluza/.ansible/tmp/ansible-tmp-1758203206.653517-6306-218864445411917/ /home/kgluza/.ansible/tmp/ansible-tmp-1758203206.653517-6306-218864445411917/AnsiballZ_command.py && sleep 0'
<localhost> EXEC /bin/sh -c 'AZURE_CONFIG_DIR=/home/semaphore/.azure python3 /home/kgluza/.ansible/tmp/ansible-tmp-1758203206.653517-6306-218864445411917/AnsiballZ_command.py && sleep 0'
<localhost> EXEC /bin/sh -c 'rm -f -r /home/kgluza/.ansible/tmp/ansible-tmp-1758203206.653517-6306-218864445411917/ > /dev/null 2>&1 && sleep 0'
[1m# self_service_refresh : Execute configure users script *******************************************************************[0m
  * [1m[34mlocalhost[0m                  - [0;32mchanged=False[0m -- [0;32m[0m --------------------------------------------
[1m# self_service_refresh : Display configure users result *******************************************************************[0m
  * [1m[34mlocalhost[0m                  - [0;32mchanged=False[0m --------------------------------------------------
    [0;32m⚡ Configure Users Results:
    Exit Code: 0
    Command: pwsh -File /home/kgluza/Manufacturo/ansible-for-semaphore/roles/self_service_refresh/files/3_adjust_resources/sql_configure_users.ps1 -Environments "dev" -Clients "client1" -AutoApprove -StopOnFailure  -DryRun
    
    📤 STDOUT:
    
    🔍 DRY RUN MODE - SQL Configure Users
    =====================================
    No actual SQL user configuration will be performed
    No databases found
    
    📤 STDERR:
    Traceback (most recent call last):
      File "<frozen runpy>", line 198, in _run_module_as_main
      File "<frozen runpy>", line 88, in _run_code
      File "/opt/az/lib/python3.12/site-packages/azure/cli/__main__.py", line 30, in <module>
        az_cli = get_default_cli()
                 ^^^^^^^^^^^^^^^^^
      File "/opt/az/lib/python3.12/site-packages/azure/cli/core/__init__.py", line 948, in get_default_cli
        from azure.cli.core.azlogging import AzCliLogging
      File "/opt/az/lib/python3.12/site-packages/azure/cli/core/azlogging.py", line 30, in <module>
        from azure.cli.core.commands.events import EVENT_INVOKER_PRE_CMD_TBL_TRUNCATE
      File "/opt/az/lib/python3.12/site-packages/azure/cli/core/commands/__init__.py", line 27, in <module>
        from azure.cli.core.extension import get_extension
      File "/opt/az/lib/python3.12/site-packages/azure/cli/core/extension/__init__.py", line 18, in <module>
        az_config = CLIConfig(config_dir=GLOBAL_CONFIG_DIR, config_env_var_prefix=ENV_VAR_PREFIX)
                    ^^^^^^^^^^^^^^^^^^^^^^^^^^^^^^^^^^^^^^^^^^^^^^^^^^^^^^^^^^^^^^^^^^^^^^^^^^^^^
      File "/opt/az/lib/python3.12/site-packages/knack/config.py", line 40, in __init__
        ensure_dir(config_dir)
      File "/opt/az/lib/python3.12/site-packages/knack/util.py", line 114, in ensure_dir
        raise e
      File "/opt/az/lib/python3.12/site-packages/knack/util.py", line 111, in ensure_dir
        os.makedirs(d)
      File "<frozen os>", line 215, in makedirs
      File "<frozen os>", line 225, in makedirs
    PermissionError: [Errno 13] Permission denied: '/home/semaphore'
    [0m
[1m# self_service_refresh : Display missing script information ***************************************************************[0m
  * [1m[34mlocalhost[0m                  - [0;36mskipped[0m -- Conditional result was False ---------------------------------
[1m# self_service_refresh : Fail if configure users had critical error *******************************************************[0m
  * [1m[34mlocalhost[0m                  - [0;36mskipped[0m -- Conditional result was False ---------------------------------
[1m# self_service_refresh : Step 10 - Start environment **********************************************************************[0m
  * [1m[34mlocalhost[0m                  - [0;32mchanged=False[0m -- [0;32m[0m --------------------------------------------
[1m# self_service_refresh : Display environment start information ************************************************************[0m
  * [1m[34mlocalhost[0m                  - [0;32mchanged=False[0m --------------------------------------------------
    [0;32m🚀 Starting Environment
    =======================
    Environment: dev (client1)
    Dry Run: true
    [0m
<localhost> ESTABLISH LOCAL CONNECTION FOR USER: kgluza
<localhost> EXEC /bin/sh -c 'echo ~kgluza && sleep 0'
<localhost> EXEC /bin/sh -c '( umask 77 && mkdir -p "` echo /home/kgluza/.ansible/tmp `"&& mkdir "` echo /home/kgluza/.ansible/tmp/ansible-tmp-1758203207.5503285-6372-214063529452083 `" && echo ansible-tmp-1758203207.5503285-6372-214063529452083="` echo /home/kgluza/.ansible/tmp/ansible-tmp-1758203207.5503285-6372-214063529452083 `" ) && sleep 0'
Using module file /home/kgluza/.local/pipx/venvs/ansible/lib/python3.10/site-packages/ansible/modules/stat.py
<localhost> PUT /home/kgluza/.ansible/tmp/ansible-local-5291a10dlla2/tmp19n6az5y TO /home/kgluza/.ansible/tmp/ansible-tmp-1758203207.5503285-6372-214063529452083/AnsiballZ_stat.py
<localhost> EXEC /bin/sh -c 'chmod u+x /home/kgluza/.ansible/tmp/ansible-tmp-1758203207.5503285-6372-214063529452083/ /home/kgluza/.ansible/tmp/ansible-tmp-1758203207.5503285-6372-214063529452083/AnsiballZ_stat.py && sleep 0'
<localhost> EXEC /bin/sh -c 'AZURE_CONFIG_DIR=/home/semaphore/.azure python3 /home/kgluza/.ansible/tmp/ansible-tmp-1758203207.5503285-6372-214063529452083/AnsiballZ_stat.py && sleep 0'
<localhost> EXEC /bin/sh -c 'rm -f -r /home/kgluza/.ansible/tmp/ansible-tmp-1758203207.5503285-6372-214063529452083/ > /dev/null 2>&1 && sleep 0'
[1m# self_service_refresh : Check if start environment script exists *********************************************************[0m
  * [1m[34mlocalhost[0m                  - [0;32mchanged=False[0m -- [0;32m[0m --------------------------------------------
<localhost> ESTABLISH LOCAL CONNECTION FOR USER: kgluza
<localhost> EXEC /bin/sh -c 'echo ~kgluza && sleep 0'
<localhost> EXEC /bin/sh -c '( umask 77 && mkdir -p "` echo /home/kgluza/.ansible/tmp `"&& mkdir "` echo /home/kgluza/.ansible/tmp/ansible-tmp-1758203207.6816015-6400-216510065895677 `" && echo ansible-tmp-1758203207.6816015-6400-216510065895677="` echo /home/kgluza/.ansible/tmp/ansible-tmp-1758203207.6816015-6400-216510065895677 `" ) && sleep 0'
Using module file /home/kgluza/.local/pipx/venvs/ansible/lib/python3.10/site-packages/ansible/modules/command.py
<localhost> PUT /home/kgluza/.ansible/tmp/ansible-local-5291a10dlla2/tmptikbaggm TO /home/kgluza/.ansible/tmp/ansible-tmp-1758203207.6816015-6400-216510065895677/AnsiballZ_command.py
<localhost> EXEC /bin/sh -c 'chmod u+x /home/kgluza/.ansible/tmp/ansible-tmp-1758203207.6816015-6400-216510065895677/ /home/kgluza/.ansible/tmp/ansible-tmp-1758203207.6816015-6400-216510065895677/AnsiballZ_command.py && sleep 0'
<localhost> EXEC /bin/sh -c 'AZURE_CONFIG_DIR=/home/semaphore/.azure python3 /home/kgluza/.ansible/tmp/ansible-tmp-1758203207.6816015-6400-216510065895677/AnsiballZ_command.py && sleep 0'
<localhost> EXEC /bin/sh -c 'rm -f -r /home/kgluza/.ansible/tmp/ansible-tmp-1758203207.6816015-6400-216510065895677/ > /dev/null 2>&1 && sleep 0'
[1m# self_service_refresh : Execute start environment script *****************************************************************[0m
  * [1m[34mlocalhost[0m                  - [0;32mchanged=False[0m -- [0;32m[0m --------------------------------------------
[1m# Use Azure Kubernetes role as fallback ***********************************************************************************[0m
  * [1m[34mlocalhost[0m                  - [0;36mskipped[0m -- Conditional result was False ---------------------------------
[1m# self_service_refresh : Display start environment result *****************************************************************[0m
  * [1m[34mlocalhost[0m                  - [0;32mchanged=False[0m -- [0;32m[0m --------------------------------------------
[1m# self_service_refresh : Step 11 - Cleanup restored databases *************************************************************[0m
  * [1m[34mlocalhost[0m                  - [0;32mchanged=False[0m -- [0;32m[0m --------------------------------------------
[1m# self_service_refresh : Display cleanup restored databases information ***************************************************[0m
  * [1m[34mlocalhost[0m                  - [0;32mchanged=False[0m --------------------------------------------------
    [0;32m🧹 Cleanup Restored Databases
    =============================
    Source Environment: qa2
    Dry Run: true
    [0m
<localhost> ESTABLISH LOCAL CONNECTION FOR USER: kgluza
<localhost> EXEC /bin/sh -c 'echo ~kgluza && sleep 0'
<localhost> EXEC /bin/sh -c '( umask 77 && mkdir -p "` echo /home/kgluza/.ansible/tmp `"&& mkdir "` echo /home/kgluza/.ansible/tmp/ansible-tmp-1758203208.8340802-6470-93784245316824 `" && echo ansible-tmp-1758203208.8340802-6470-93784245316824="` echo /home/kgluza/.ansible/tmp/ansible-tmp-1758203208.8340802-6470-93784245316824 `" ) && sleep 0'
Using module file /home/kgluza/.local/pipx/venvs/ansible/lib/python3.10/site-packages/ansible/modules/stat.py
<localhost> PUT /home/kgluza/.ansible/tmp/ansible-local-5291a10dlla2/tmpwkil25gl TO /home/kgluza/.ansible/tmp/ansible-tmp-1758203208.8340802-6470-93784245316824/AnsiballZ_stat.py
<localhost> EXEC /bin/sh -c 'chmod u+x /home/kgluza/.ansible/tmp/ansible-tmp-1758203208.8340802-6470-93784245316824/ /home/kgluza/.ansible/tmp/ansible-tmp-1758203208.8340802-6470-93784245316824/AnsiballZ_stat.py && sleep 0'
<localhost> EXEC /bin/sh -c 'AZURE_CONFIG_DIR=/home/semaphore/.azure python3 /home/kgluza/.ansible/tmp/ansible-tmp-1758203208.8340802-6470-93784245316824/AnsiballZ_stat.py && sleep 0'
<localhost> EXEC /bin/sh -c 'rm -f -r /home/kgluza/.ansible/tmp/ansible-tmp-1758203208.8340802-6470-93784245316824/ > /dev/null 2>&1 && sleep 0'
[1m# self_service_refresh : Check if delete restored databases script exists *************************************************[0m
  * [1m[34mlocalhost[0m                  - [0;32mchanged=False[0m -- [0;32m[0m --------------------------------------------
<localhost> ESTABLISH LOCAL CONNECTION FOR USER: kgluza
<localhost> EXEC /bin/sh -c 'echo ~kgluza && sleep 0'
<localhost> EXEC /bin/sh -c '( umask 77 && mkdir -p "` echo /home/kgluza/.ansible/tmp `"&& mkdir "` echo /home/kgluza/.ansible/tmp/ansible-tmp-1758203208.963834-6498-185464996198091 `" && echo ansible-tmp-1758203208.963834-6498-185464996198091="` echo /home/kgluza/.ansible/tmp/ansible-tmp-1758203208.963834-6498-185464996198091 `" ) && sleep 0'
Using module file /home/kgluza/.local/pipx/venvs/ansible/lib/python3.10/site-packages/ansible/modules/command.py
<localhost> PUT /home/kgluza/.ansible/tmp/ansible-local-5291a10dlla2/tmpaktbwvk4 TO /home/kgluza/.ansible/tmp/ansible-tmp-1758203208.963834-6498-185464996198091/AnsiballZ_command.py
<localhost> EXEC /bin/sh -c 'chmod u+x /home/kgluza/.ansible/tmp/ansible-tmp-1758203208.963834-6498-185464996198091/ /home/kgluza/.ansible/tmp/ansible-tmp-1758203208.963834-6498-185464996198091/AnsiballZ_command.py && sleep 0'
<localhost> EXEC /bin/sh -c 'AZURE_CONFIG_DIR=/home/semaphore/.azure python3 /home/kgluza/.ansible/tmp/ansible-tmp-1758203208.963834-6498-185464996198091/AnsiballZ_command.py && sleep 0'
<localhost> EXEC /bin/sh -c 'rm -f -r /home/kgluza/.ansible/tmp/ansible-tmp-1758203208.963834-6498-185464996198091/ > /dev/null 2>&1 && sleep 0'
[1m# self_service_refresh : Execute cleanup restored databases script ********************************************************[0m
  * [1m[34mlocalhost[0m                  - [0;32mchanged=False[0m -- [0;32m[0m --------------------------------------------
[1m# self_service_refresh : Display cleanup restored databases result ********************************************************[0m
  * [1m[34mlocalhost[0m                  - [0;32mchanged=False[0m --------------------------------------------------
    [0;32m⚡ Cleanup Restored Databases Results:
    Exit Code: 0
    Command: pwsh -File /home/kgluza/Manufacturo/ansible-for-semaphore/roles/self_service_refresh/files/7_delete_resources/delete_restored_db.ps1 -source "qa2" -DryRun
    
    📤 STDOUT:
    
    🔍 DRY RUN MODE - Delete Restored Databases Script
    =================================================
    No actual database deletion will be performed
    Waiting for any pending restores to complete...
    🔍 DRY RUN: No restored databases found to delete.
    
    ====================================
     Cleanup Completed
    ====================================
    
    ✅ All restored databases have been cleaned up
    
    📤 STDERR:
    Traceback (most recent call last):
      File "<frozen runpy>", line 198, in _run_module_as_main
      File "<frozen runpy>", line 88, in _run_code
      File "/opt/az/lib/python3.12/site-packages/azure/cli/__main__.py", line 30, in <module>
        az_cli = get_default_cli()
                 ^^^^^^^^^^^^^^^^^
      File "/opt/az/lib/python3.12/site-packages/azure/cli/core/__init__.py", line 948, in get_default_cli
        from azure.cli.core.azlogging import AzCliLogging
      File "/opt/az/lib/python3.12/site-packages/azure/cli/core/azlogging.py", line 30, in <module>
        from azure.cli.core.commands.events import EVENT_INVOKER_PRE_CMD_TBL_TRUNCATE
      File "/opt/az/lib/python3.12/site-packages/azure/cli/core/commands/__init__.py", line 27, in <module>
        from azure.cli.core.extension import get_extension
      File "/opt/az/lib/python3.12/site-packages/azure/cli/core/extension/__init__.py", line 18, in <module>
        az_config = CLIConfig(config_dir=GLOBAL_CONFIG_DIR, config_env_var_prefix=ENV_VAR_PREFIX)
                    ^^^^^^^^^^^^^^^^^^^^^^^^^^^^^^^^^^^^^^^^^^^^^^^^^^^^^^^^^^^^^^^^^^^^^^^^^^^^^
      File "/opt/az/lib/python3.12/site-packages/knack/config.py", line 40, in __init__
        ensure_dir(config_dir)
      File "/opt/az/lib/python3.12/site-packages/knack/util.py", line 114, in ensure_dir
        raise e
      File "/opt/az/lib/python3.12/site-packages/knack/util.py", line 111, in ensure_dir
        os.makedirs(d)
      File "<frozen os>", line 215, in makedirs
      File "<frozen os>", line 225, in makedirs
    PermissionError: [Errno 13] Permission denied: '/home/semaphore'
    [31;1mInvalidOperation: [0m/home/kgluza/Manufacturo/ansible-for-semaphore/roles/self_service_refresh/files/7_delete_resources/delete_restored_db.ps1:27[0m
    [31;1m[0m[36;1mLine |[0m
    [31;1m[0m[36;1m[36;1m  27 | [0m [36;1m$source_subscription = $recources[0].subscriptionId[0m
    [31;1m[0m[36;1m[36;1m[0m[36;1m[0m[36;1m     | [31;1m ~~~~~~~~~~~~~~~~~~~~~~~~~~~~~~~~~~~~~~~~~~~~~~~~~~~[0m
    [31;1m[0m[36;1m[36;1m[0m[36;1m[0m[36;1m[31;1m[31;1m[36;1m     | [31;1mCannot index into a null array.[0m
    [31;1mInvalidOperation: [0m/home/kgluza/Manufacturo/ansible-for-semaphore/roles/self_service_refresh/files/7_delete_resources/delete_restored_db.ps1:28[0m
    [31;1m[0m[36;1mLine |[0m
    [31;1m[0m[36;1m[36;1m  28 | [0m [36;1m$source_server = $recources[0].name[0m
    [31;1m[0m[36;1m[36;1m[0m[36;1m[0m[36;1m     | [31;1m ~~~~~~~~~~~~~~~~~~~~~~~~~~~~~~~~~~~[0m
    [31;1m[0m[36;1m[36;1m[0m[36;1m[0m[36;1m[31;1m[31;1m[36;1m     | [31;1mCannot index into a null array.[0m
    [31;1mInvalidOperation: [0m/home/kgluza/Manufacturo/ansible-for-semaphore/roles/self_service_refresh/files/7_delete_resources/delete_restored_db.ps1:29[0m
    [31;1m[0m[36;1mLine |[0m
    [31;1m[0m[36;1m[36;1m  29 | [0m [36;1m$source_rg = $recources[0].resourceGroup[0m
    [31;1m[0m[36;1m[36;1m[0m[36;1m[0m[36;1m     | [31;1m ~~~~~~~~~~~~~~~~~~~~~~~~~~~~~~~~~~~~~~~~[0m
    [31;1m[0m[36;1m[36;1m[0m[36;1m[0m[36;1m[31;1m[31;1m[36;1m     | [31;1mCannot index into a null array.[0m
    Traceback (most recent call last):
      File "<frozen runpy>", line 198, in _run_module_as_main
      File "<frozen runpy>", line 88, in _run_code
      File "/opt/az/lib/python3.12/site-packages/azure/cli/__main__.py", line 30, in <module>
        az_cli = get_default_cli()
                 ^^^^^^^^^^^^^^^^^
      File "/opt/az/lib/python3.12/site-packages/azure/cli/core/__init__.py", line 948, in get_default_cli
        from azure.cli.core.azlogging import AzCliLogging
      File "/opt/az/lib/python3.12/site-packages/azure/cli/core/azlogging.py", line 30, in <module>
        from azure.cli.core.commands.events import EVENT_INVOKER_PRE_CMD_TBL_TRUNCATE
      File "/opt/az/lib/python3.12/site-packages/azure/cli/core/commands/__init__.py", line 27, in <module>
        from azure.cli.core.extension import get_extension
      File "/opt/az/lib/python3.12/site-packages/azure/cli/core/extension/__init__.py", line 18, in <module>
        az_config = CLIConfig(config_dir=GLOBAL_CONFIG_DIR, config_env_var_prefix=ENV_VAR_PREFIX)
                    ^^^^^^^^^^^^^^^^^^^^^^^^^^^^^^^^^^^^^^^^^^^^^^^^^^^^^^^^^^^^^^^^^^^^^^^^^^^^^
      File "/opt/az/lib/python3.12/site-packages/knack/config.py", line 40, in __init__
        ensure_dir(config_dir)
      File "/opt/az/lib/python3.12/site-packages/knack/util.py", line 114, in ensure_dir
        raise e
      File "/opt/az/lib/python3.12/site-packages/knack/util.py", line 111, in ensure_dir
        os.makedirs(d)
      File "<frozen os>", line 215, in makedirs
      File "<frozen os>", line 225, in makedirs
    PermissionError: [Errno 13] Permission denied: '/home/semaphore'
    Traceback (most recent call last):
      File "<frozen runpy>", line 198, in _run_module_as_main
      File "<frozen runpy>", line 88, in _run_code
      File "/opt/az/lib/python3.12/site-packages/azure/cli/__main__.py", line 30, in <module>
        az_cli = get_default_cli()
                 ^^^^^^^^^^^^^^^^^
      File "/opt/az/lib/python3.12/site-packages/azure/cli/core/__init__.py", line 948, in get_default_cli
        from azure.cli.core.azlogging import AzCliLogging
      File "/opt/az/lib/python3.12/site-packages/azure/cli/core/azlogging.py", line 30, in <module>
        from azure.cli.core.commands.events import EVENT_INVOKER_PRE_CMD_TBL_TRUNCATE
      File "/opt/az/lib/python3.12/site-packages/azure/cli/core/commands/__init__.py", line 27, in <module>
        from azure.cli.core.extension import get_extension
      File "/opt/az/lib/python3.12/site-packages/azure/cli/core/extension/__init__.py", line 18, in <module>
        az_config = CLIConfig(config_dir=GLOBAL_CONFIG_DIR, config_env_var_prefix=ENV_VAR_PREFIX)
                    ^^^^^^^^^^^^^^^^^^^^^^^^^^^^^^^^^^^^^^^^^^^^^^^^^^^^^^^^^^^^^^^^^^^^^^^^^^^^^
      File "/opt/az/lib/python3.12/site-packages/knack/config.py", line 40, in __init__
        ensure_dir(config_dir)
      File "/opt/az/lib/python3.12/site-packages/knack/util.py", line 114, in ensure_dir
        raise e
      File "/opt/az/lib/python3.12/site-packages/knack/util.py", line 111, in ensure_dir
        os.makedirs(d)
      File "<frozen os>", line 215, in makedirs
      File "<frozen os>", line 225, in makedirs
    PermissionError: [Errno 13] Permission denied: '/home/semaphore'
    [0m
[1m# self_service_refresh : Display missing script information ***************************************************************[0m
  * [1m[34mlocalhost[0m                  - [0;36mskipped[0m -- Conditional result was False ---------------------------------
[1m# self_service_refresh : Fail if cleanup restored databases had critical error ********************************************[0m
  * [1m[34mlocalhost[0m                  - [0;36mskipped[0m -- Conditional result was False ---------------------------------
[1m# self_service_refresh : Refresh completed successfully *******************************************************************[0m
  * [1m[34mlocalhost[0m                  - [0;32mchanged=False[0m --------------------------------------------------
    [0;32m✅ Self-Service Data Refresh Completed Successfully (11 Steps)
    =============================================================
    Source: qa2 → Destination: dev
    Duration: 0 seconds
    [0m
[1m# Final status report *****************************************************************************************************[0m
  * [1m[34mlocalhost[0m                  - [0;32mchanged=False[0m --------------------------------------------------
    [0;32m✅ Self-Service Data Refresh Completed
    ====================================
    
    📊 Summary:
    • Source: qa2 → Destination: dev
    • Customer: qa2-services
    • Operation: full
    • Dry Run: True
    • Duration: 0 seconds
    
    🎯 Next Steps:
    • Verify application functionality
    • Check data integrity
    • Monitor system performance
    • Update documentation if needed
    [0m

[1m# STATS *******************************************************************************************************************[0m
[0;32mlocalhost    : ok=70	changed=0	failed=0	unreachable=0	rescued=0	ignored=0[0m
